{"../rg2/js/animation.js":{"b":{"1":[0,0],"2":[0,3],"3":[11,0],"4":[13,58],"5":[58,13],"6":[12,4],"7":[0,4],"8":[0,6],"9":[6,0],"10":[6,0],"11":[0,0],"12":[0,0],"13":[13,3],"14":[16,0],"15":[16,0],"16":[0,0],"17":[0,0],"18":[0,0],"19":[0,0],"20":[0,71],"21":[0,0],"22":[0,71],"23":[0,0],"24":[0,0],"25":[0,217],"26":[0,0],"27":[0,0],"28":[13,204],"29":[0,13],"30":[0,217],"31":[0,16],"32":[16,0],"33":[16,0],"34":[0,0],"35":[0,0],"36":[16,0],"37":[16,0],"38":[0,16],"39":[0,217],"40":[0,0],"41":[0,0],"42":[0,0],"43":[0,0],"44":[359,0],"45":[359,0],"46":[359,0]},"branchMap":{"1":{"line":45,"locations":[{"end":{"column":6,"line":45},"start":{"column":6,"line":45}},{"end":{"column":6,"line":45},"start":{"column":6,"line":45}}],"type":"if"},"2":{"line":57,"locations":[{"end":{"column":6,"line":57},"start":{"column":6,"line":57}},{"end":{"column":6,"line":57},"start":{"column":6,"line":57}}],"type":"if"},"3":{"line":63,"locations":[{"end":{"column":2,"line":63},"start":{"column":2,"line":63}},{"end":{"column":2,"line":63},"start":{"column":2,"line":63}}],"type":"if"},"4":{"line":70,"locations":[{"end":{"column":2,"line":70},"start":{"column":2,"line":70}},{"end":{"column":2,"line":70},"start":{"column":2,"line":70}}],"type":"if"},"5":{"line":91,"locations":[{"end":{"column":2,"line":91},"start":{"column":2,"line":91}},{"end":{"column":2,"line":91},"start":{"column":2,"line":91}}],"type":"if"},"6":{"line":116,"locations":[{"end":{"column":2,"line":116},"start":{"column":2,"line":116}},{"end":{"column":2,"line":116},"start":{"column":2,"line":116}}],"type":"if"},"7":{"line":120,"locations":[{"end":{"column":4,"line":120},"start":{"column":4,"line":120}},{"end":{"column":4,"line":120},"start":{"column":4,"line":120}}],"type":"if"},"8":{"line":141,"locations":[{"end":{"column":3,"line":141},"start":{"column":3,"line":141}},{"end":{"column":3,"line":141},"start":{"column":3,"line":141}}],"type":"if"},"9":{"line":178,"locations":[{"end":{"column":3,"line":178},"start":{"column":3,"line":178}},{"end":{"column":3,"line":178},"start":{"column":3,"line":178}}],"type":"if"},"10":{"line":183,"locations":[{"end":{"column":2,"line":183},"start":{"column":2,"line":183}},{"end":{"column":2,"line":183},"start":{"column":2,"line":183}}],"type":"if"},"11":{"line":189,"locations":[{"end":{"column":2,"line":189},"start":{"column":2,"line":189}},{"end":{"column":2,"line":189},"start":{"column":2,"line":189}}],"type":"if"},"12":{"line":201,"locations":[{"end":{"column":2,"line":201},"start":{"column":2,"line":201}},{"end":{"column":2,"line":201},"start":{"column":2,"line":201}}],"type":"if"},"13":{"line":213,"locations":[{"end":{"column":3,"line":213},"start":{"column":3,"line":213}},{"end":{"column":3,"line":213},"start":{"column":3,"line":213}}],"type":"if"},"14":{"line":216,"locations":[{"end":{"column":3,"line":216},"start":{"column":3,"line":216}},{"end":{"column":3,"line":216},"start":{"column":3,"line":216}}],"type":"if"},"15":{"line":219,"locations":[{"end":{"column":3,"line":219},"start":{"column":3,"line":219}},{"end":{"column":3,"line":219},"start":{"column":3,"line":219}}],"type":"if"},"16":{"line":237,"locations":[{"end":{"column":2,"line":237},"start":{"column":2,"line":237}},{"end":{"column":2,"line":237},"start":{"column":2,"line":237}}],"type":"if"},"17":{"line":253,"locations":[{"end":{"column":2,"line":253},"start":{"column":2,"line":253}},{"end":{"column":2,"line":253},"start":{"column":2,"line":253}}],"type":"if"},"18":{"line":270,"locations":[{"end":{"column":2,"line":270},"start":{"column":2,"line":270}},{"end":{"column":2,"line":270},"start":{"column":2,"line":270}}],"type":"if"},"19":{"line":274,"locations":[{"end":{"column":3,"line":274},"start":{"column":3,"line":274}},{"end":{"column":3,"line":274},"start":{"column":3,"line":274}}],"type":"if"},"20":{"line":289,"locations":[{"end":{"column":2,"line":289},"start":{"column":2,"line":289}},{"end":{"column":2,"line":289},"start":{"column":2,"line":289}}],"type":"if"},"21":{"line":292,"locations":[{"end":{"column":3,"line":292},"start":{"column":3,"line":292}},{"end":{"column":3,"line":292},"start":{"column":3,"line":292}}],"type":"if"},"22":{"line":301,"locations":[{"end":{"column":3,"line":301},"start":{"column":3,"line":301}},{"end":{"column":3,"line":301},"start":{"column":3,"line":301}}],"type":"if"},"23":{"line":316,"locations":[{"end":{"column":2,"line":316},"start":{"column":2,"line":316}},{"end":{"column":2,"line":316},"start":{"column":2,"line":316}}],"type":"if"},"24":{"line":317,"locations":[{"end":{"column":6,"line":317},"start":{"column":6,"line":317}},{"end":{"column":6,"line":317},"start":{"column":6,"line":317}}],"type":"if"},"25":{"line":335,"locations":[{"end":{"column":2,"line":335},"start":{"column":2,"line":335}},{"end":{"column":2,"line":335},"start":{"column":2,"line":335}}],"type":"if"},"26":{"line":336,"locations":[{"end":{"column":3,"line":336},"start":{"column":3,"line":336}},{"end":{"column":3,"line":336},"start":{"column":3,"line":336}}],"type":"if"},"27":{"line":337,"locations":[{"end":{"column":4,"line":337},"start":{"column":4,"line":337}},{"end":{"column":4,"line":337},"start":{"column":4,"line":337}}],"type":"if"},"28":{"line":342,"locations":[{"end":{"column":3,"line":342},"start":{"column":3,"line":342}},{"end":{"column":3,"line":342},"start":{"column":3,"line":342}}],"type":"if"},"29":{"line":343,"locations":[{"end":{"column":4,"line":343},"start":{"column":4,"line":343}},{"end":{"column":4,"line":343},"start":{"column":4,"line":343}}],"type":"if"},"30":{"line":357,"locations":[{"end":{"column":2,"line":357},"start":{"column":2,"line":357}},{"end":{"column":2,"line":357},"start":{"column":2,"line":357}}],"type":"if"},"31":{"line":365,"locations":[{"end":{"column":3,"line":365},"start":{"column":3,"line":365}},{"end":{"column":3,"line":365},"start":{"column":3,"line":365}}],"type":"if"},"32":{"line":368,"locations":[{"end":{"column":4,"line":368},"start":{"column":4,"line":368}},{"end":{"column":4,"line":368},"start":{"column":4,"line":368}}],"type":"if"},"33":{"line":368,"locations":[{"end":{"column":36,"line":368},"start":{"column":9,"line":368}},{"end":{"column":86,"line":368},"start":{"column":42,"line":368}}],"type":"binary-expr"},"34":{"line":384,"locations":[{"end":{"column":4,"line":384},"start":{"column":4,"line":384}},{"end":{"column":4,"line":384},"start":{"column":4,"line":384}}],"type":"if"},"35":{"line":384,"locations":[{"end":{"column":23,"line":384},"start":{"column":9,"line":384}},{"end":{"column":67,"line":384},"start":{"column":29,"line":384}}],"type":"binary-expr"},"36":{"line":391,"locations":[{"end":{"column":3,"line":391},"start":{"column":3,"line":391}},{"end":{"column":3,"line":391},"start":{"column":3,"line":391}}],"type":"if"},"37":{"line":398,"locations":[{"end":{"column":3,"line":398},"start":{"column":3,"line":398}},{"end":{"column":3,"line":398},"start":{"column":3,"line":398}}],"type":"if"},"38":{"line":403,"locations":[{"end":{"column":4,"line":403},"start":{"column":4,"line":403}},{"end":{"column":4,"line":403},"start":{"column":4,"line":403}}],"type":"if"},"39":{"line":411,"locations":[{"end":{"column":2,"line":411},"start":{"column":2,"line":411}},{"end":{"column":2,"line":411},"start":{"column":2,"line":411}}],"type":"if"},"40":{"line":424,"locations":[{"end":{"column":3,"line":424},"start":{"column":3,"line":424}},{"end":{"column":3,"line":424},"start":{"column":3,"line":424}}],"type":"if"},"41":{"line":429,"locations":[{"end":{"column":2,"line":429},"start":{"column":2,"line":429}},{"end":{"column":2,"line":429},"start":{"column":2,"line":429}}],"type":"if"},"42":{"line":434,"locations":[{"end":{"column":4,"line":434},"start":{"column":4,"line":434}},{"end":{"column":4,"line":434},"start":{"column":4,"line":434}}],"type":"if"},"43":{"line":446,"locations":[{"end":{"column":2,"line":446},"start":{"column":2,"line":446}},{"end":{"column":2,"line":446},"start":{"column":2,"line":446}}],"type":"if"},"44":{"line":459,"locations":[{"end":{"column":2,"line":459},"start":{"column":2,"line":459}},{"end":{"column":2,"line":459},"start":{"column":2,"line":459}}],"type":"if"},"45":{"line":466,"locations":[{"end":{"column":2,"line":466},"start":{"column":2,"line":466}},{"end":{"column":2,"line":466},"start":{"column":2,"line":466}}],"type":"if"},"46":{"line":472,"locations":[{"end":{"column":2,"line":472},"start":{"column":2,"line":472}},{"end":{"column":2,"line":472},"start":{"column":2,"line":472}}],"type":"if"}},"f":{"1":16,"2":27,"3":0,"4":11,"5":71,"6":0,"7":71,"8":16,"9":6,"10":0,"11":0,"12":71,"13":0,"14":0,"15":0,"16":0,"17":0,"18":0,"19":71,"20":0,"21":217,"22":0,"23":0,"24":0,"25":359},"fnMap":{"1":{"line":6,"loc":{"end":{"column":22,"line":6},"start":{"column":1,"line":6}},"name":"Animation"},"2":{"line":31,"loc":{"end":{"column":29,"line":31},"start":{"column":18,"line":31}},"name":"(anonymous_2)"},"3":{"line":42,"loc":{"end":{"column":53,"line":42},"start":{"column":18,"line":42}},"name":"(anonymous_3)"},"4":{"line":54,"loc":{"end":{"column":45,"line":54},"start":{"column":13,"line":54}},"name":"(anonymous_4)"},"5":{"line":68,"loc":{"end":{"column":37,"line":68},"start":{"column":26,"line":68}},"name":"(anonymous_5)"},"6":{"line":84,"loc":{"end":{"column":35,"line":84},"start":{"column":20,"line":84}},"name":"(anonymous_6)"},"7":{"line":89,"loc":{"end":{"column":32,"line":89},"start":{"column":21,"line":89}},"name":"(anonymous_7)"},"8":{"line":100,"loc":{"end":{"column":29,"line":100},"start":{"column":18,"line":100}},"name":"(anonymous_8)"},"9":{"line":176,"loc":{"end":{"column":50,"line":176},"start":{"column":16,"line":176}},"name":"(anonymous_9)"},"10":{"line":188,"loc":{"end":{"column":30,"line":188},"start":{"column":19,"line":188}},"name":"(anonymous_10)"},"11":{"line":200,"loc":{"end":{"column":29,"line":200},"start":{"column":18,"line":200}},"name":"(anonymous_11)"},"12":{"line":206,"loc":{"end":{"column":38,"line":206},"start":{"column":27,"line":206}},"name":"(anonymous_12)"},"13":{"line":226,"loc":{"end":{"column":28,"line":226},"start":{"column":17,"line":226}},"name":"(anonymous_13)"},"14":{"line":232,"loc":{"end":{"column":27,"line":232},"start":{"column":16,"line":232}},"name":"(anonymous_14)"},"15":{"line":236,"loc":{"end":{"column":36,"line":236},"start":{"column":16,"line":236}},"name":"(anonymous_15)"},"16":{"line":245,"loc":{"end":{"column":35,"line":245},"start":{"column":17,"line":245}},"name":"(anonymous_16)"},"17":{"line":250,"loc":{"end":{"column":37,"line":250},"start":{"column":19,"line":250}},"name":"(anonymous_17)"},"18":{"line":269,"loc":{"end":{"column":32,"line":269},"start":{"column":17,"line":269}},"name":"(anonymous_18)"},"19":{"line":287,"loc":{"end":{"column":37,"line":287},"start":{"column":22,"line":287}},"name":"(anonymous_19)"},"20":{"line":314,"loc":{"end":{"column":32,"line":314},"start":{"column":21,"line":314}},"name":"(anonymous_20)"},"21":{"line":332,"loc":{"end":{"column":36,"line":332},"start":{"column":16,"line":332}},"name":"(anonymous_21)"},"22":{"line":417,"loc":{"end":{"column":45,"line":417},"start":{"column":23,"line":417}},"name":"(anonymous_22)"},"23":{"line":445,"loc":{"end":{"column":23,"line":445},"start":{"column":12,"line":445}},"name":"(anonymous_23)"},"24":{"line":451,"loc":{"end":{"column":23,"line":451},"start":{"column":12,"line":451}},"name":"(anonymous_24)"},"25":{"line":456,"loc":{"end":{"column":37,"line":456},"start":{"column":22,"line":456}},"name":"(anonymous_25)"}},"path":"../rg2/js/animation.js","s":{"1":16,"2":16,"3":16,"4":16,"5":16,"6":16,"7":16,"8":16,"9":16,"10":16,"11":16,"12":16,"13":16,"14":16,"15":16,"16":16,"17":27,"18":27,"19":27,"20":27,"21":27,"22":27,"23":0,"24":0,"25":0,"26":0,"27":0,"28":0,"29":11,"30":11,"31":3,"32":0,"33":11,"34":11,"35":11,"36":71,"37":71,"38":13,"39":13,"40":13,"41":13,"42":58,"43":58,"44":71,"45":71,"46":0,"47":0,"48":71,"49":71,"50":58,"51":13,"52":16,"53":13,"54":16,"55":16,"56":16,"57":16,"58":16,"59":16,"60":16,"61":16,"62":16,"63":16,"64":16,"65":16,"66":16,"67":16,"68":16,"69":12,"70":4,"71":0,"72":0,"73":0,"74":0,"75":0,"76":0,"77":0,"78":0,"79":0,"80":0,"81":4,"82":4,"83":4,"84":4,"85":4,"86":4,"87":6,"88":0,"89":4,"90":4,"91":4,"92":0,"93":4,"94":4,"95":6,"96":6,"97":6,"98":6,"99":0,"100":0,"101":0,"102":6,"103":6,"104":0,"105":6,"106":6,"107":0,"108":4,"109":4,"110":6,"111":6,"112":6,"113":6,"114":6,"115":0,"116":0,"117":0,"118":0,"119":0,"120":0,"121":0,"122":0,"123":0,"124":71,"125":71,"126":71,"127":71,"128":16,"129":13,"130":16,"131":16,"132":16,"133":16,"134":71,"135":0,"136":0,"137":0,"138":0,"139":0,"140":0,"141":0,"142":0,"143":0,"144":0,"145":0,"146":0,"147":0,"148":0,"149":0,"150":0,"151":0,"152":0,"153":0,"154":0,"155":0,"156":0,"157":0,"158":0,"159":0,"160":0,"161":0,"162":0,"163":0,"164":0,"165":0,"166":71,"167":0,"168":0,"169":0,"170":0,"171":0,"172":0,"173":71,"174":0,"175":71,"176":71,"177":71,"178":71,"179":71,"180":71,"181":0,"182":0,"183":0,"184":0,"185":0,"186":0,"187":0,"188":0,"189":0,"190":0,"191":0,"192":217,"193":217,"194":0,"195":0,"196":0,"197":217,"198":13,"199":0,"200":217,"201":217,"202":217,"203":217,"204":217,"205":217,"206":217,"207":217,"208":217,"209":217,"210":0,"211":217,"212":217,"213":16,"214":16,"215":0,"216":16,"217":16,"218":0,"219":16,"220":16,"221":16,"222":16,"223":16,"224":0,"225":0,"226":16,"227":16,"228":16,"229":16,"230":16,"231":0,"232":16,"233":16,"234":16,"235":16,"236":16,"237":16,"238":16,"239":16,"240":0,"241":16,"242":16,"243":217,"244":0,"245":0,"246":0,"247":0,"248":0,"249":0,"250":0,"251":0,"252":0,"253":0,"254":0,"255":0,"256":0,"257":0,"258":0,"259":0,"260":0,"261":0,"262":0,"263":359,"264":359,"265":359,"266":359,"267":0,"268":359,"269":359,"270":359,"271":359,"272":0,"273":359,"274":359,"275":359,"276":0,"277":359},"statementMap":{"1":{"end":{"column":1,"line":26},"start":{"column":1,"line":6}},"2":{"end":{"column":19,"line":8},"start":{"column":1,"line":8}},"3":{"end":{"column":19,"line":9},"start":{"column":1,"line":9}},"4":{"end":{"column":24,"line":10},"start":{"column":1,"line":10}},"5":{"end":{"column":20,"line":11},"start":{"column":1,"line":11}},"6":{"end":{"column":26,"line":13},"start":{"column":1,"line":13}},"7":{"end":{"column":23,"line":15},"start":{"column":1,"line":15}},"8":{"end":{"column":28,"line":16},"start":{"column":1,"line":16}},"9":{"end":{"column":27,"line":17},"start":{"column":1,"line":17}},"10":{"end":{"column":21,"line":18},"start":{"column":1,"line":18}},"11":{"end":{"column":27,"line":19},"start":{"column":1,"line":19}},"12":{"end":{"column":27,"line":21},"start":{"column":1,"line":21}},"13":{"end":{"column":33,"line":23},"start":{"column":1,"line":23}},"14":{"end":{"column":26,"line":24},"start":{"column":1,"line":24}},"15":{"end":{"column":30,"line":25},"start":{"column":1,"line":25}},"16":{"end":{"column":2,"line":479},"start":{"column":0,"line":28}},"17":{"end":{"column":26,"line":32},"start":{"column":2,"line":32}},"18":{"end":{"column":28,"line":33},"start":{"column":2,"line":33}},"19":{"end":{"column":20,"line":34},"start":{"column":2,"line":34}},"20":{"end":{"column":32,"line":35},"start":{"column":2,"line":35}},"21":{"end":{"column":67,"line":36},"start":{"column":2,"line":36}},"22":{"end":{"column":51,"line":37},"start":{"column":2,"line":37}},"23":{"end":{"column":10,"line":43},"start":{"column":4,"line":43}},"24":{"end":{"column":5,"line":50},"start":{"column":4,"line":44}},"25":{"end":{"column":7,"line":49},"start":{"column":6,"line":45}},"26":{"end":{"column":60,"line":46},"start":{"column":8,"line":46}},"27":{"end":{"column":51,"line":48},"start":{"column":8,"line":48}},"28":{"end":{"column":34,"line":51},"start":{"column":4,"line":51}},"29":{"end":{"column":8,"line":55},"start":{"column":2,"line":55}},"30":{"end":{"column":3,"line":61},"start":{"column":2,"line":56}},"31":{"end":{"column":7,"line":60},"start":{"column":6,"line":57}},"32":{"end":{"column":13,"line":59},"start":{"column":6,"line":59}},"33":{"end":{"column":28,"line":62},"start":{"column":2,"line":62}},"34":{"end":{"column":3,"line":65},"start":{"column":2,"line":63}},"35":{"end":{"column":36,"line":64},"start":{"column":6,"line":64}},"36":{"end":{"column":38,"line":69},"start":{"column":2,"line":69}},"37":{"end":{"column":3,"line":78},"start":{"column":2,"line":70}},"38":{"end":{"column":33,"line":71},"start":{"column":3,"line":71}},"39":{"end":{"column":38,"line":72},"start":{"column":3,"line":72}},"40":{"end":{"column":32,"line":73},"start":{"column":3,"line":73}},"41":{"end":{"column":39,"line":74},"start":{"column":3,"line":74}},"42":{"end":{"column":32,"line":76},"start":{"column":3,"line":76}},"43":{"end":{"column":42,"line":77},"start":{"column":6,"line":77}},"44":{"end":{"column":33,"line":79},"start":{"column":2,"line":79}},"45":{"end":{"column":68,"line":80},"start":{"column":2,"line":80}},"46":{"end":{"column":32,"line":85},"start":{"column":2,"line":85}},"47":{"end":{"column":20,"line":86},"start":{"column":2,"line":86}},"48":{"end":{"column":16,"line":90},"start":{"column":2,"line":90}},"49":{"end":{"column":3,"line":93},"start":{"column":2,"line":91}},"50":{"end":{"column":15,"line":92},"start":{"column":3,"line":92}},"51":{"end":{"column":3,"line":96},"start":{"column":2,"line":94}},"52":{"end":{"column":130,"line":95},"start":{"column":3,"line":95}},"53":{"end":{"column":14,"line":97},"start":{"column":2,"line":97}},"54":{"end":{"column":11,"line":101},"start":{"column":2,"line":101}},"55":{"end":{"column":8,"line":102},"start":{"column":2,"line":102}},"56":{"end":{"column":8,"line":103},"start":{"column":2,"line":103}},"57":{"end":{"column":10,"line":104},"start":{"column":2,"line":104}},"58":{"end":{"column":21,"line":105},"start":{"column":2,"line":105}},"59":{"end":{"column":11,"line":106},"start":{"column":2,"line":106}},"60":{"end":{"column":13,"line":107},"start":{"column":2,"line":107}},"61":{"end":{"column":13,"line":108},"start":{"column":2,"line":108}},"62":{"end":{"column":12,"line":109},"start":{"column":2,"line":109}},"63":{"end":{"column":8,"line":110},"start":{"column":2,"line":110}},"64":{"end":{"column":11,"line":111},"start":{"column":2,"line":111}},"65":{"end":{"column":11,"line":112},"start":{"column":2,"line":112}},"66":{"end":{"column":11,"line":113},"start":{"column":2,"line":113}},"67":{"end":{"column":11,"line":114},"start":{"column":2,"line":114}},"68":{"end":{"column":3,"line":118},"start":{"column":2,"line":116}},"69":{"end":{"column":50,"line":117},"start":{"column":3,"line":117}},"70":{"end":{"column":5,"line":134},"start":{"column":4,"line":120}},"71":{"end":{"column":30,"line":121},"start":{"column":6,"line":121}},"72":{"end":{"column":75,"line":122},"start":{"column":6,"line":122}},"73":{"end":{"column":29,"line":123},"start":{"column":6,"line":123}},"74":{"end":{"column":17,"line":124},"start":{"column":6,"line":124}},"75":{"end":{"column":17,"line":125},"start":{"column":6,"line":125}},"76":{"end":{"column":60,"line":126},"start":{"column":6,"line":126}},"77":{"end":{"column":60,"line":127},"start":{"column":6,"line":127}},"78":{"end":{"column":61,"line":128},"start":{"column":6,"line":128}},"79":{"end":{"column":39,"line":129},"start":{"column":6,"line":129}},"80":{"end":{"column":23,"line":130},"start":{"column":6,"line":130}},"81":{"end":{"column":25,"line":132},"start":{"column":6,"line":132}},"82":{"end":{"column":23,"line":133},"start":{"column":6,"line":133}},"83":{"end":{"column":22,"line":136},"start":{"column":2,"line":136}},"84":{"end":{"column":20,"line":137},"start":{"column":2,"line":137}},"85":{"end":{"column":26,"line":138},"start":{"column":2,"line":138}},"86":{"end":{"column":3,"line":144},"start":{"column":2,"line":140}},"87":{"end":{"column":4,"line":143},"start":{"column":3,"line":141}},"88":{"end":{"column":48,"line":142},"start":{"column":4,"line":142}},"89":{"end":{"column":19,"line":146},"start":{"column":2,"line":146}},"90":{"end":{"column":71,"line":148},"start":{"column":2,"line":148}},"91":{"end":{"column":3,"line":151},"start":{"column":2,"line":149}},"92":{"end":{"column":32,"line":150},"start":{"column":3,"line":150}},"93":{"end":{"column":28,"line":152},"start":{"column":2,"line":152}},"94":{"end":{"column":3,"line":171},"start":{"column":2,"line":153}},"95":{"end":{"column":25,"line":154},"start":{"column":3,"line":154}},"96":{"end":{"column":23,"line":155},"start":{"column":3,"line":155}},"97":{"end":{"column":97,"line":156},"start":{"column":3,"line":156}},"98":{"end":{"column":4,"line":161},"start":{"column":3,"line":157}},"99":{"end":{"column":67,"line":158},"start":{"column":4,"line":158}},"100":{"end":{"column":50,"line":159},"start":{"column":4,"line":159}},"101":{"end":{"column":36,"line":160},"start":{"column":4,"line":160}},"102":{"end":{"column":64,"line":162},"start":{"column":3,"line":162}},"103":{"end":{"column":4,"line":165},"start":{"column":3,"line":163}},"104":{"end":{"column":65,"line":164},"start":{"column":4,"line":164}},"105":{"end":{"column":186,"line":166},"start":{"column":3,"line":166}},"106":{"end":{"column":4,"line":169},"start":{"column":3,"line":167}},"107":{"end":{"column":84,"line":168},"start":{"column":4,"line":168}},"108":{"end":{"column":26,"line":172},"start":{"column":2,"line":172}},"109":{"end":{"column":14,"line":173},"start":{"column":2,"line":173}},"110":{"end":{"column":3,"line":182},"start":{"column":2,"line":177}},"111":{"end":{"column":4,"line":181},"start":{"column":3,"line":178}},"112":{"end":{"column":30,"line":180},"start":{"column":4,"line":180}},"113":{"end":{"column":3,"line":185},"start":{"column":2,"line":183}},"114":{"end":{"column":36,"line":184},"start":{"column":6,"line":184}},"115":{"end":{"column":3,"line":197},"start":{"column":2,"line":189}},"116":{"end":{"column":25,"line":190},"start":{"column":3,"line":190}},"117":{"end":{"column":68,"line":191},"start":{"column":3,"line":191}},"118":{"end":{"column":54,"line":192},"start":{"column":3,"line":192}},"119":{"end":{"column":24,"line":194},"start":{"column":3,"line":194}},"120":{"end":{"column":68,"line":195},"start":{"column":3,"line":195}},"121":{"end":{"column":52,"line":196},"start":{"column":3,"line":196}},"122":{"end":{"column":3,"line":203},"start":{"column":2,"line":201}},"123":{"end":{"column":78,"line":202},"start":{"column":3,"line":202}},"124":{"end":{"column":33,"line":209},"start":{"column":2,"line":209}},"125":{"end":{"column":28,"line":210},"start":{"column":2,"line":210}},"126":{"end":{"column":27,"line":211},"start":{"column":2,"line":211}},"127":{"end":{"column":3,"line":222},"start":{"column":2,"line":212}},"128":{"end":{"column":4,"line":215},"start":{"column":3,"line":213}},"129":{"end":{"column":55,"line":214},"start":{"column":4,"line":214}},"130":{"end":{"column":4,"line":218},"start":{"column":3,"line":216}},"131":{"end":{"column":81,"line":217},"start":{"column":4,"line":217}},"132":{"end":{"column":4,"line":221},"start":{"column":3,"line":219}},"133":{"end":{"column":52,"line":220},"start":{"column":4,"line":220}},"134":{"end":{"column":29,"line":223},"start":{"column":2,"line":223}},"135":{"end":{"column":28,"line":227},"start":{"column":2,"line":227}},"136":{"end":{"column":20,"line":228},"start":{"column":2,"line":228}},"137":{"end":{"column":19,"line":233},"start":{"column":2,"line":233}},"138":{"end":{"column":3,"line":241},"start":{"column":2,"line":237}},"139":{"end":{"column":28,"line":238},"start":{"column":3,"line":238}},"140":{"end":{"column":29,"line":240},"start":{"column":3,"line":240}},"141":{"end":{"column":20,"line":242},"start":{"column":2,"line":242}},"142":{"end":{"column":33,"line":246},"start":{"column":2,"line":246}},"143":{"end":{"column":20,"line":247},"start":{"column":2,"line":247}},"144":{"end":{"column":8,"line":251},"start":{"column":2,"line":251}},"145":{"end":{"column":48,"line":252},"start":{"column":2,"line":252}},"146":{"end":{"column":3,"line":265},"start":{"column":2,"line":253}},"147":{"end":{"column":29,"line":254},"start":{"column":3,"line":254}},"148":{"end":{"column":34,"line":255},"start":{"column":3,"line":255}},"149":{"end":{"column":4,"line":259},"start":{"column":3,"line":257}},"150":{"end":{"column":61,"line":258},"start":{"column":4,"line":258}},"151":{"end":{"column":35,"line":261},"start":{"column":3,"line":261}},"152":{"end":{"column":4,"line":264},"start":{"column":3,"line":262}},"153":{"end":{"column":69,"line":263},"start":{"column":4,"line":263}},"154":{"end":{"column":29,"line":266},"start":{"column":2,"line":266}},"155":{"end":{"column":3,"line":282},"start":{"column":2,"line":270}},"156":{"end":{"column":25,"line":271},"start":{"column":3,"line":271}},"157":{"end":{"column":43,"line":272},"start":{"column":3,"line":272}},"158":{"end":{"column":45,"line":273},"start":{"column":3,"line":273}},"159":{"end":{"column":4,"line":276},"start":{"column":3,"line":274}},"160":{"end":{"column":53,"line":275},"start":{"column":4,"line":275}},"161":{"end":{"column":24,"line":278},"start":{"column":3,"line":278}},"162":{"end":{"column":46,"line":279},"start":{"column":3,"line":279}},"163":{"end":{"column":42,"line":280},"start":{"column":3,"line":280}},"164":{"end":{"column":51,"line":281},"start":{"column":3,"line":281}},"165":{"end":{"column":29,"line":284},"start":{"column":2,"line":284}},"166":{"end":{"column":3,"line":309},"start":{"column":2,"line":289}},"167":{"end":{"column":4,"line":296},"start":{"column":3,"line":292}},"168":{"end":{"column":30,"line":293},"start":{"column":4,"line":293}},"169":{"end":{"column":48,"line":295},"start":{"column":4,"line":295}},"170":{"end":{"column":43,"line":297},"start":{"column":3,"line":297}},"171":{"end":{"column":73,"line":298},"start":{"column":3,"line":298}},"172":{"end":{"column":74,"line":299},"start":{"column":3,"line":299}},"173":{"end":{"column":4,"line":305},"start":{"column":3,"line":301}},"174":{"end":{"column":30,"line":302},"start":{"column":4,"line":302}},"175":{"end":{"column":27,"line":304},"start":{"column":4,"line":304}},"176":{"end":{"column":22,"line":306},"start":{"column":3,"line":306}},"177":{"end":{"column":72,"line":307},"start":{"column":3,"line":307}},"178":{"end":{"column":53,"line":308},"start":{"column":3,"line":308}},"179":{"end":{"column":61,"line":310},"start":{"column":2,"line":310}},"180":{"end":{"column":68,"line":311},"start":{"column":2,"line":311}},"181":{"end":{"column":17,"line":315},"start":{"column":2,"line":315}},"182":{"end":{"column":3,"line":328},"start":{"column":2,"line":316}},"183":{"end":{"column":7,"line":324},"start":{"column":6,"line":317}},"184":{"end":{"column":34,"line":318},"start":{"column":8,"line":318}},"185":{"end":{"column":37,"line":319},"start":{"column":8,"line":319}},"186":{"end":{"column":29,"line":320},"start":{"column":8,"line":320}},"187":{"end":{"column":36,"line":322},"start":{"column":8,"line":322}},"188":{"end":{"column":29,"line":323},"start":{"column":8,"line":323}},"189":{"end":{"column":31,"line":326},"start":{"column":6,"line":326}},"190":{"end":{"column":27,"line":327},"start":{"column":3,"line":327}},"191":{"end":{"column":55,"line":329},"start":{"column":4,"line":329}},"192":{"end":{"column":13,"line":333},"start":{"column":4,"line":333}},"193":{"end":{"column":3,"line":347},"start":{"column":2,"line":335}},"194":{"end":{"column":4,"line":340},"start":{"column":3,"line":336}},"195":{"end":{"column":5,"line":339},"start":{"column":4,"line":337}},"196":{"end":{"column":42,"line":338},"start":{"column":5,"line":338}},"197":{"end":{"column":4,"line":346},"start":{"column":3,"line":342}},"198":{"end":{"column":5,"line":345},"start":{"column":4,"line":343}},"199":{"end":{"column":42,"line":344},"start":{"column":5,"line":344}},"200":{"end":{"column":61,"line":348},"start":{"column":2,"line":348}},"201":{"end":{"column":68,"line":349},"start":{"column":2,"line":349}},"202":{"end":{"column":42,"line":350},"start":{"column":2,"line":350}},"203":{"end":{"column":28,"line":351},"start":{"column":2,"line":351}},"204":{"end":{"column":13,"line":352},"start":{"column":2,"line":352}},"205":{"end":{"column":17,"line":353},"start":{"column":2,"line":353}},"206":{"end":{"column":8,"line":354},"start":{"column":2,"line":354}},"207":{"end":{"column":8,"line":355},"start":{"column":2,"line":355}},"208":{"end":{"column":24,"line":356},"start":{"column":2,"line":356}},"209":{"end":{"column":3,"line":361},"start":{"column":2,"line":357}},"210":{"end":{"column":42,"line":358},"start":{"column":3,"line":358}},"211":{"end":{"column":90,"line":360},"start":{"column":3,"line":360}},"212":{"end":{"column":3,"line":410},"start":{"column":2,"line":363}},"213":{"end":{"column":28,"line":364},"start":{"column":3,"line":364}},"214":{"end":{"column":4,"line":375},"start":{"column":3,"line":365}},"215":{"end":{"column":34,"line":366},"start":{"column":4,"line":366}},"216":{"end":{"column":5,"line":374},"start":{"column":4,"line":368}},"217":{"end":{"column":20,"line":370},"start":{"column":5,"line":370}},"218":{"end":{"column":60,"line":373},"start":{"column":5,"line":373}},"219":{"end":{"column":39,"line":376},"start":{"column":3,"line":376}},"220":{"end":{"column":49,"line":377},"start":{"column":3,"line":377}},"221":{"end":{"column":23,"line":378},"start":{"column":3,"line":378}},"222":{"end":{"column":102,"line":379},"start":{"column":3,"line":379}},"223":{"end":{"column":4,"line":387},"start":{"column":3,"line":383}},"224":{"end":{"column":5,"line":386},"start":{"column":4,"line":384}},"225":{"end":{"column":72,"line":385},"start":{"column":5,"line":385}},"226":{"end":{"column":20,"line":388},"start":{"column":3,"line":388}},"227":{"end":{"column":37,"line":389},"start":{"column":3,"line":389}},"228":{"end":{"column":23,"line":390},"start":{"column":3,"line":390}},"229":{"end":{"column":4,"line":395},"start":{"column":3,"line":391}},"230":{"end":{"column":23,"line":392},"start":{"column":4,"line":392}},"231":{"end":{"column":28,"line":394},"start":{"column":4,"line":394}},"232":{"end":{"column":131,"line":396},"start":{"column":3,"line":396}},"233":{"end":{"column":18,"line":397},"start":{"column":3,"line":397}},"234":{"end":{"column":4,"line":409},"start":{"column":3,"line":398}},"235":{"end":{"column":32,"line":399},"start":{"column":4,"line":399}},"236":{"end":{"column":56,"line":400},"start":{"column":4,"line":400}},"237":{"end":{"column":52,"line":401},"start":{"column":4,"line":401}},"238":{"end":{"column":31,"line":402},"start":{"column":4,"line":402}},"239":{"end":{"column":5,"line":407},"start":{"column":4,"line":403}},"240":{"end":{"column":33,"line":404},"start":{"column":10,"line":404}},"241":{"end":{"column":29,"line":406},"start":{"column":10,"line":406}},"242":{"end":{"column":62,"line":408},"start":{"column":4,"line":408}},"243":{"end":{"column":3,"line":413},"start":{"column":2,"line":411}},"244":{"end":{"column":48,"line":412},"start":{"column":3,"line":412}},"245":{"end":{"column":26,"line":418},"start":{"column":2,"line":418}},"246":{"end":{"column":8,"line":419},"start":{"column":2,"line":419}},"247":{"end":{"column":14,"line":420},"start":{"column":2,"line":420}},"248":{"end":{"column":3,"line":428},"start":{"column":2,"line":422}},"249":{"end":{"column":111,"line":423},"start":{"column":3,"line":423}},"250":{"end":{"column":4,"line":427},"start":{"column":3,"line":424}},"251":{"end":{"column":25,"line":425},"start":{"column":4,"line":425}},"252":{"end":{"column":10,"line":426},"start":{"column":4,"line":426}},"253":{"end":{"column":3,"line":442},"start":{"column":2,"line":429}},"254":{"end":{"column":30,"line":431},"start":{"column":3,"line":431}},"255":{"end":{"column":4,"line":440},"start":{"column":3,"line":433}},"256":{"end":{"column":5,"line":439},"start":{"column":4,"line":434}},"257":{"end":{"column":86,"line":436},"start":{"column":5,"line":436}},"258":{"end":{"column":70,"line":438},"start":{"column":5,"line":438}},"259":{"end":{"column":30,"line":441},"start":{"column":3,"line":441}},"260":{"end":{"column":3,"line":448},"start":{"column":2,"line":446}},"261":{"end":{"column":23,"line":447},"start":{"column":3,"line":447}},"262":{"end":{"column":22,"line":452},"start":{"column":2,"line":452}},"263":{"end":{"column":38,"line":457},"start":{"column":2,"line":457}},"264":{"end":{"column":20,"line":458},"start":{"column":2,"line":458}},"265":{"end":{"column":3,"line":463},"start":{"column":2,"line":459}},"266":{"end":{"column":37,"line":460},"start":{"column":3,"line":460}},"267":{"end":{"column":31,"line":462},"start":{"column":3,"line":462}},"268":{"end":{"column":31,"line":464},"start":{"column":2,"line":464}},"269":{"end":{"column":38,"line":465},"start":{"column":2,"line":465}},"270":{"end":{"column":3,"line":470},"start":{"column":2,"line":466}},"271":{"end":{"column":34,"line":467},"start":{"column":3,"line":467}},"272":{"end":{"column":28,"line":469},"start":{"column":3,"line":469}},"273":{"end":{"column":38,"line":471},"start":{"column":2,"line":471}},"274":{"end":{"column":3,"line":476},"start":{"column":2,"line":472}},"275":{"end":{"column":35,"line":473},"start":{"column":3,"line":473}},"276":{"end":{"column":34,"line":475},"start":{"column":3,"line":475}},"277":{"end":{"column":23,"line":477},"start":{"column":2,"line":477}}},"l":{"6":16,"8":16,"9":16,"10":16,"11":16,"13":16,"15":16,"16":16,"17":16,"18":16,"19":16,"21":16,"23":16,"24":16,"25":16,"28":16,"32":27,"33":27,"34":27,"35":27,"36":27,"37":27,"43":0,"44":0,"45":0,"46":0,"48":0,"51":0,"55":11,"56":11,"57":3,"59":0,"62":11,"63":11,"64":11,"69":71,"70":71,"71":13,"72":13,"73":13,"74":13,"76":58,"77":58,"79":71,"80":71,"85":0,"86":0,"90":71,"91":71,"92":58,"94":13,"95":16,"97":13,"101":16,"102":16,"103":16,"104":16,"105":16,"106":16,"107":16,"108":16,"109":16,"110":16,"111":16,"112":16,"113":16,"114":16,"116":16,"117":12,"120":4,"121":0,"122":0,"123":0,"124":0,"125":0,"126":0,"127":0,"128":0,"129":0,"130":0,"132":4,"133":4,"136":4,"137":4,"138":4,"140":4,"141":6,"142":0,"146":4,"148":4,"149":4,"150":0,"152":4,"153":4,"154":6,"155":6,"156":6,"157":6,"158":0,"159":0,"160":0,"162":6,"163":6,"164":0,"166":6,"167":6,"168":0,"172":4,"173":4,"177":6,"178":6,"180":6,"183":6,"184":6,"189":0,"190":0,"191":0,"192":0,"194":0,"195":0,"196":0,"201":0,"202":0,"209":71,"210":71,"211":71,"212":71,"213":16,"214":13,"216":16,"217":16,"219":16,"220":16,"223":71,"227":0,"228":0,"233":0,"237":0,"238":0,"240":0,"242":0,"246":0,"247":0,"251":0,"252":0,"253":0,"254":0,"255":0,"257":0,"258":0,"261":0,"262":0,"263":0,"266":0,"270":0,"271":0,"272":0,"273":0,"274":0,"275":0,"278":0,"279":0,"280":0,"281":0,"284":0,"289":71,"292":0,"293":0,"295":0,"297":0,"298":0,"299":0,"301":71,"302":0,"304":71,"306":71,"307":71,"308":71,"310":71,"311":71,"315":0,"316":0,"317":0,"318":0,"319":0,"320":0,"322":0,"323":0,"326":0,"327":0,"329":0,"333":217,"335":217,"336":0,"337":0,"338":0,"342":217,"343":13,"344":0,"348":217,"349":217,"350":217,"351":217,"352":217,"353":217,"354":217,"355":217,"356":217,"357":217,"358":0,"360":217,"363":217,"364":16,"365":16,"366":0,"368":16,"370":16,"373":0,"376":16,"377":16,"378":16,"379":16,"383":16,"384":0,"385":0,"388":16,"389":16,"390":16,"391":16,"392":16,"394":0,"396":16,"397":16,"398":16,"399":16,"400":16,"401":16,"402":16,"403":16,"404":0,"406":16,"408":16,"411":217,"412":0,"418":0,"419":0,"420":0,"422":0,"423":0,"424":0,"425":0,"426":0,"429":0,"431":0,"433":0,"434":0,"436":0,"438":0,"441":0,"446":0,"447":0,"452":0,"457":359,"458":359,"459":359,"460":359,"462":0,"464":359,"465":359,"466":359,"467":359,"469":0,"471":359,"472":359,"473":359,"475":0,"477":359}},"../rg2/js/controls.js":{"b":{"1":[0,15883],"2":[1046,0],"3":[0,217],"4":[0,0],"5":[0,0],"6":[0,0],"7":[0,0],"8":[900,0],"9":[0,900],"10":[900,0],"11":[0,0]},"branchMap":{"1":{"line":14,"locations":[{"end":{"column":3,"line":14},"start":{"column":3,"line":14}},{"end":{"column":3,"line":14},"start":{"column":3,"line":14}}],"type":"if"},"2":{"line":19,"locations":[{"end":{"column":2,"line":19},"start":{"column":2,"line":19}},{"end":{"column":2,"line":19},"start":{"column":2,"line":19}}],"type":"if"},"3":{"line":29,"locations":[{"end":{"column":2,"line":29},"start":{"column":2,"line":29}},{"end":{"column":2,"line":29},"start":{"column":2,"line":29}}],"type":"if"},"4":{"line":39,"locations":[{"end":{"column":4,"line":39},"start":{"column":4,"line":39}},{"end":{"column":4,"line":39},"start":{"column":4,"line":39}}],"type":"if"},"5":{"line":39,"locations":[{"end":{"column":49,"line":39},"start":{"column":9,"line":39}},{"end":{"column":95,"line":39},"start":{"column":55,"line":39}}],"type":"binary-expr"},"6":{"line":43,"locations":[{"end":{"column":5,"line":43},"start":{"column":5,"line":43}},{"end":{"column":5,"line":43},"start":{"column":5,"line":43}}],"type":"if"},"7":{"line":48,"locations":[{"end":{"column":6,"line":48},"start":{"column":6,"line":48}},{"end":{"column":6,"line":48},"start":{"column":6,"line":48}}],"type":"if"},"8":{"line":78,"locations":[{"end":{"column":2,"line":78},"start":{"column":2,"line":78}},{"end":{"column":2,"line":78},"start":{"column":2,"line":78}}],"type":"if"},"9":{"line":85,"locations":[{"end":{"column":2,"line":85},"start":{"column":2,"line":85}},{"end":{"column":2,"line":85},"start":{"column":2,"line":85}}],"type":"if"},"10":{"line":85,"locations":[{"end":{"column":29,"line":85},"start":{"column":7,"line":85}},{"end":{"column":59,"line":85},"start":{"column":35,"line":85}}],"type":"binary-expr"},"11":{"line":193,"locations":[{"end":{"column":2,"line":193},"start":{"column":2,"line":193}},{"end":{"column":2,"line":193},"start":{"column":2,"line":193}}],"type":"if"}},"f":{"1":16,"2":1046,"3":43,"4":217,"5":900,"6":38,"7":38,"8":0,"9":0,"10":1046},"fnMap":{"1":{"line":3,"loc":{"end":{"column":20,"line":3},"start":{"column":0,"line":3}},"name":"Controls"},"2":{"line":11,"loc":{"end":{"column":35,"line":11},"start":{"column":14,"line":11}},"name":"(anonymous_2)"},"3":{"line":24,"loc":{"end":{"column":32,"line":24},"start":{"column":21,"line":24}},"name":"(anonymous_3)"},"4":{"line":28,"loc":{"end":{"column":34,"line":28},"start":{"column":16,"line":28}},"name":"(anonymous_4)"},"5":{"line":57,"loc":{"end":{"column":54,"line":57},"start":{"column":21,"line":57}},"name":"(anonymous_5)"},"6":{"line":104,"loc":{"end":{"column":40,"line":104},"start":{"column":14,"line":104}},"name":"(anonymous_6)"},"7":{"line":136,"loc":{"end":{"column":56,"line":136},"start":{"column":13,"line":136}},"name":"(anonymous_7)"},"8":{"line":192,"loc":{"end":{"column":35,"line":192},"start":{"column":24,"line":192}},"name":"(anonymous_8)"},"9":{"line":203,"loc":{"end":{"column":32,"line":203},"start":{"column":21,"line":203}},"name":"(anonymous_9)"},"10":{"line":208,"loc":{"end":{"column":29,"line":208},"start":{"column":0,"line":208}},"name":"Control"}},"path":"../rg2/js/controls.js","s":{"1":16,"2":16,"3":16,"4":16,"5":1046,"6":1046,"7":15883,"8":0,"9":0,"10":1046,"11":1046,"12":43,"13":217,"14":0,"15":0,"16":0,"17":0,"18":0,"19":0,"20":0,"21":0,"22":0,"23":0,"24":0,"25":0,"26":0,"27":0,"28":900,"29":900,"30":900,"31":900,"32":900,"33":900,"34":900,"35":900,"36":900,"37":900,"38":900,"39":900,"40":900,"41":900,"42":900,"43":900,"44":900,"45":900,"46":900,"47":0,"48":900,"49":0,"50":900,"51":900,"52":900,"53":900,"54":900,"55":900,"56":900,"57":900,"58":900,"59":900,"60":900,"61":38,"62":38,"63":38,"64":38,"65":38,"66":38,"67":38,"68":38,"69":38,"70":38,"71":38,"72":38,"73":38,"74":38,"75":38,"76":38,"77":38,"78":38,"79":38,"80":38,"81":38,"82":38,"83":38,"84":38,"85":38,"86":38,"87":38,"88":38,"89":38,"90":38,"91":38,"92":38,"93":38,"94":38,"95":38,"96":38,"97":38,"98":38,"99":38,"100":38,"101":38,"102":38,"103":38,"104":38,"105":38,"106":38,"107":38,"108":38,"109":38,"110":38,"111":38,"112":38,"113":38,"114":38,"115":38,"116":38,"117":38,"118":38,"119":38,"120":38,"121":38,"122":38,"123":38,"124":38,"125":38,"126":38,"127":38,"128":38,"129":38,"130":38,"131":38,"132":38,"133":38,"134":38,"135":38,"136":38,"137":38,"138":38,"139":0,"140":0,"141":0,"142":0,"143":0,"144":0,"145":0,"146":16,"147":1046,"148":1046,"149":1046,"150":16},"statementMap":{"1":{"end":{"column":1,"line":6},"start":{"column":0,"line":3}},"2":{"end":{"column":20,"line":4},"start":{"column":1,"line":4}},"3":{"end":{"column":30,"line":5},"start":{"column":1,"line":5}},"4":{"end":{"column":2,"line":206},"start":{"column":0,"line":8}},"5":{"end":{"column":21,"line":12},"start":{"column":2,"line":12}},"6":{"end":{"column":3,"line":18},"start":{"column":2,"line":13}},"7":{"end":{"column":4,"line":17},"start":{"column":3,"line":14}},"8":{"end":{"column":20,"line":15},"start":{"column":4,"line":15}},"9":{"end":{"column":10,"line":16},"start":{"column":4,"line":16}},"10":{"end":{"column":3,"line":21},"start":{"column":2,"line":19}},"11":{"end":{"column":47,"line":20},"start":{"column":3,"line":20}},"12":{"end":{"column":27,"line":25},"start":{"column":2,"line":25}},"13":{"end":{"column":3,"line":55},"start":{"column":2,"line":29}},"14":{"end":{"column":9,"line":30},"start":{"column":3,"line":30}},"15":{"end":{"column":9,"line":31},"start":{"column":3,"line":31}},"16":{"end":{"column":9,"line":32},"start":{"column":3,"line":32}},"17":{"end":{"column":9,"line":33},"start":{"column":3,"line":33}},"18":{"end":{"column":39,"line":34},"start":{"column":3,"line":34}},"19":{"end":{"column":28,"line":36},"start":{"column":3,"line":36}},"20":{"end":{"column":4,"line":54},"start":{"column":3,"line":37}},"21":{"end":{"column":5,"line":53},"start":{"column":4,"line":39}},"22":{"end":{"column":89,"line":40},"start":{"column":5,"line":40}},"23":{"end":{"column":6,"line":52},"start":{"column":5,"line":43}},"24":{"end":{"column":106,"line":44},"start":{"column":6,"line":44}},"25":{"end":{"column":113,"line":47},"start":{"column":6,"line":47}},"26":{"end":{"column":7,"line":50},"start":{"column":6,"line":48}},"27":{"end":{"column":85,"line":49},"start":{"column":14,"line":49}},"28":{"end":{"column":14,"line":58},"start":{"column":2,"line":58}},"29":{"end":{"column":14,"line":59},"start":{"column":2,"line":59}},"30":{"end":{"column":14,"line":60},"start":{"column":2,"line":60}},"31":{"end":{"column":22,"line":62},"start":{"column":2,"line":62}},"32":{"end":{"column":32,"line":63},"start":{"column":2,"line":63}},"33":{"end":{"column":45,"line":64},"start":{"column":2,"line":64}},"34":{"end":{"column":62,"line":65},"start":{"column":2,"line":65}},"35":{"end":{"column":19,"line":66},"start":{"column":2,"line":66}},"36":{"end":{"column":22,"line":68},"start":{"column":2,"line":68}},"37":{"end":{"column":31,"line":69},"start":{"column":2,"line":69}},"38":{"end":{"column":26,"line":70},"start":{"column":2,"line":70}},"39":{"end":{"column":32,"line":71},"start":{"column":2,"line":71}},"40":{"end":{"column":25,"line":72},"start":{"column":2,"line":72}},"41":{"end":{"column":30,"line":73},"start":{"column":2,"line":73}},"42":{"end":{"column":26,"line":74},"start":{"column":2,"line":74}},"43":{"end":{"column":34,"line":75},"start":{"column":2,"line":75}},"44":{"end":{"column":38,"line":76},"start":{"column":2,"line":76}},"45":{"end":{"column":3,"line":82},"start":{"column":2,"line":78}},"46":{"end":{"column":31,"line":79},"start":{"column":3,"line":79}},"47":{"end":{"column":35,"line":81},"start":{"column":3,"line":81}},"48":{"end":{"column":3,"line":89},"start":{"column":2,"line":85}},"49":{"end":{"column":40,"line":86},"start":{"column":3,"line":86}},"50":{"end":{"column":34,"line":88},"start":{"column":3,"line":88}},"51":{"end":{"column":18,"line":91},"start":{"column":2,"line":91}},"52":{"end":{"column":149,"line":92},"start":{"column":2,"line":92}},"53":{"end":{"column":22,"line":94},"start":{"column":2,"line":94}},"54":{"end":{"column":26,"line":95},"start":{"column":2,"line":95}},"55":{"end":{"column":40,"line":96},"start":{"column":2,"line":96}},"56":{"end":{"column":42,"line":97},"start":{"column":2,"line":97}},"57":{"end":{"column":41,"line":98},"start":{"column":2,"line":98}},"58":{"end":{"column":62,"line":99},"start":{"column":2,"line":99}},"59":{"end":{"column":147,"line":100},"start":{"column":2,"line":100}},"60":{"end":{"column":19,"line":101},"start":{"column":2,"line":101}},"61":{"end":{"column":32,"line":106},"start":{"column":2,"line":106}},"62":{"end":{"column":45,"line":107},"start":{"column":2,"line":107}},"63":{"end":{"column":22,"line":108},"start":{"column":2,"line":108}},"64":{"end":{"column":66,"line":109},"start":{"column":2,"line":109}},"65":{"end":{"column":19,"line":110},"start":{"column":2,"line":110}},"66":{"end":{"column":22,"line":111},"start":{"column":2,"line":111}},"67":{"end":{"column":66,"line":112},"start":{"column":2,"line":112}},"68":{"end":{"column":19,"line":113},"start":{"column":2,"line":113}},"69":{"end":{"column":22,"line":115},"start":{"column":2,"line":115}},"70":{"end":{"column":26,"line":116},"start":{"column":2,"line":116}},"71":{"end":{"column":29,"line":117},"start":{"column":2,"line":117}},"72":{"end":{"column":32,"line":118},"start":{"column":2,"line":118}},"73":{"end":{"column":25,"line":119},"start":{"column":2,"line":119}},"74":{"end":{"column":30,"line":120},"start":{"column":2,"line":120}},"75":{"end":{"column":26,"line":121},"start":{"column":2,"line":121}},"76":{"end":{"column":81,"line":122},"start":{"column":2,"line":122}},"77":{"end":{"column":19,"line":123},"start":{"column":2,"line":123}},"78":{"end":{"column":22,"line":125},"start":{"column":2,"line":125}},"79":{"end":{"column":40,"line":126},"start":{"column":2,"line":126}},"80":{"end":{"column":42,"line":127},"start":{"column":2,"line":127}},"81":{"end":{"column":41,"line":128},"start":{"column":2,"line":128}},"82":{"end":{"column":66,"line":129},"start":{"column":2,"line":129}},"83":{"end":{"column":19,"line":130},"start":{"column":2,"line":130}},"84":{"end":{"column":22,"line":131},"start":{"column":2,"line":131}},"85":{"end":{"column":66,"line":132},"start":{"column":2,"line":132}},"86":{"end":{"column":79,"line":133},"start":{"column":2,"line":133}},"87":{"end":{"column":19,"line":134},"start":{"column":2,"line":134}},"88":{"end":{"column":13,"line":138},"start":{"column":2,"line":138}},"89":{"end":{"column":13,"line":139},"start":{"column":2,"line":139}},"90":{"end":{"column":38,"line":140},"start":{"column":2,"line":140}},"91":{"end":{"column":32,"line":141},"start":{"column":2,"line":141}},"92":{"end":{"column":28,"line":142},"start":{"column":2,"line":142}},"93":{"end":{"column":32,"line":143},"start":{"column":2,"line":143}},"94":{"end":{"column":45,"line":144},"start":{"column":2,"line":144}},"95":{"end":{"column":22,"line":145},"start":{"column":2,"line":145}},"96":{"end":{"column":62,"line":146},"start":{"column":2,"line":146}},"97":{"end":{"column":62,"line":147},"start":{"column":2,"line":147}},"98":{"end":{"column":29,"line":148},"start":{"column":2,"line":148}},"99":{"end":{"column":76,"line":149},"start":{"column":2,"line":149}},"100":{"end":{"column":76,"line":150},"start":{"column":2,"line":150}},"101":{"end":{"column":29,"line":151},"start":{"column":2,"line":151}},"102":{"end":{"column":19,"line":152},"start":{"column":2,"line":152}},"103":{"end":{"column":22,"line":153},"start":{"column":2,"line":153}},"104":{"end":{"column":29,"line":154},"start":{"column":2,"line":154}},"105":{"end":{"column":76,"line":155},"start":{"column":2,"line":155}},"106":{"end":{"column":76,"line":156},"start":{"column":2,"line":156}},"107":{"end":{"column":29,"line":157},"start":{"column":2,"line":157}},"108":{"end":{"column":19,"line":158},"start":{"column":2,"line":158}},"109":{"end":{"column":22,"line":159},"start":{"column":2,"line":159}},"110":{"end":{"column":29,"line":160},"start":{"column":2,"line":160}},"111":{"end":{"column":29,"line":161},"start":{"column":2,"line":161}},"112":{"end":{"column":19,"line":162},"start":{"column":2,"line":162}},"113":{"end":{"column":22,"line":164},"start":{"column":2,"line":164}},"114":{"end":{"column":26,"line":165},"start":{"column":2,"line":165}},"115":{"end":{"column":29,"line":166},"start":{"column":2,"line":166}},"116":{"end":{"column":32,"line":167},"start":{"column":2,"line":167}},"117":{"end":{"column":25,"line":168},"start":{"column":2,"line":168}},"118":{"end":{"column":30,"line":169},"start":{"column":2,"line":169}},"119":{"end":{"column":26,"line":170},"start":{"column":2,"line":170}},"120":{"end":{"column":97,"line":171},"start":{"column":2,"line":171}},"121":{"end":{"column":19,"line":172},"start":{"column":2,"line":172}},"122":{"end":{"column":42,"line":174},"start":{"column":2,"line":174}},"123":{"end":{"column":41,"line":175},"start":{"column":2,"line":175}},"124":{"end":{"column":26,"line":176},"start":{"column":2,"line":176}},"125":{"end":{"column":40,"line":177},"start":{"column":2,"line":177}},"126":{"end":{"column":22,"line":178},"start":{"column":2,"line":178}},"127":{"end":{"column":29,"line":179},"start":{"column":2,"line":179}},"128":{"end":{"column":29,"line":180},"start":{"column":2,"line":180}},"129":{"end":{"column":19,"line":181},"start":{"column":2,"line":181}},"130":{"end":{"column":22,"line":182},"start":{"column":2,"line":182}},"131":{"end":{"column":29,"line":183},"start":{"column":2,"line":183}},"132":{"end":{"column":29,"line":184},"start":{"column":2,"line":184}},"133":{"end":{"column":19,"line":185},"start":{"column":2,"line":185}},"134":{"end":{"column":22,"line":186},"start":{"column":2,"line":186}},"135":{"end":{"column":29,"line":187},"start":{"column":2,"line":187}},"136":{"end":{"column":29,"line":188},"start":{"column":2,"line":188}},"137":{"end":{"column":95,"line":189},"start":{"column":2,"line":189}},"138":{"end":{"column":19,"line":190},"start":{"column":2,"line":190}},"139":{"end":{"column":3,"line":199},"start":{"column":2,"line":193}},"140":{"end":{"column":75,"line":194},"start":{"column":3,"line":194}},"141":{"end":{"column":67,"line":195},"start":{"column":3,"line":195}},"142":{"end":{"column":75,"line":197},"start":{"column":3,"line":197}},"143":{"end":{"column":67,"line":198},"start":{"column":3,"line":198}},"144":{"end":{"column":47,"line":200},"start":{"column":2,"line":200}},"145":{"end":{"column":32,"line":204},"start":{"column":4,"line":204}},"146":{"end":{"column":1,"line":212},"start":{"column":0,"line":208}},"147":{"end":{"column":18,"line":209},"start":{"column":1,"line":209}},"148":{"end":{"column":12,"line":210},"start":{"column":1,"line":210}},"149":{"end":{"column":12,"line":211},"start":{"column":1,"line":211}},"150":{"end":{"column":2,"line":216},"start":{"column":0,"line":214}}},"l":{"3":16,"4":16,"5":16,"8":16,"12":1046,"13":1046,"14":15883,"15":0,"16":0,"19":1046,"20":1046,"25":43,"29":217,"30":0,"31":0,"32":0,"33":0,"34":0,"36":0,"37":0,"39":0,"40":0,"43":0,"44":0,"47":0,"48":0,"49":0,"58":900,"59":900,"60":900,"62":900,"63":900,"64":900,"65":900,"66":900,"68":900,"69":900,"70":900,"71":900,"72":900,"73":900,"74":900,"75":900,"76":900,"78":900,"79":900,"81":0,"85":900,"86":0,"88":900,"91":900,"92":900,"94":900,"95":900,"96":900,"97":900,"98":900,"99":900,"100":900,"101":900,"106":38,"107":38,"108":38,"109":38,"110":38,"111":38,"112":38,"113":38,"115":38,"116":38,"117":38,"118":38,"119":38,"120":38,"121":38,"122":38,"123":38,"125":38,"126":38,"127":38,"128":38,"129":38,"130":38,"131":38,"132":38,"133":38,"134":38,"138":38,"139":38,"140":38,"141":38,"142":38,"143":38,"144":38,"145":38,"146":38,"147":38,"148":38,"149":38,"150":38,"151":38,"152":38,"153":38,"154":38,"155":38,"156":38,"157":38,"158":38,"159":38,"160":38,"161":38,"162":38,"164":38,"165":38,"166":38,"167":38,"168":38,"169":38,"170":38,"171":38,"172":38,"174":38,"175":38,"176":38,"177":38,"178":38,"179":38,"180":38,"181":38,"182":38,"183":38,"184":38,"185":38,"186":38,"187":38,"188":38,"189":38,"190":38,"193":0,"194":0,"195":0,"197":0,"198":0,"200":0,"204":0,"208":16,"209":1046,"210":1046,"211":1046,"214":16}},"../rg2/js/courses.js":{"b":{"1":[6,6],"2":[27,0],"3":[27,0],"4":[27,27],"5":[27,480],"6":[195,195],"7":[23,0],"8":[15,15],"9":[15,15],"10":[61,61],"11":[38,23],"12":[43,43],"13":[43,0],"14":[16,16],"15":[16,0],"16":[27,27],"17":[27,27],"18":[27,0],"19":[27,0],"20":[496,11],"21":[38,157],"22":[30,8],"23":[8,30],"24":[8,0],"25":[8,0],"26":[30,8],"27":[30,900],"28":[930,900]},"branchMap":{"1":{"line":22,"locations":[{"end":{"column":6,"line":22},"start":{"column":6,"line":22}},{"end":{"column":6,"line":22},"start":{"column":6,"line":22}}],"type":"if"},"2":{"line":51,"locations":[{"end":{"column":2,"line":51},"start":{"column":2,"line":51}},{"end":{"column":2,"line":51},"start":{"column":2,"line":51}}],"type":"if"},"3":{"line":52,"locations":[{"end":{"column":3,"line":52},"start":{"column":3,"line":52}},{"end":{"column":3,"line":52},"start":{"column":3,"line":52}}],"type":"if"},"4":{"line":70,"locations":[{"end":{"column":3,"line":70},"start":{"column":3,"line":70}},{"end":{"column":3,"line":70},"start":{"column":3,"line":70}}],"type":"if"},"5":{"line":88,"locations":[{"end":{"column":3,"line":88},"start":{"column":3,"line":88}},{"end":{"column":3,"line":88},"start":{"column":3,"line":88}}],"type":"if"},"6":{"line":110,"locations":[{"end":{"column":3,"line":110},"start":{"column":3,"line":110}},{"end":{"column":3,"line":110},"start":{"column":3,"line":110}}],"type":"if"},"7":{"line":117,"locations":[{"end":{"column":2,"line":117},"start":{"column":2,"line":117}},{"end":{"column":2,"line":117},"start":{"column":2,"line":117}}],"type":"if"},"8":{"line":124,"locations":[{"end":{"column":3,"line":124},"start":{"column":3,"line":124}},{"end":{"column":3,"line":124},"start":{"column":3,"line":124}}],"type":"if"},"9":{"line":132,"locations":[{"end":{"column":3,"line":132},"start":{"column":3,"line":132}},{"end":{"column":3,"line":132},"start":{"column":3,"line":132}}],"type":"if"},"10":{"line":147,"locations":[{"end":{"column":3,"line":147},"start":{"column":3,"line":147}},{"end":{"column":3,"line":147},"start":{"column":3,"line":147}}],"type":"if"},"11":{"line":148,"locations":[{"end":{"column":4,"line":148},"start":{"column":4,"line":148}},{"end":{"column":4,"line":148},"start":{"column":4,"line":148}}],"type":"if"},"12":{"line":167,"locations":[{"end":{"column":3,"line":167},"start":{"column":3,"line":167}},{"end":{"column":3,"line":167},"start":{"column":3,"line":167}}],"type":"if"},"13":{"line":172,"locations":[{"end":{"column":4,"line":172},"start":{"column":4,"line":172}},{"end":{"column":4,"line":172},"start":{"column":4,"line":172}}],"type":"if"},"14":{"line":184,"locations":[{"end":{"column":6,"line":184},"start":{"column":6,"line":184}},{"end":{"column":6,"line":184},"start":{"column":6,"line":184}}],"type":"if"},"15":{"line":185,"locations":[{"end":{"column":8,"line":185},"start":{"column":8,"line":185}},{"end":{"column":8,"line":185},"start":{"column":8,"line":185}}],"type":"if"},"16":{"line":198,"locations":[{"end":{"column":3,"line":198},"start":{"column":3,"line":198}},{"end":{"column":3,"line":198},"start":{"column":3,"line":198}}],"type":"if"},"17":{"line":209,"locations":[{"end":{"column":3,"line":209},"start":{"column":3,"line":209}},{"end":{"column":3,"line":209},"start":{"column":3,"line":209}}],"type":"if"},"18":{"line":215,"locations":[{"end":{"column":4,"line":215},"start":{"column":4,"line":215}},{"end":{"column":4,"line":215},"start":{"column":4,"line":215}}],"type":"if"},"19":{"line":227,"locations":[{"end":{"column":2,"line":227},"start":{"column":2,"line":227}},{"end":{"column":2,"line":227},"start":{"column":2,"line":227}}],"type":"if"},"20":{"line":259,"locations":[{"end":{"column":2,"line":259},"start":{"column":2,"line":259}},{"end":{"column":2,"line":259},"start":{"column":2,"line":259}}],"type":"if"},"21":{"line":293,"locations":[{"end":{"column":2,"line":293},"start":{"column":2,"line":293}},{"end":{"column":2,"line":293},"start":{"column":2,"line":293}}],"type":"if"},"22":{"line":302,"locations":[{"end":{"column":3,"line":302},"start":{"column":3,"line":302}},{"end":{"column":3,"line":302},"start":{"column":3,"line":302}}],"type":"if"},"23":{"line":309,"locations":[{"end":{"column":6,"line":309},"start":{"column":6,"line":309}},{"end":{"column":6,"line":309},"start":{"column":6,"line":309}}],"type":"if"},"24":{"line":312,"locations":[{"end":{"column":10,"line":312},"start":{"column":10,"line":312}},{"end":{"column":10,"line":312},"start":{"column":10,"line":312}}],"type":"if"},"25":{"line":320,"locations":[{"end":{"column":10,"line":320},"start":{"column":10,"line":320}},{"end":{"column":10,"line":320},"start":{"column":10,"line":320}}],"type":"if"},"26":{"line":334,"locations":[{"end":{"column":3,"line":334},"start":{"column":3,"line":334}},{"end":{"column":3,"line":334},"start":{"column":3,"line":334}}],"type":"if"},"27":{"line":336,"locations":[{"end":{"column":10,"line":336},"start":{"column":10,"line":336}},{"end":{"column":10,"line":336},"start":{"column":10,"line":336}}],"type":"if"},"28":{"line":336,"locations":[{"end":{"column":47,"line":336},"start":{"column":15,"line":336}},{"end":{"column":84,"line":336},"start":{"column":52,"line":336}}],"type":"binary-expr"}},"f":{"1":16,"2":0,"3":6,"4":27,"5":11,"6":38,"7":27,"8":27,"9":27,"10":27,"11":217,"12":23,"13":15,"14":15,"15":8,"16":61,"17":54,"18":43,"19":16,"20":27,"21":27,"22":27,"23":38,"24":195},"fnMap":{"1":{"line":2,"loc":{"end":{"column":19,"line":2},"start":{"column":0,"line":2}},"name":"Courses"},"2":{"line":14,"loc":{"end":{"column":36,"line":14},"start":{"column":17,"line":14}},"name":"(anonymous_2)"},"3":{"line":18,"loc":{"end":{"column":33,"line":18},"start":{"column":22,"line":18}},"name":"(anonymous_3)"},"4":{"line":33,"loc":{"end":{"column":38,"line":33},"start":{"column":27,"line":33}},"name":"(anonymous_4)"},"5":{"line":37,"loc":{"end":{"column":36,"line":37},"start":{"column":17,"line":37}},"name":"(anonymous_5)"},"6":{"line":41,"loc":{"end":{"column":43,"line":41},"start":{"column":24,"line":41}},"name":"(anonymous_6)"},"7":{"line":46,"loc":{"end":{"column":36,"line":46},"start":{"column":13,"line":46}},"name":"(anonymous_7)"},"8":{"line":60,"loc":{"end":{"column":35,"line":60},"start":{"column":24,"line":60}},"name":"(anonymous_8)"},"9":{"line":80,"loc":{"end":{"column":36,"line":80},"start":{"column":25,"line":80}},"name":"(anonymous_9)"},"10":{"line":101,"loc":{"end":{"column":31,"line":101},"start":{"column":20,"line":101}},"name":"(anonymous_10)"},"11":{"line":108,"loc":{"end":{"column":35,"line":108},"start":{"column":15,"line":108}},"name":"(anonymous_11)"},"12":{"line":116,"loc":{"end":{"column":35,"line":116},"start":{"column":16,"line":116}},"name":"(anonymous_12)"},"13":{"line":122,"loc":{"end":{"column":30,"line":122},"start":{"column":19,"line":122}},"name":"(anonymous_13)"},"14":{"line":130,"loc":{"end":{"column":35,"line":130},"start":{"column":24,"line":130}},"name":"(anonymous_14)"},"15":{"line":138,"loc":{"end":{"column":40,"line":138},"start":{"column":21,"line":138}},"name":"(anonymous_15)"},"16":{"line":144,"loc":{"end":{"column":34,"line":144},"start":{"column":23,"line":144}},"name":"(anonymous_16)"},"17":{"line":156,"loc":{"end":{"column":33,"line":156},"start":{"column":22,"line":156}},"name":"(anonymous_17)"},"18":{"line":161,"loc":{"end":{"column":42,"line":161},"start":{"column":23,"line":161}},"name":"(anonymous_18)"},"19":{"line":181,"loc":{"end":{"column":55,"line":181},"start":{"column":22,"line":181}},"name":"(anonymous_19)"},"20":{"line":195,"loc":{"end":{"column":30,"line":195},"start":{"column":19,"line":195}},"name":"(anonymous_20)"},"21":{"line":204,"loc":{"end":{"column":35,"line":204},"start":{"column":24,"line":204}},"name":"(anonymous_21)"},"22":{"line":237,"loc":{"end":{"column":37,"line":237},"start":{"column":0,"line":237}},"name":"Course"},"23":{"line":288,"loc":{"end":{"column":35,"line":288},"start":{"column":24,"line":288}},"name":"(anonymous_23)"},"24":{"line":292,"loc":{"end":{"column":34,"line":292},"start":{"column":14,"line":292}},"name":"(anonymous_24)"}},"path":"../rg2/js/courses.js","s":{"1":16,"2":16,"3":16,"4":16,"5":16,"6":16,"7":0,"8":6,"9":6,"10":6,"11":12,"12":6,"13":6,"14":6,"15":6,"16":6,"17":6,"18":27,"19":11,"20":38,"21":38,"22":27,"23":27,"24":27,"25":27,"26":27,"27":27,"28":27,"29":27,"30":27,"31":27,"32":27,"33":27,"34":27,"35":27,"36":54,"37":27,"38":27,"39":27,"40":27,"41":27,"42":27,"43":27,"44":27,"45":27,"46":507,"47":507,"48":507,"49":27,"50":480,"51":507,"52":27,"53":27,"54":27,"55":27,"56":27,"57":27,"58":27,"59":27,"60":217,"61":390,"62":195,"63":23,"64":23,"65":15,"66":30,"67":15,"68":15,"69":30,"70":15,"71":8,"72":61,"73":61,"74":122,"75":61,"76":38,"77":61,"78":54,"79":43,"80":43,"81":43,"82":43,"83":86,"84":43,"85":43,"86":43,"87":43,"88":43,"89":1046,"90":16,"91":16,"92":32,"93":16,"94":16,"95":16,"96":16,"97":16,"98":27,"99":27,"100":54,"101":27,"102":27,"103":27,"104":27,"105":27,"106":54,"107":27,"108":27,"109":27,"110":27,"111":27,"112":27,"113":27,"114":0,"115":27,"116":27,"117":27,"118":27,"119":27,"120":27,"121":0,"122":27,"123":27,"124":16,"125":27,"126":27,"127":27,"128":27,"129":27,"130":27,"131":27,"132":27,"133":27,"134":27,"135":27,"136":27,"137":27,"138":27,"139":27,"140":27,"141":27,"142":27,"143":27,"144":507,"145":496,"146":496,"147":11,"148":11,"149":11,"150":11,"151":11,"152":11,"153":11,"154":11,"155":27,"156":27,"157":27,"158":16,"159":38,"160":195,"161":38,"162":38,"163":38,"164":38,"165":38,"166":38,"167":38,"168":38,"169":38,"170":30,"171":8,"172":38,"173":38,"174":8,"175":8,"176":8,"177":8,"178":8,"179":0,"180":0,"181":8,"182":8,"183":8,"184":0,"185":0,"186":8,"187":8,"188":8,"189":8,"190":38,"191":30,"192":930,"193":30,"194":900,"195":8,"196":0,"197":8},"statementMap":{"1":{"end":{"column":1,"line":9},"start":{"column":0,"line":2}},"2":{"end":{"column":19,"line":5},"start":{"column":1,"line":5}},"3":{"end":{"column":22,"line":6},"start":{"column":1,"line":6}},"4":{"end":{"column":26,"line":7},"start":{"column":1,"line":7}},"5":{"end":{"column":31,"line":8},"start":{"column":1,"line":8}},"6":{"end":{"column":2,"line":235},"start":{"column":0,"line":11}},"7":{"end":{"column":37,"line":15},"start":{"column":2,"line":15}},"8":{"end":{"column":21,"line":19},"start":{"column":4,"line":19}},"9":{"end":{"column":15,"line":20},"start":{"column":4,"line":20}},"10":{"end":{"column":5,"line":29},"start":{"column":4,"line":21}},"11":{"end":{"column":7,"line":28},"start":{"column":6,"line":22}},"12":{"end":{"column":20,"line":23},"start":{"column":8,"line":23}},"13":{"end":{"column":45,"line":24},"start":{"column":8,"line":24}},"14":{"end":{"column":43,"line":25},"start":{"column":8,"line":25}},"15":{"end":{"column":53,"line":26},"start":{"column":8,"line":26}},"16":{"end":{"column":29,"line":27},"start":{"column":8,"line":27}},"17":{"end":{"column":19,"line":30},"start":{"column":4,"line":30}},"18":{"end":{"column":35,"line":34},"start":{"column":2,"line":34}},"19":{"end":{"column":32,"line":38},"start":{"column":2,"line":38}},"20":{"end":{"column":48,"line":42},"start":{"column":2,"line":42}},"21":{"end":{"column":24,"line":43},"start":{"column":2,"line":43}},"22":{"end":{"column":53,"line":47},"start":{"column":2,"line":47}},"23":{"end":{"column":28,"line":48},"start":{"column":2,"line":48}},"24":{"end":{"column":3,"line":57},"start":{"column":2,"line":51}},"25":{"end":{"column":4,"line":56},"start":{"column":3,"line":52}},"26":{"end":{"column":85,"line":54},"start":{"column":4,"line":54}},"27":{"end":{"column":33,"line":55},"start":{"column":4,"line":55}},"28":{"end":{"column":34,"line":61},"start":{"column":2,"line":61}},"29":{"end":{"column":8,"line":62},"start":{"column":2,"line":62}},"30":{"end":{"column":62,"line":63},"start":{"column":2,"line":63}},"31":{"end":{"column":45,"line":64},"start":{"column":2,"line":64}},"32":{"end":{"column":19,"line":65},"start":{"column":2,"line":65}},"33":{"end":{"column":36,"line":66},"start":{"column":2,"line":66}},"34":{"end":{"column":28,"line":67},"start":{"column":2,"line":67}},"35":{"end":{"column":3,"line":76},"start":{"column":2,"line":69}},"36":{"end":{"column":4,"line":75},"start":{"column":3,"line":70}},"37":{"end":{"column":43,"line":71},"start":{"column":4,"line":71}},"38":{"end":{"column":18,"line":72},"start":{"column":4,"line":72}},"39":{"end":{"column":36,"line":73},"start":{"column":4,"line":73}},"40":{"end":{"column":30,"line":74},"start":{"column":4,"line":74}},"41":{"end":{"column":35,"line":81},"start":{"column":2,"line":81}},"42":{"end":{"column":63,"line":82},"start":{"column":2,"line":82}},"43":{"end":{"column":10,"line":83},"start":{"column":2,"line":83}},"44":{"end":{"column":8,"line":84},"start":{"column":2,"line":84}},"45":{"end":{"column":3,"line":94},"start":{"column":2,"line":85}},"46":{"end":{"column":42,"line":86},"start":{"column":3,"line":86}},"47":{"end":{"column":17,"line":87},"start":{"column":3,"line":87}},"48":{"end":{"column":4,"line":92},"start":{"column":3,"line":88}},"49":{"end":{"column":19,"line":89},"start":{"column":4,"line":89}},"50":{"end":{"column":17,"line":91},"start":{"column":4,"line":91}},"51":{"end":{"column":29,"line":93},"start":{"column":3,"line":93}},"52":{"end":{"column":41,"line":95},"start":{"column":2,"line":95}},"53":{"end":{"column":47,"line":96},"start":{"column":2,"line":96}},"54":{"end":{"column":26,"line":97},"start":{"column":2,"line":97}},"55":{"end":{"column":28,"line":98},"start":{"column":2,"line":98}},"56":{"end":{"column":26,"line":102},"start":{"column":2,"line":102}},"57":{"end":{"column":27,"line":103},"start":{"column":2,"line":103}},"58":{"end":{"column":23,"line":104},"start":{"column":2,"line":104}},"59":{"end":{"column":32,"line":105},"start":{"column":2,"line":105}},"60":{"end":{"column":3,"line":113},"start":{"column":2,"line":109}},"61":{"end":{"column":4,"line":112},"start":{"column":3,"line":110}},"62":{"end":{"column":42,"line":111},"start":{"column":4,"line":111}},"63":{"end":{"column":3,"line":119},"start":{"column":2,"line":117}},"64":{"end":{"column":41,"line":118},"start":{"column":3,"line":118}},"65":{"end":{"column":3,"line":127},"start":{"column":2,"line":123}},"66":{"end":{"column":4,"line":126},"start":{"column":3,"line":124}},"67":{"end":{"column":35,"line":125},"start":{"column":4,"line":125}},"68":{"end":{"column":3,"line":135},"start":{"column":2,"line":131}},"69":{"end":{"column":4,"line":134},"start":{"column":3,"line":132}},"70":{"end":{"column":36,"line":133},"start":{"column":4,"line":133}},"71":{"end":{"column":41,"line":140},"start":{"column":2,"line":140}},"72":{"end":{"column":19,"line":145},"start":{"column":2,"line":145}},"73":{"end":{"column":3,"line":152},"start":{"column":2,"line":146}},"74":{"end":{"column":4,"line":151},"start":{"column":3,"line":147}},"75":{"end":{"column":5,"line":150},"start":{"column":4,"line":148}},"76":{"end":{"column":21,"line":149},"start":{"column":5,"line":149}},"77":{"end":{"column":17,"line":153},"start":{"column":2,"line":153}},"78":{"end":{"column":30,"line":157},"start":{"column":2,"line":157}},"79":{"end":{"column":12,"line":162},"start":{"column":2,"line":162}},"80":{"end":{"column":8,"line":163},"start":{"column":2,"line":163}},"81":{"end":{"column":8,"line":164},"start":{"column":2,"line":164}},"82":{"end":{"column":3,"line":178},"start":{"column":2,"line":166}},"83":{"end":{"column":4,"line":177},"start":{"column":3,"line":167}},"84":{"end":{"column":34,"line":168},"start":{"column":4,"line":168}},"85":{"end":{"column":26,"line":169},"start":{"column":4,"line":169}},"86":{"end":{"column":26,"line":170},"start":{"column":4,"line":170}},"87":{"end":{"column":5,"line":176},"start":{"column":4,"line":172}},"88":{"end":{"column":6,"line":175},"start":{"column":5,"line":173}},"89":{"end":{"column":48,"line":174},"start":{"column":6,"line":174}},"90":{"end":{"column":10,"line":182},"start":{"column":4,"line":182}},"91":{"end":{"column":5,"line":192},"start":{"column":4,"line":183}},"92":{"end":{"column":7,"line":191},"start":{"column":6,"line":184}},"93":{"end":{"column":9,"line":190},"start":{"column":8,"line":185}},"94":{"end":{"column":40,"line":186},"start":{"column":10,"line":186}},"95":{"end":{"column":32,"line":187},"start":{"column":10,"line":187}},"96":{"end":{"column":32,"line":188},"start":{"column":10,"line":188}},"97":{"end":{"column":16,"line":189},"start":{"column":10,"line":189}},"98":{"end":{"column":8,"line":196},"start":{"column":2,"line":196}},"99":{"end":{"column":3,"line":201},"start":{"column":2,"line":197}},"100":{"end":{"column":4,"line":200},"start":{"column":3,"line":198}},"101":{"end":{"column":64,"line":199},"start":{"column":4,"line":199}},"102":{"end":{"column":14,"line":205},"start":{"column":2,"line":205}},"103":{"end":{"column":103,"line":206},"start":{"column":2,"line":206}},"104":{"end":{"column":118,"line":207},"start":{"column":2,"line":207}},"105":{"end":{"column":3,"line":222},"start":{"column":2,"line":208}},"106":{"end":{"column":4,"line":221},"start":{"column":3,"line":209}},"107":{"end":{"column":56,"line":210},"start":{"column":4,"line":210}},"108":{"end":{"column":97,"line":211},"start":{"column":4,"line":211}},"109":{"end":{"column":59,"line":212},"start":{"column":4,"line":212}},"110":{"end":{"column":39,"line":213},"start":{"column":4,"line":213}},"111":{"end":{"column":58,"line":214},"start":{"column":4,"line":214}},"112":{"end":{"column":5,"line":219},"start":{"column":4,"line":215}},"113":{"end":{"column":96,"line":216},"start":{"column":5,"line":216}},"114":{"end":{"column":25,"line":218},"start":{"column":5,"line":218}},"115":{"end":{"column":20,"line":220},"start":{"column":4,"line":220}},"116":{"end":{"column":66,"line":224},"start":{"column":2,"line":224}},"117":{"end":{"column":95,"line":225},"start":{"column":2,"line":225}},"118":{"end":{"column":33,"line":226},"start":{"column":2,"line":226}},"119":{"end":{"column":3,"line":231},"start":{"column":2,"line":227}},"120":{"end":{"column":127,"line":228},"start":{"column":3,"line":228}},"121":{"end":{"column":56,"line":230},"start":{"column":3,"line":230}},"122":{"end":{"column":26,"line":232},"start":{"column":2,"line":232}},"123":{"end":{"column":14,"line":233},"start":{"column":2,"line":233}},"124":{"end":{"column":1,"line":283},"start":{"column":0,"line":237}},"125":{"end":{"column":7,"line":238},"start":{"column":1,"line":238}},"126":{"end":{"column":11,"line":239},"start":{"column":1,"line":239}},"127":{"end":{"column":9,"line":240},"start":{"column":1,"line":240}},"128":{"end":{"column":9,"line":241},"start":{"column":1,"line":241}},"129":{"end":{"column":9,"line":242},"start":{"column":1,"line":242}},"130":{"end":{"column":9,"line":243},"start":{"column":1,"line":243}},"131":{"end":{"column":9,"line":244},"start":{"column":1,"line":244}},"132":{"end":{"column":9,"line":245},"start":{"column":1,"line":245}},"133":{"end":{"column":23,"line":246},"start":{"column":1,"line":246}},"134":{"end":{"column":21,"line":247},"start":{"column":1,"line":247}},"135":{"end":{"column":22,"line":248},"start":{"column":1,"line":248}},"136":{"end":{"column":31,"line":249},"start":{"column":1,"line":249}},"137":{"end":{"column":25,"line":250},"start":{"column":1,"line":250}},"138":{"end":{"column":20,"line":251},"start":{"column":1,"line":251}},"139":{"end":{"column":20,"line":252},"start":{"column":1,"line":252}},"140":{"end":{"column":36,"line":253},"start":{"column":1,"line":253}},"141":{"end":{"column":17,"line":255},"start":{"column":1,"line":255}},"142":{"end":{"column":21,"line":257},"start":{"column":1,"line":257}},"143":{"end":{"column":2,"line":275},"start":{"column":1,"line":258}},"144":{"end":{"column":3,"line":274},"start":{"column":2,"line":259}},"145":{"end":{"column":33,"line":261},"start":{"column":3,"line":261}},"146":{"end":{"column":38,"line":262},"start":{"column":3,"line":262}},"147":{"end":{"column":84,"line":265},"start":{"column":3,"line":265}},"148":{"end":{"column":37,"line":267},"start":{"column":3,"line":267}},"149":{"end":{"column":37,"line":268},"start":{"column":3,"line":268}},"150":{"end":{"column":39,"line":269},"start":{"column":3,"line":269}},"151":{"end":{"column":39,"line":270},"start":{"column":3,"line":270}},"152":{"end":{"column":17,"line":271},"start":{"column":3,"line":271}},"153":{"end":{"column":17,"line":272},"start":{"column":3,"line":272}},"154":{"end":{"column":56,"line":273},"start":{"column":3,"line":273}},"155":{"end":{"column":35,"line":278},"start":{"column":1,"line":278}},"156":{"end":{"column":39,"line":279},"start":{"column":1,"line":279}},"157":{"end":{"column":22,"line":281},"start":{"column":1,"line":281}},"158":{"end":{"column":2,"line":351},"start":{"column":0,"line":285}},"159":{"end":{"column":23,"line":289},"start":{"column":2,"line":289}},"160":{"end":{"column":3,"line":349},"start":{"column":2,"line":293}},"161":{"end":{"column":13,"line":294},"start":{"column":3,"line":294}},"162":{"end":{"column":11,"line":295},"start":{"column":3,"line":295}},"163":{"end":{"column":11,"line":296},"start":{"column":3,"line":296}},"164":{"end":{"column":11,"line":297},"start":{"column":3,"line":297}},"165":{"end":{"column":11,"line":298},"start":{"column":3,"line":298}},"166":{"end":{"column":9,"line":299},"start":{"column":3,"line":299}},"167":{"end":{"column":39,"line":300},"start":{"column":3,"line":300}},"168":{"end":{"column":35,"line":301},"start":{"column":3,"line":301}},"169":{"end":{"column":4,"line":306},"start":{"column":3,"line":302}},"170":{"end":{"column":27,"line":303},"start":{"column":4,"line":303}},"171":{"end":{"column":26,"line":305},"start":{"column":4,"line":305}},"172":{"end":{"column":63,"line":307},"start":{"column":3,"line":307}},"173":{"end":{"column":4,"line":332},"start":{"column":6,"line":309}},"174":{"end":{"column":5,"line":331},"start":{"column":8,"line":310}},"175":{"end":{"column":32,"line":311},"start":{"column":10,"line":311}},"176":{"end":{"column":11,"line":318},"start":{"column":10,"line":312}},"177":{"end":{"column":74,"line":313},"start":{"column":12,"line":313}},"178":{"end":{"column":74,"line":314},"start":{"column":12,"line":314}},"179":{"end":{"column":68,"line":316},"start":{"column":12,"line":316}},"180":{"end":{"column":68,"line":317},"start":{"column":12,"line":317}},"181":{"end":{"column":11,"line":326},"start":{"column":10,"line":320}},"182":{"end":{"column":76,"line":321},"start":{"column":12,"line":321}},"183":{"end":{"column":76,"line":322},"start":{"column":12,"line":322}},"184":{"end":{"column":72,"line":324},"start":{"column":12,"line":324}},"185":{"end":{"column":72,"line":325},"start":{"column":12,"line":325}},"186":{"end":{"column":25,"line":327},"start":{"column":5,"line":327}},"187":{"end":{"column":30,"line":328},"start":{"column":5,"line":328}},"188":{"end":{"column":30,"line":329},"start":{"column":5,"line":329}},"189":{"end":{"column":22,"line":330},"start":{"column":5,"line":330}},"190":{"end":{"column":4,"line":348},"start":{"column":3,"line":334}},"191":{"end":{"column":4,"line":341},"start":{"column":8,"line":335}},"192":{"end":{"column":11,"line":340},"start":{"column":10,"line":336}},"193":{"end":{"column":58,"line":337},"start":{"column":12,"line":337}},"194":{"end":{"column":95,"line":339},"start":{"column":12,"line":339}},"195":{"end":{"column":5,"line":346},"start":{"column":4,"line":344}},"196":{"end":{"column":76,"line":345},"start":{"column":5,"line":345}},"197":{"end":{"column":82,"line":347},"start":{"column":4,"line":347}}},"l":{"2":16,"5":16,"6":16,"7":16,"8":16,"11":16,"15":0,"19":6,"20":6,"21":6,"22":12,"23":6,"24":6,"25":6,"26":6,"27":6,"30":6,"34":27,"38":11,"42":38,"43":38,"47":27,"48":27,"51":27,"52":27,"54":27,"55":27,"61":27,"62":27,"63":27,"64":27,"65":27,"66":27,"67":27,"69":27,"70":54,"71":27,"72":27,"73":27,"74":27,"81":27,"82":27,"83":27,"84":27,"85":27,"86":507,"87":507,"88":507,"89":27,"91":480,"93":507,"95":27,"96":27,"97":27,"98":27,"102":27,"103":27,"104":27,"105":27,"109":217,"110":390,"111":195,"117":23,"118":23,"123":15,"124":30,"125":15,"131":15,"132":30,"133":15,"140":8,"145":61,"146":61,"147":122,"148":61,"149":38,"153":61,"157":54,"162":43,"163":43,"164":43,"166":43,"167":86,"168":43,"169":43,"170":43,"172":43,"173":43,"174":1046,"182":16,"183":16,"184":32,"185":16,"186":16,"187":16,"188":16,"189":16,"196":27,"197":27,"198":54,"199":27,"205":27,"206":27,"207":27,"208":27,"209":54,"210":27,"211":27,"212":27,"213":27,"214":27,"215":27,"216":27,"218":0,"220":27,"224":27,"225":27,"226":27,"227":27,"228":27,"230":0,"232":27,"233":27,"237":16,"238":27,"239":27,"240":27,"241":27,"242":27,"243":27,"244":27,"245":27,"246":27,"247":27,"248":27,"249":27,"250":27,"251":27,"252":27,"253":27,"255":27,"257":27,"258":27,"259":507,"261":496,"262":496,"265":11,"267":11,"268":11,"269":11,"270":11,"271":11,"272":11,"273":11,"278":27,"279":27,"281":27,"285":16,"289":38,"293":195,"294":38,"295":38,"296":38,"297":38,"298":38,"299":38,"300":38,"301":38,"302":38,"303":30,"305":8,"307":38,"309":38,"310":8,"311":8,"312":8,"313":8,"314":8,"316":0,"317":0,"320":8,"321":8,"322":8,"324":0,"325":0,"327":8,"328":8,"329":8,"330":8,"334":38,"335":30,"336":930,"337":30,"339":900,"344":8,"345":0,"347":8}},"../rg2/js/draw.js":{"b":{"1":[0,0],"2":[0,0],"3":[0,0],"4":[0,0],"5":[0,0,0],"6":[0,0],"7":[0,0],"8":[0,0],"9":[0,0,0,0],"10":[0,0],"11":[0,0],"12":[0,0],"13":[32,11],"14":[0,0],"15":[0,0],"16":[0,0],"17":[0,0],"18":[0,0],"19":[0,0],"20":[0,0],"21":[0,0],"22":[0,0],"23":[0,0],"24":[0,0],"25":[0,0],"26":[0,0],"27":[0,0],"28":[0,0],"29":[0,0],"30":[0,0],"31":[0,0],"32":[0,0],"33":[0,0],"34":[0,0],"35":[0,0],"36":[0,0],"37":[0,0],"38":[0,0],"39":[0,0],"40":[0,0],"41":[0,0],"42":[0,0],"43":[0,0],"44":[0,0],"45":[0,0],"46":[0,0],"47":[0,0],"48":[0,0],"49":[0,0],"50":[0,0],"51":[0,0],"52":[0,0],"53":[0,0],"54":[0,0,0],"55":[0,0],"56":[0,0],"57":[0,0],"58":[0,0,0],"59":[0,0],"60":[0,0],"61":[0,0],"62":[0,0],"63":[0,0],"64":[0,0],"65":[0,0],"66":[0,0,0],"67":[0,0],"68":[0,0,0],"69":[0,0],"70":[0,0],"71":[0,0],"72":[0,0],"73":[0,0]},"branchMap":{"1":{"line":57,"locations":[{"end":{"column":4,"line":57},"start":{"column":4,"line":57}},{"end":{"column":4,"line":57},"start":{"column":4,"line":57}}],"type":"if"},"2":{"line":61,"locations":[{"end":{"column":4,"line":61},"start":{"column":4,"line":61}},{"end":{"column":4,"line":61},"start":{"column":4,"line":61}}],"type":"if"},"3":{"line":63,"locations":[{"end":{"column":6,"line":63},"start":{"column":6,"line":63}},{"end":{"column":6,"line":63},"start":{"column":6,"line":63}}],"type":"if"},"4":{"line":65,"locations":[{"end":{"column":8,"line":65},"start":{"column":8,"line":65}},{"end":{"column":8,"line":65},"start":{"column":8,"line":65}}],"type":"if"},"5":{"line":65,"locations":[{"end":{"column":46,"line":65},"start":{"column":13,"line":65}},{"end":{"column":65,"line":65},"start":{"column":53,"line":65}},{"end":{"column":100,"line":65},"start":{"column":71,"line":65}}],"type":"binary-expr"},"6":{"line":66,"locations":[{"end":{"column":10,"line":66},"start":{"column":10,"line":66}},{"end":{"column":10,"line":66},"start":{"column":10,"line":66}}],"type":"if"},"7":{"line":76,"locations":[{"end":{"column":10,"line":76},"start":{"column":10,"line":76}},{"end":{"column":10,"line":76},"start":{"column":10,"line":76}}],"type":"if"},"8":{"line":88,"locations":[{"end":{"column":10,"line":88},"start":{"column":10,"line":88}},{"end":{"column":10,"line":88},"start":{"column":10,"line":88}}],"type":"if"},"9":{"line":88,"locations":[{"end":{"column":40,"line":88},"start":{"column":15,"line":88}},{"end":{"column":71,"line":88},"start":{"column":46,"line":88}},{"end":{"column":102,"line":88},"start":{"column":77,"line":88}},{"end":{"column":133,"line":88},"start":{"column":108,"line":88}}],"type":"binary-expr"},"10":{"line":104,"locations":[{"end":{"column":6,"line":104},"start":{"column":6,"line":104}},{"end":{"column":6,"line":104},"start":{"column":6,"line":104}}],"type":"if"},"11":{"line":104,"locations":[{"end":{"column":42,"line":104},"start":{"column":11,"line":104}},{"end":{"column":79,"line":104},"start":{"column":48,"line":104}}],"type":"binary-expr"},"12":{"line":113,"locations":[{"end":{"column":4,"line":113},"start":{"column":4,"line":113}},{"end":{"
[...]
,"218":0,"220":88,"222":88,"223":38,"224":38,"225":38,"226":0,"228":38,"231":88,"232":0,"233":0,"234":0,"235":0,"237":0,"240":88,"244":16,"245":16,"248":16,"249":0,"250":0,"252":16,"254":16,"257":16,"258":16,"260":16,"262":16,"263":0,"265":16,"268":16,"270":16,"271":0,"274":16,"275":16,"276":16,"277":16,"278":16,"279":16,"280":16,"283":16,"288":63,"292":16,"297":16,"298":16,"301":0,"305":16,"306":16,"308":16,"309":16,"310":16,"311":16,"312":16,"313":16,"314":16,"315":16,"316":16,"318":16,"319":16,"321":16,"322":16,"323":16,"324":16,"325":16,"326":16,"328":16,"329":16,"330":16,"332":16,"333":6,"336":16,"337":0,"340":16,"341":0,"344":16,"345":0,"348":16,"349":0,"352":16,"353":0,"356":16,"357":0,"360":16,"361":0,"364":16,"365":0,"368":0,"371":16,"373":0,"374":0,"375":0,"379":16,"381":16,"383":16,"389":0,"390":0,"394":16,"400":0,"401":0,"405":16,"411":0,"412":0,"416":16,"421":0,"422":0,"426":16,"431":0,"432":0,"436":16,"441":0,"442":0,"446":16,"447":0,"448":0,"450":0,"454":16,"455":0,"458":16,"459":0,"462":16,"463":0,"466":16,"467":0,"468":0,"469":0,"470":0,"471":0,"472":0,"473":0,"475":0,"480":16,"482":16,"483":0,"486":16,"487":0,"490":16,"492":16,"493":0,"496":16,"497":0,"500":16,"501":0,"504":16,"505":0,"508":16,"509":0,"512":16,"513":0,"516":16,"517":0,"520":16,"521":0,"524":16,"525":0,"528":16,"529":0,"532":16,"533":0,"536":16,"537":0,"538":0,"541":16,"543":16,"544":16,"552":0,"558":16,"561":16,"562":0,"563":0,"567":16,"571":0,"575":16,"576":0,"577":0,"578":0,"580":0,"581":0,"585":16,"586":0,"587":0,"588":0,"589":0,"590":0,"591":0,"592":0,"593":0,"594":0,"595":0,"596":0,"597":0,"598":0,"601":16,"604":16,"605":16,"606":16,"608":16,"609":16,"611":16,"613":16,"614":16,"615":16,"616":16,"617":16,"620":16,"621":27,"625":16,"626":0,"629":16,"632":16,"635":16,"638":16,"639":16,"640":16,"641":16,"642":0,"644":0,"645":0,"646":0,"652":0,"657":16,"658":4241,"659":0,"661":4241,"665":16,"666":16,"667":16,"668":16,"669":16,"670":16,"671":16,"672":16,"673":16,"674":16,"675":16,"676":16,"677":16,"678":16,"679":16,"680":16,"681":16,"682":16,"683":16,"684":16,"685":16,"686":16,"687":16,"688":16,"689":16,"690":16,"691":16,"692":16,"693":16,"694":16,"695":16,"696":16,"697":16,"698":16,"699":16,"700":16,"701":16,"702":16,"703":16,"704":16,"705":16,"706":16,"707":16,"708":16,"709":16,"710":16,"711":16,"712":16,"713":16,"714":16,"715":16,"716":16,"717":16,"718":16,"721":16,"722":16,"723":16,"724":16,"725":16,"726":16,"727":16,"728":16,"729":16,"730":0,"732":16,"733":16,"734":32,"735":32,"736":32,"737":32,"738":0,"740":32,"744":16,"745":0,"750":0,"751":0,"753":0,"757":16,"758":0,"759":0,"760":0,"761":0,"762":0,"763":0,"764":0,"765":0,"766":0,"767":0,"769":0,"770":0,"771":0,"774":16,"775":0,"776":0,"777":0,"780":16,"781":16,"785":16,"786":16,"787":16,"788":2592,"790":16,"793":16,"794":0,"795":0,"796":0,"799":16,"800":0,"803":0,"807":16,"808":27,"809":27,"810":0,"814":16,"816":59,"817":59,"818":59,"819":59,"820":59,"821":59,"823":59,"825":59,"826":27,"828":32,"832":59,"833":59,"835":0,"837":59,"838":59,"841":16,"842":32,"843":32,"844":32,"846":32,"847":32,"849":32,"850":32,"851":32,"855":16,"856":63,"857":63,"859":0,"860":0,"861":0,"863":63,"865":63,"871":16,"874":297,"876":297,"878":297,"879":297,"881":297,"883":297,"885":297,"887":217,"888":217,"889":217,"890":0,"891":0,"892":0,"893":0,"895":217,"896":0,"898":217,"899":217,"900":217,"902":217,"903":0,"905":217,"910":80,"911":80,"912":80,"913":80,"918":16,"919":6,"920":6,"928":6,"934":16,"935":0,"940":0,"945":16,"946":0,"947":0,"948":0,"949":0,"950":0,"951":0,"955":0,"959":16,"960":0,"961":0,"962":0,"963":0,"964":0,"965":0,"967":0,"968":0,"969":0,"970":0,"971":0,"974":0,"979":16,"980":0,"981":0,"982":0,"983":0,"984":0,"986":0,"987":0,"988":0,"991":16,"992":0,"993":0,"994":0,"995":0,"997":0,"998":0,"999":0,"1002":0,"1004":0,"1005":0,"1006":0,"1007":0,"1008":0,"1009":0,"1010":0,"1011":0,"1012":0,"1013":0,"1014":0,"1015":0,"1016":0,"1019":0,"1020":0,"1021":0,"1025":16,"1026":0,"1027":0,"1030":16,"1031":0,"1032":0,"1035":0,"1036":0,"1037":0,"1038":0,"1039":0,"1040":0,"1041":0,"1042":0,"1047":16,"1048":0,"1049":0,"1050":0,"1052":0,"1053":0,"1056":16,"1057":0,"1058":0,"1059":0,"1060":0,"1061":0,"1065":16,"1066":6,"1067":6,"1068":6,"1069":6,"1070":6,"1073":16,"1074":0,"1075":0,"1076":0,"1079":16,"1080":0,"1081":0,"1083":0,"1087":16,"1088":6,"1089":0,"1092":0,"1093":0,"1094":0,"1096":0,"1097":0,"1099":0,"1102":0,"1103":0,"1108":16,"1109":0,"1110":0,"1111":0,"1112":0,"1115":0,"1118":0,"1119":0,"1121":0,"1124":0,"1125":0,"1130":16,"1131":16,"1132":16,"1133":16,"1134":0,"1137":16,"1138":16,"1139":16,"1140":340,"1141":340,"1143":16,"1144":16,"1145":281,"1146":281,"1148":16,"1149":16,"1150":0,"1151":0,"1153":16,"1154":16,"1155":0,"1156":0,"1158":16,"1159":16,"1160":0,"1161":0,"1163":16,"1164":16,"1165":0,"1166":0,"1167":0,"1168":0,"1169":0,"1170":0,"1171":0,"1172":0,"1173":0,"1175":16,"1176":16,"1177":340,"1178":340,"1179":340,"1180":340,"1181":340,"1182":340,"1183":340,"1185":16,"1186":16,"1187":0,"1188":0,"1189":0,"1193":16,"1194":0,"1197":0,"1198":0,"1202":0,"1207":16,"1209":29832,"1212":16,"1213":6,"1214":6,"1215":6,"1216":6,"1217":6,"1218":6,"1219":6,"1221":6,"1222":0,"1224":6,"1225":6,"1227":6,"1228":6,"1229":6,"1230":6,"1231":6,"1232":0,"1234":6,"1235":6,"1236":6,"1237":6,"1238":6,"1239":6,"1240":6,"1241":0,"1244":6,"1245":6,"1248":16,"1250":16,"1251":16,"1253":27,"1254":27,"1259":16,"1261":27,"1263":27,"1264":27,"1265":27,"1266":27,"1267":27,"1268":27,"1269":27,"1270":27,"1271":27,"1272":27,"1273":27,"1274":27,"1276":27,"1281":27,"1282":27,"1283":27,"1284":27,"1286":27,"1287":27,"1288":27,"1289":27,"1290":27,"1292":0,"1297":16,"1298":59,"1299":59,"1300":59,"1301":59,"1302":0,"1303":0,"1304":0,"1306":0,"1308":59,"1309":16,"1311":43,"1315":16,"1317":27,"1318":27,"1321":16,"1322":27,"1323":27,"1328":27,"1329":27,"1330":27,"1332":27,"1333":27,"1335":27,"1336":27,"1337":16,"1338":16,"1339":16,"1341":27,"1342":27,"1344":0,"1348":16,"1349":27,"1350":27,"1355":27,"1356":27,"1358":27,"1359":27,"1361":27,"1362":27,"1363":27,"1364":27,"1365":27,"1366":0,"1368":27,"1369":27,"1370":27,"1372":27,"1375":27,"1376":27,"1378":27,"1379":27,"1380":27,"1381":16,"1382":0,"1385":11,"1388":27,"1389":27,"1390":27,"1391":27,"1392":27,"1393":27,"1394":0,"1395":0,"1397":27,"1398":27,"1399":0,"1400":0,"1403":27,"1404":27,"1405":27,"1407":0,"1411":16,"1413":27,"1416":27,"1417":15,"1418":15,"1419":15,"1421":15,"1423":0,"1425":0,"1427":0,"1429":15,"1430":15,"1433":27,"1434":30,"1435":15,"1437":15,"1439":15,"1441":15,"1442":15,"1444":15,"1446":30,"1447":30,"1450":27,"1451":0,"1452":0,"1453":0,"1455":0,"1457":0,"1459":0,"1460":0,"1463":27,"1464":0,"1465":0,"1467":0,"1469":0,"1471":0,"1473":0,"1474":0,"1478":16,"1479":22,"1480":22,"1481":0,"1483":22,"1486":16,"1488":0,"1489":0,"1490":0,"1491":0,"1492":0,"1493":0,"1496":0,"1502":16,"1503":0,"1504":0,"1506":0,"1507":0,"1508":0,"1509":0,"1511":0,"1512":0,"1515":0,"1516":0,"1518":0,"1522":16,"1523":0,"1524":0,"1526":0,"1527":0,"1528":0,"1529":0,"1530":0,"1532":0,"1536":16,"1537":0,"1538":0,"1540":0,"1541":0,"1542":0,"1543":0,"1544":0,"1546":0,"1551":16,"1552":0,"1553":0,"1554":0,"1555":0,"1556":0,"1557":0,"1559":0,"1561":0,"1564":16,"1566":27,"1568":27,"1569":27,"1571":27,"1573":27,"1576":27,"1578":16,"1579":16,"1580":16,"1581":8,"1583":8,"1585":8,"1587":8,"1589":8,"1591":16,"1592":16,"1595":27,"1596":0,"1597":0,"1600":27,"1601":0,"1602":0,"1604":0,"1606":0,"1607":0,"1610":27,"1611":17,"1612":11,"1614":6,"1616":17,"1620":27,"1621":0,"1622":0,"1623":0,"1624":0,"1625":0,"1626":0,"1627":0,"1629":0,"1632":0,"1633":0,"1635":0,"1637":0,"1639":0,"1640":0,"1644":27,"1645":0,"1646":0,"1647":0,"1648":0,"1649":0,"1650":0,"1652":0,"1654":0,"1657":0,"1661":27,"1662":0,"1664":27,"1671":16,"1672":11,"1675":16,"1676":0,"1679":16,"1680":27,"1683":16,"1684":38,"1687":16,"1688":900,"1691":16,"1692":38,"1695":16,"1696":11,"1699":16,"1700":0,"1703":16,"1704":0,"1707":16,"1708":43,"1711":16,"1712":38,"1715":16,"1716":0,"1719":16,"1720":0,"1723":16,"1724":0,"1727":16,"1728":0,"1731":16,"1732":0,"1735":16,"1736":22,"1739":16,"1740":22,"1743":16,"1744":4,"1747":16,"1748":38,"1749":38,"1750":38,"1751":38,"1754":16,"1755":0,"1758":16,"1759":0,"1762":16,"1763":0,"1766":16,"1767":0,"1770":16,"1771":0,"1774":16,"1775":217,"1778":16,"1779":38,"1782":38,"1786":38,"1788":38,"1789":38,"1790":38,"1792":38,"1793":38,"1794":38,"1795":38,"1796":38,"1797":38,"1798":38,"1801":16,"1803":16,"1806":16,"1807":16,"1810":16,"1811":217,"1814":16,"1815":217,"1818":16,"1819":0,"1822":16,"1823":0,"1826":16,"1827":0,"1830":16,"1831":11,"1833":16,"1834":16,"1837":16,"1838":0,"1841":16,"1901":16}},"../rg2/js/runner.js":{"b":{"1":[11,0],"2":[0,11],"3":[11,0],"4":[11,0],"5":[0,11],"6":[0,0]},"branchMap":{"1":{"line":15,"locations":[{"end":{"column":1,"line":15},"start":{"column":1,"line":15}},{"end":{"column":1,"line":15},"start":{"column":1,"line":15}}],"type":"if"},"2":{"line":21,"locations":[{"end":{"column":1,"line":21},"start":{"column":1,"line":21}},{"end":{"column":1,"line":21},"start":{"column":1,"line":21}}],"type":"if"},"3":{"line":63,"locations":[{"end":{"column":1,"line":63},"start":{"column":1,"line":63}},{"end":{"column":1,"line":63},"start":{"column":1,"line":63}}],"type":"if"},"4":{"line":133,"locations":[{"end":{"column":1,"line":133},"start":{"column":1,"line":133}},{"end":{"column":1,"line":133},"start":{"column":1,"line":133}}],"type":"if"},"5":{"line":134,"locations":[{"end":{"column":4,"line":134},"start":{"column":4,"line":134}},{"end":{"column":4,"line":134},"start":{"column":4,"line":134}}],"type":"if"},"6":{"line":137,"locations":[{"end":{"column":8,"line":137},"start":{"column":8,"line":137}},{"end":{"column":8,"line":137},"start":{"column":8,"line":137}}],"type":"if"}},"f":{"1":11},"fnMap":{"1":{"line":4,"loc":{"end":{"column":26,"line":4},"start":{"column":0,"line":4}},"name":"Runner"}},"path":"../rg2/js/runner.js","s":{"1":16,"2":11,"3":11,"4":11,"5":11,"6":11,"7":11,"8":11,"9":11,"10":11,"11":11,"12":11,"13":0,"14":11,"15":0,"16":0,"17":0,"18":0,"19":0,"20":11,"21":11,"22":11,"23":11,"24":11,"25":11,"26":11,"27":11,"28":11,"29":11,"30":11,"31":11,"32":11,"33":11,"34":11,"35":11,"36":11,"37":11,"38":11,"39":11,"40":11,"41":11,"42":11,"43":11,"44":11,"45":11,"46":11,"47":11,"48":11,"49":11,"50":11,"51":11,"52":11,"53":11,"54":11,"55":11,"56":11,"57":11,"58":13392,"59":13392,"60":13392,"61":13392,"62":13392,"63":13392,"64":13392,"65":13392,"66":13392,"67":26784,"68":26784,"69":26784,"70":13392,"71":13392,"72":13392,"73":13392,"74":13392,"75":13392,"76":13392,"77":0,"78":0,"79":0,"80":0,"81":0,"82":0,"83":0,"84":0,"85":0,"86":0,"87":0,"88":0,"89":0,"90":0,"91":0,"92":0,"93":0,"94":0,"95":0,"96":0,"97":0,"98":0,"99":0,"100":0,"101":0,"102":0,"103":0,"104":11,"105":11,"106":11,"107":11,"108":11,"109":0,"110":0,"111":0,"112":0,"113":0,"114":0,"115":11,"116":11,"117":11,"118":11},"statementMap":{"1":{"end":{"column":1,"line":154},"start":{"column":0,"line":4}},"2":{"end":{"column":9,"line":5},"start":{"column":1,"line":5}},"3":{"end":{"column":12,"line":6},"start":{"column":1,"line":6}},"4":{"end":{"column":35,"line":7},"start":{"column":1,"line":7}},"5":{"end":{"column":22,"line":8},"start":{"column":1,"line":8}},"6":{"end":{"column":30,"line":9},"start":{"column":1,"line":9}},"7":{"end":{"column":26,"line":11},"start":{"column":1,"line":11}},"8":{"end":{"column":32,"line":12},"start":{"column":1,"line":12}},"9":{"end":{"column":26,"line":13},"start":{"column":1,"line":13}},"10":{"end":{"column":26,"line":14},"start":{"column":1,"line":14}},"11":{"end":{"column":3,"line":19},"start":{"column":1,"line":15}},"12":{"end":{"column":43,"line":16},"start":{"column":4,"line":16}},"13":{"end":{"column":34,"line":18},"start":{"column":4,"line":18}},"14":{"end":{"column":2,"line":30},"start":{"column":1,"line":21}},"15":{"end":{"column":16,"line":22},"start":{"column":4,"line":22}},"16":{"end":{"column":33,"line":23},"start":{"column":4,"line":23}},"17":{"end":{"column":26,"line":24},"start":{"column":4,"line":24}},"18":{"end":{"column":26,"line":25},"start":{"column":4,"line":25}},"19":{"end":{"column":34,"line":26},"start":{"column":4,"line":26}},"20":{"end":{"column":48,"line":28},"start":{"column":4,"line":28}},"21":{"end":{"column":32,"line":32},"start":{"column":2,"line":32}},"22":{"end":{"column":55,"line":34},"start":{"column":1,"line":34}},"23":{"end":{"column":13,"line":35},"start":{"column":1,"line":35}},"24":{"end":{"column":13,"line":36},"start":{"column":1,"line":36}},"25":{"end":{"column":28,"line":38},"start":{"column":1,"line":38}},"26":{"end":{"column":35,"line":39},"start":{"column":1,"line":39}},"27":{"end":{"column":29,"line":40},"start":{"column":1,"line":40}},"28":{"end":{"column":25,"line":41},"start":{"column":1,"line":41}},"29":{"end":{"column":25,"line":42},"start":{"column":1,"line":42}},"30":{"end":{"column":27,"line":43},"start":{"column":1,"line":43}},"31":{"end":{"column":23,"line":44},"start":{"column":1,"line":44}},"32":{"end":{"column":18,"line":45},"start":{"column":1,"line":45}},"33":{"end":{"column":22,"line":46},"start":{"column":1,"line":46}},"34":{"end":{"column":9,"line":47},"start":{"column":1,"line":47}},"35":{"end":{"column":9,"line":48},"start":{"column":1,"line":48}},"36":{"end":{"column":25,"line":49},"start":{"column":1,"line":49}},"37":{"end":{"column":25,"line":50},"start":{"column":1,"line":50}},"38":{"end":{"column":14,"line":51},"start":{"column":1,"line":51}},"39":{"end":{"column":11,"line":52},"start":{"column":1,"line":52}},"40":{"end":{"column":11,"line":53},"start":{"column":1,"line":53}},"41":{"end":{"column":11,"line":54},"start":{"column":1,"line":54}},"42":{"end":{"column":14,"line":55},"start":{"column":1,"line":55}},"43":{"end":{"column":13,"line":56},"start":{"column":1,"line":56}},"44":{"end":{"column":7,"line":57},"start":{"column":1,"line":57}},"45":{"end":{"column":8,"line":58},"start":{"column":1,"line":58}},"46":{"end":{"column":10,"line":59},"start":{"column":1,"line":59}},"47":{"end":{"column":20,"line":60},"start":{"column":1,"line":60}},"48":{"end":{"column":9,"line":61},"start":{"column":1,"line":61}},"49":{"end":{"column":2,"line":127},"start":{"column":1,"line":63}},"50":{"end":{"column":28,"line":65},"start":{"column":2,"line":65}},"51":{"end":{"column":28,"line":66},"start":{"column":2,"line":66}},"52":{"end":{"column":28,"line":67},"start":{"column":2,"line":67}},"53":{"end":{"column":24,"line":68},"start":{"column":2,"line":68}},"54":{"end":{"column":24,"line":69},"start":{"column":2,"line":69}},"55":{"end":{"column":15,"line":70},"start":{"column":2,"line":70}},"56":{"end":{"column":11,"line":71},"start":{"column":2,"line":71}},"57":{"end":{"column":3,"line":94},"start":{"column":2,"line":73}},"58":{"end":{"column":24,"line":74},"start":{"column":3,"line":74}},"59":{"end":{"column":24,"line":75},"start":{"column":3,"line":75}},"60":{"end":{"column":23,"line":76},"start":{"column":3,"line":76}},"61":{"end":{"column":23,"line":77},"start":{"column":3,"line":77}},"62":{"end":{"column":94,"line":78},"start":{"column":3,"line":78}},"63":{"end":{"column":30,"line":79},"start":{"column":3,"line":79}},"64":{"end":{"column":29,"line":80},"start":{"column":3,"line":80}},"65":{"end":{"column":35,"line":81},"start":{"column":3,"line":81}},"66":{"end":{"column":4,"line":86},"start":{"column":3,"line":82}},"67":{"end":{"column":73,"line":83},"start":{"column":4,"line":83}},"68":{"end":{"column":73,"line":84},"start":{"column":4,"line":84}},"69":{"end":{"column":91,"line":85},"start":{"column":4,"line":85}},"70":{"end":{"column":26,"line":87},"start":{"column":3,"line":87}},"71":{"end":{"column":26,"line":88},"start":{"column":3,"line":88}},"72":{"end":{"column":39,"line":89},"start":{"column":3,"line":89}},"73":{"end":{"column":15,"line":90},"start":{"column":3,"line":90}},"74":{"end":{"column":15,"line":91},"start":{"column":3,"line":91}},"75":{"end":{"column":19,"line":92},"start":{"column":3,"line":92}},"76":{"end":{"column":27,"line":93},"start":{"column":3,"line":93}},"77":{"end":{"column":26,"line":98},"start":{"column":2,"line":98}},"78":{"end":{"column":26,"line":99},"start":{"column":2,"line":99}},"79":{"end":{"column":28,"line":100},"start":{"column":2,"line":100}},"80":{"end":{"column":22,"line":101},"start":{"column":2,"line":101}},"81":{"end":{"column":22,"line":102},"start":{"column":2,"line":102}},"82":{"end":{"column":15,"line":103},"start":{"column":2,"line":103}},"83":{"end":{"column":11,"line":104},"start":{"column":2,"line":104}},"84":{"end":{"column":3,"line":126},"start":{"column":2,"line":105}},"85":{"end":{"column":27,"line":106},"start":{"column":3,"line":106}},"86":{"end":{"column":27,"line":107},"start":{"column":3,"line":107}},"87":{"end":{"column":23,"line":108},"start":{"column":3,"line":108}},"88":{"end":{"column":23,"line":109},"start":{"column":3,"line":109}},"89":{"end":{"column":94,"line":110},"start":{"column":3,"line":110}},"90":{"end":{"column":30,"line":111},"start":{"column":3,"line":111}},"91":{"end":{"column":39,"line":112},"start":{"column":3,"line":112}},"92":{"end":{"column":45,"line":113},"start":{"column":3,"line":113}},"93":{"end":{"column":4,"line":118},"start":{"column":3,"line":114}},"94":{"end":{"column":78,"line":115},"start":{"column":4,"line":115}},"95":{"end":{"column":78,"line":116},"start":{"column":4,"line":116}},"96":{"end":{"column":91,"line":117},"start":{"column":4,"line":117}},"97":{"end":{"column":31,"line":119},"start":{"column":3,"line":119}},"98":{"end":{"column":31,"line":120},"start":{"column":3,"line":120}},"99":{"end":{"column":44,"line":121},"start":{"column":3,"line":121}},"100":{"end":{"column":15,"line":122},"start":{"column":3,"line":122}},"101":{"end":{"column":15,"line":123},"start":{"column":3,"line":123}},"102":{"end":{"column":19,"line":124},"start":{"column":3,"line":124}},"103":{"end":{"column":37,"line":125},"start":{"column":3,"line":125}},"104":{"end":{"column":30,"line":130},"start":{"column":1,"line":130}},"105":{"end":{"column":37,"line":131},"start":{"column":1,"line":131}},"106":{"end":{"column":49,"line":132},"start":{"column":2,"line":132}},"107":{"end":{"column":2,"line":150},"start":{"column":1,"line":133}},"108":{"end":{"column":3,"line":149},"start":{"column":4,"line":134}},"109":{"end":{"column":7,"line":144},"start":{"column":6,"line":135}},"110":{"end":{"column":9,"line":141},"start":{"column":8,"line":137}},"111":{"end":{"column":36,"line":138},"start":{"column":10,"line":138}},"112":{"end":{"column":31,"line":140},"start":{"column":10,"line":140}},"113":{"end":{"column":84,"line":142},"start":{"column":8,"line":142}},"114":{"end":{"column":123,"line":143},"start":{"column":8,"line":143}},"115":{"end":{"column":80,"line":147},"start":{"column":6,"line":147}},"116":{"end":{"column":87,"line":148},"start":{"column":6,"line":148}},"117":{"end":{"column":9,"line":152},"start":{"column":1,"line":152}},"118":{"end":{"column":12,"line":153},"start":{"column":1,"line":153}}},"l":{"4":16,"5":11,"6":11,"7":11,"8":11,"9":11,"11":11,"12":11,"13":11,"14":11,"15":11,"16":11,"18":0,"21":11,"22":0,"23":0,"24":0,"25":0,"26":0,"28":11,"32":11,"34":11,"35":11,"36":11,"38":11,"39":11,"40":11,"41":11,"42":11,"43":11,"44":11,"45":11,"46":11,"47":11,"48":11,"49":11,"50":11,"51":11,"52":11,"53":11,"54":11,"55":11,"56":11,"57":11,"58":11,"59":11,"60":11,"61":11,"63":11,"65":11,"66":11,"67":11,"68":11,"69":11,"70":11,"71":11,"73":11,"74":13392,"75":13392,"76":13392,"77":13392,"78":13392,"79":13392,"80":13392,"81":13392,"82":13392,"83":26784,"84":26784,"85":26784,"87":13392,"88":13392,"89":13392,"90":13392,"91":13392,"92":13392,"93":13392,"98":0,"99":0,"100":0,"101":0,"102":0,"103":0,"104":0,"105":0,"106":0,"107":0,"108":0,"109":0,"110":0,"111":0,"112":0,"113":0,"114":0,"115":0,"116":0,"117":0,"119":0,"120":0,"121":0,"122":0,"123":0,"124":0,"125":0,"130":11,"131":11,"132":11,"133":11,"134":11,"135":0,"137":0,"138":0,"140":0,"142":0,"143":0,"147":11,"148":11,"152":11,"153":11}}}