{"../rg2/js/animation.js":{"b":{"1":[777,777],"2":[20,14016],"3":[69,757],"4":[110,89],"5":[89,110],"6":[11,8],"7":[0,8],"8":[8,0],"9":[817,13230],"10":[40,777],"11":[30,29],"12":[30,0],"13":[213,683],"14":[184,712],"15":[381,515],"16":[10,10],"17":[9,20],"18":[19,10],"19":[19,0],"20":[58,337],"21":[20,38],"22":[20,317],"23":[20,10],"24":[10,10],"25":[278,2386],"26":[268,10],"27":[230,38],"28":[2186,200],"29":[1985,201],"30":[140,2524],"31":[9277,37120],"32":[20091,17029],"33":[37120,17029],"34":[1990944,262990],"35":[2253934,2000250],"36":[46150,247],"37":[41217,5180],"38":[1480,39737],"39":[608,2056],"40":[510,247],"41":[98,510],"42":[36,31],"43":[60,10],"44":[3014,244],"45":[2941,317],"46":[1349,1909]},"branchMap":{"1":{"line":45,"locations":[{"end":{"column":6,"line":45},"start":{"column":6,"line":45}},{"end":{"column":6,"line":45},"start":{"column":6,"line":45}}],"type":"if"},"2":{"line":57,"locations":[{"end":{"column":6,"line":57},"start":{"column":6,"line":57}},{"end":{"column":6,"line":57},"start":{"column":6,"line":57}}],"type":"if"},"3":{"line":63,"locations":[{"end":{"column":2,"line":63},"start":{"column":2,"line":63}},{"end":{"column":2,"line":63},"start":{"column":2,"line":63}}],"type":"if"},"4":{"line":70,"locations":[{"end":{"column":2,"line":70},"start":{"column":2,"line":70}},{"end":{"column":2,"line":70},"start":{"column":2,"line":70}}],"type":"if"},"5":{"line":91,"locations":[{"end":{"column":2,"line":91},"start":{"column":2,"line":91}},{"end":{"column":2,"line":91},"start":{"column":2,"line":91}}],"type":"if"},"6":{"line":116,"locations":[{"end":{"column":2,"line":116},"start":{"column":2,"line":116}},{"end":{"column":2,"line":116},"start":{"column":2,"line":116}}],"type":"if"},"7":{"line":120,"locations":[{"end":{"column":4,"line":120},"start":{"column":4,"line":120}},{"end":{"column":4,"line":120},"start":{"column":4,"line":120}}],"type":"if"},"8":{"line":141,"locations":[{"end":{"column":3,"line":141},"start":{"column":3,"line":141}},{"end":{"column":3,"line":141},"start":{"column":3,"line":141}}],"type":"if"},"9":{"line":178,"locations":[{"end":{"column":3,"line":178},"start":{"column":3,"line":178}},{"end":{"column":3,"line":178},"start":{"column":3,"line":178}}],"type":"if"},"10":{"line":183,"locations":[{"end":{"column":2,"line":183},"start":{"column":2,"line":183}},{"end":{"column":2,"line":183},"start":{"column":2,"line":183}}],"type":"if"},"11":{"line":189,"locations":[{"end":{"column":2,"line":189},"start":{"column":2,"line":189}},{"end":{"column":2,"line":189},"start":{"column":2,"line":189}}],"type":"if"},"12":{"line":201,"locations":[{"end":{"column":2,"line":201},"start":{"column":2,"line":201}},{"end":{"column":2,"line":201},"start":{"column":2,"line":201}}],"type":"if"},"13":{"line":213,"locations":[{"end":{"column":3,"line":213},"start":{"column":3,"line":213}},{"end":{"column":3,"line":213},"start":{"column":3,"line":213}}],"type":"if"},"14":{"line":216,"locations":[{"end":{"column":3,"line":216},"start":{"column":3,"line":216}},{"end":{"column":3,"line":216},"start":{"column":3,"line":216}}],"type":"if"},"15":{"line":219,"locations":[{"end":{"column":3,"line":219},"start":{"column":3,"line":219}},{"end":{"column":3,"line":219},"start":{"column":3,"line":219}}],"type":"if"},"16":{"line":237,"locations":[{"end":{"column":2,"line":237},"start":{"column":2,"line":237}},{"end":{"column":2,"line":237},"start":{"column":2,"line":237}}],"type":"if"},"17":{"line":253,"locations":[{"end":{"column":2,"line":253},"start":{"column":2,"line":253}},{"end":{"column":2,"line":253},"start":{"column":2,"line":253}}],"type":"if"},"18":{"line":270,"locations":[{"end":{"column":2,"line":270},"start":{"column":2,"line":270}},{"end":{"column":2,"line":270},"start":{"column":2,"line":270}}],"type":"if"},"19":{"line":274,"locations":[{"end":{"column":3,"line":274},"start":{"column":3,"line":274}},{"end":{"column":3,"line":274},"start":{"column":3,"line":274}}],"type":"if"},"20":{"line":289,"locations":[{"end":{"column":2,"line":289},"start":{"column":2,"line":289}},{"end":{"column":2,"line":289},"start":{"column":2,"line":289}}],"type":"if"},"21":{"line":292,"locations":[{"end":{"column":3,"line":292},"start":{"column":3,"line":292}},{"end":{"column":3,"line":292},"start":{"column":3,"line":292}}],"type":"if"},"22":{"line":301,"locations":[{"end":{"column":3,"line":301},"start":{"column":3,"line":301}},{"end":{"column":3,"line":301},"start":{"column":3,"line":301}}],"type":"if"},"23":{"line":316,"locations":[{"end":{"column":2,"line":316},"start":{"column":2,"line":316}},{"end":{"column":2,"line":316},"start":{"column":2,"line":316}}],"type":"if"},"24":{"line":317,"locations":[{"end":{"column":6,"line":317},"start":{"column":6,"line":317}},{"end":{"column":6,"line":317},"start":{"column":6,"line":317}}],"type":"if"},"25":{"line":335,"locations":[{"end":{"column":2,"line":335},"start":{"column":2,"line":335}},{"end":{"column":2,"line":335},"start":{"column":2,"line":335}}],"type":"if"},"26":{"line":336,"locations":[{"end":{"column":3,"line":336},"start":{"column":3,"line":336}},{"end":{"column":3,"line":336},"start":{"column":3,"line":336}}],"type":"if"},"27":{"line":337,"locations":[{"end":{"column":4,"line":337},"start":{"column":4,"line":337}},{"end":{"column":4,"line":337},"start":{"column":4,"line":337}}],"type":"if"},"28":{"line":342,"locations":[{"end":{"column":3,"line":342},"start":{"column":3,"line":342}},{"end":{"column":3,"line":342},"start":{"column":3,"line":342}}],"type":"if"},"29":{"line":343,"locations":[{"end":{"column":4,"line":343},"start":{"column":4,"line":343}},{"end":{"column":4,"line":343},"start":{"column":4,"line":343}}],"type":"if"},"30":{"line":357,"locations":[{"end":{"column":2,"line":357},"start":{"column":2,"line":357}},{"end":{"column":2,"line":357},"start":{"column":2,"line":357}}],"type":"if"},"31":{"line":365,"locations":[{"end":{"column":3,"line":365},"start":{"column":3,"line":365}},{"end":{"column":3,"line":365},"start":{"column":3,"line":365}}],"type":"if"},"32":{"line":368,"locations":[{"end":{"column":4,"line":368},"start":{"column":4,"line":368}},{"end":{"column":4,"line":368},"start":{"column":4,"line":368}}],"type":"if"},"33":{"line":368,"locations":[{"end":{"column":36,"line":368},"start":{"column":9,"line":368}},{"end":{"column":86,"line":368},"start":{"column":42,"line":368}}],"type":"binary-expr"},"34":{"line":384,"locations":[{"end":{"column":4,"line":384},"start":{"column":4,"line":384}},{"end":{"column":4,"line":384},"start":{"column":4,"line":384}}],"type":"if"},"35":{"line":384,"locations":[{"end":{"column":23,"line":384},"start":{"column":9,"line":384}},{"end":{"column":67,"line":384},"start":{"column":29,"line":384}}],"type":"binary-expr"},"36":{"line":391,"locations":[{"end":{"column":3,"line":391},"start":{"column":3,"line":391}},{"end":{"column":3,"line":391},"start":{"column":3,"line":391}}],"type":"if"},"37":{"line":398,"locations":[{"end":{"column":3,"line":398},"start":{"column":3,"line":398}},{"end":{"column":3,"line":398},"start":{"column":3,"line":398}}],"type":"if"},"38":{"line":403,"locations":[{"end":{"column":4,"line":403},"start":{"column":4,"line":403}},{"end":{"column":4,"line":403},"start":{"column":4,"line":403}}],"type":"if"},"39":{"line":411,"locations":[{"end":{"column":2,"line":411},"start":{"column":2,"line":411}},{"end":{"column":2,"line":411},"start":{"column":2,"line":411}}],"type":"if"},"40":{"line":424,"locations":[{"end":{"column":3,"line":424},"start":{"column":3,"line":424}},{"end":{"column":3,"line":424},"start":{"column":3,"line":424}}],"type":"if"},"41":{"line":429,"locations":[{"end":{"column":2,"line":429},"start":{"column":2,"line":429}},{"end":{"column":2,"line":429},"start":{"column":2,"line":429}}],"type":"if"},"42":{"line":434,"locations":[{"end":{"column":4,"line":434},"start":{"column":4,"line":434}},{"end":{"column":4,"line":434},"start":{"column":4,"line":434}}],"type":"if"},"43":{"line":446,"locations":[{"end":{"column":2,"line":446},"start":{"column":2,"line":446}},{"end":{"column":2,"line":446},"start":{"column":2,"line":446}}],"type":"if"},"44":{"line":459,"locations":[{"end":{"column":2,"line":459},"start":{"column":2,"line":459}},{"end":{"column":2,"line":459},"start":{"column":2,"line":459}}],"type":"if"},"45":{"line":466,"locations":[{"end":{"column":2,"line":466},"start":{"column":2,"line":466}},{"end":{"column":2,"line":466},"start":{"column":2,"line":466}}],"type":"if"},"46":{"line":472,"locations":[{"end":{"column":2,"line":472},"start":{"column":2,"line":472}},{"end":{"column":2,"line":472},"start":{"column":2,"line":472}}],"type":"if"}},"f":{"1":15,"2":24,"3":42,"4":846,"5":199,"6":40,"7":199,"8":19,"9":817,"10":59,"11":30,"12":199,"13":29,"14":2215,"15":20,"16":30,"17":29,"18":29,"19":395,"20":30,"21":2664,"22":608,"23":70,"24":90,"25":3258},"fnMap":{"1":{"line":6,"loc":{"end":{"column":22,"line":6},"start":{"column":1,"line":6}},"name":"Animation"},"2":{"line":31,"loc":{"end":{"column":29,"line":31},"start":{"column":18,"line":31}},"name":"(anonymous_2)"},"3":{"line":42,"loc":{"end":{"column":53,"line":42},"start":{"column":18,"line":42}},"name":"(anonymous_3)"},"4":{"line":54,"loc":{"end":{"column":45,"line":54},"start":{"column":13,"line":54}},"name":"(anonymous_4)"},"5":{"line":68,"loc":{"end":{"column":37,"line":68},"start":{"column":26,"line":68}},"name":"(anonymous_5)"},"6":{"line":84,"loc":{"end":{"column":35,"line":84},"start":{"column":20,"line":84}},"name":"(anonymous_6)"},"7":{"line":89,"loc":{"end":{"column":32,"line":89},"start":{"column":21,"line":89}},"name":"(anonymous_7)"},"8":{"line":100,"loc":{"end":{"column":29,"line":100},"start":{"column":18,"line":100}},"name":"(anonymous_8)"},"9":{"line":176,"loc":{"end":{"column":50,"line":176},"start":{"column":16,"line":176}},"name":"(anonymous_9)"},"10":{"line":188,"loc":{"end":{"column":30,"line":188},"start":{"column":19,"line":188}},"name":"(anonymous_10)"},"11":{"line":200,"loc":{"end":{"column":29,"line":200},"start":{"column":18,"line":200}},"name":"(anonymous_11)"},"12":{"line":206,"loc":{"end":{"column":38,"line":206},"start":{"column":27,"line":206}},"name":"(anonymous_12)"},"13":{"line":226,"loc":{"end":{"column":28,"line":226},"start":{"column":17,"line":226}},"name":"(anonymous_13)"},"14":{"line":232,"loc":{"end":{"column":27,"line":232},"start":{"column":16,"line":232}},"name":"(anonymous_14)"},"15":{"line":236,"loc":{"end":{"column":36,"line":236},"start":{"column":16,"line":236}},"name":"(anonymous_15)"},"16":{"line":245,"loc":{"end":{"column":35,"line":245},"start":{"column":17,"line":245}},"name":"(anonymous_16)"},"17":{"line":250,"loc":{"end":{"column":37,"line":250},"start":{"column":19,"line":250}},"name":"(anonymous_17)"},"18":{"line":269,"loc":{"end":{"column":32,"line":269},"start":{"column":17,"line":269}},"name":"(anonymous_18)"},"19":{"line":287,"loc":{"end":{"column":37,"line":287},"start":{"column":22,"line":287}},"name":"(anonymous_19)"},"20":{"line":314,"loc":{"end":{"column":32,"line":314},"start":{"column":21,"line":314}},"name":"(anonymous_20)"},"21":{"line":332,"loc":{"end":{"column":36,"line":332},"start":{"column":16,"line":332}},"name":"(anonymous_21)"},"22":{"line":417,"loc":{"end":{"column":45,"line":417},"start":{"column":23,"line":417}},"name":"(anonymous_22)"},"23":{"line":445,"loc":{"end":{"column":23,"line":445},"start":{"column":12,"line":445}},"name":"(anonymous_23)"},"24":{"line":451,"loc":{"end":{"column":23,"line":451},"start":{"column":12,"line":451}},"name":"(anonymous_24)"},"25":{"line":456,"loc":{"end":{"column":37,"line":456},"start":{"column":22,"line":456}},"name":"(anonymous_25)"}},"path":"../rg2/js/animation.js","s":{"1":15,"2":15,"3":15,"4":15,"5":15,"6":15,"7":15,"8":15,"9":15,"10":15,"11":15,"12":15,"13":15,"14":15,"15":15,"16":15,"17":24,"18":24,"19":24,"20":24,"21":24,"22":24,"23":42,"24":42,"25":1554,"26":777,"27":777,"28":42,"29":846,"30":846,"31":14036,"32":20,"33":826,"34":826,"35":69,"36":199,"37":199,"38":110,"39":110,"40":110,"41":110,"42":89,"43":89,"44":199,"45":199,"46":40,"47":40,"48":199,"49":199,"50":89,"51":110,"52":896,"53":110,"54":19,"55":19,"56":19,"57":19,"58":19,"59":19,"60":19,"61":19,"62":19,"63":19,"64":19,"65":19,"66":19,"67":19,"68":19,"69":11,"70":8,"71":0,"72":0,"73":0,"74":0,"75":0,"76":0,"77":0,"78":0,"79":0,"80":0,"81":8,"82":8,"83":8,"84":8,"85":8,"86":8,"87":8,"88":8,"89":8,"90":8,"91":8,"92":240,"93":8,"94":8,"95":8,"96":8,"97":8,"98":8,"99":248,"100":248,"101":248,"102":8,"103":8,"104":248,"105":8,"106":8,"107":248,"108":8,"109":8,"110":817,"111":14047,"112":817,"113":817,"114":40,"115":59,"116":30,"117":30,"118":30,"119":29,"120":29,"121":29,"122":30,"123":30,"124":199,"125":199,"126":199,"127":199,"128":896,"129":213,"130":896,"131":184,"132":896,"133":381,"134":199,"135":29,"136":29,"137":2215,"138":20,"139":10,"140":10,"141":20,"142":30,"143":30,"144":29,"145":29,"146":29,"147":9,"148":9,"149":9,"150":18,"151":20,"152":20,"153":740,"154":29,"155":29,"156":19,"157":19,"158":19,"159":19,"160":19,"161":10,"162":10,"163":10,"164":10,"165":29,"166":395,"167":58,"168":20,"169":38,"170":58,"171":58,"172":58,"173":337,"174":20,"175":317,"176":337,"177":337,"178":337,"179":395,"180":395,"181":30,"182":30,"183":20,"184":10,"185":10,"186":10,"187":10,"188":10,"189":10,"190":10,"191":30,"192":2664,"193":2664,"194":278,"195":268,"196":230,"197":2386,"198":2186,"199":1985,"200":2664,"201":2664,"202":2664,"203":2664,"204":2664,"205":2664,"206":2664,"207":2664,"208":2664,"209":2664,"210":140,"211":2524,"212":2664,"213":46397,"214":46397,"215":9277,"216":37120,"217":20091,"218":17029,"219":46397,"220":46397,"221":46397,"222":46397,"223":46397,"224":2253934,"225":1990944,"226":46397,"227":46397,"228":46397,"229":46397,"230":46150,"231":247,"232":46397,"233":46397,"234":46397,"235":41217,"236":41217,"237":41217,"238":41217,"239":41217,"240":1480,"241":39737,"242":41217,"243":2664,"244":608,"245":608,"246":608,"247":608,"248":608,"249":757,"250":757,"251":510,"252":510,"253":608,"254":98,"255":98,"256":67,"257":36,"258":31,"259":98,"260":70,"261":60,"262":90,"263":3258,"264":3258,"265":3258,"266":3014,"267":244,"268":3258,"269":3258,"270":3258,"271":2941,"272":317,"273":3258,"274":3258,"275":1349,"276":1909,"277":3258},"statementMap":{"1":{"end":{"column":1,"line":26},"start":{"column":1,"line":6}},"2":{"end":{"column":19,"line":8},"start":{"column":1,"line":8}},"3":{"end":{"column":19,"line":9},"start":{"column":1,"line":9}},"4":{"end":{"column":24,"line":10},"start":{"column":1,"line":10}},"5":{"end":{"column":20,"line":11},"start":{"column":1,"line":11}},"6":{"end":{"column":26,"line":13},"start":{"column":1,"line":13}},"7":{"end":{"column":23,"line":15},"start":{"column":1,"line":15}},"8":{"end":{"column":28,"line":16},"start":{"column":1,"line":16}},"9":{"end":{"column":27,"line":17},"start":{"column":1,"line":17}},"10":{"end":{"column":21,"line":18},"start":{"column":1,"line":18}},"11":{"end":{"column":27,"line":19},"start":{"column":1,"line":19}},"12":{"end":{"column":27,"line":21},"start":{"column":1,"line":21}},"13":{"end":{"column":33,"line":23},"start":{"column":1,"line":23}},"14":{"end":{"column":26,"line":24},"start":{"column":1,"line":24}},"15":{"end":{"column":30,"line":25},"start":{"column":1,"line":25}},"16":{"end":{"column":2,"line":479},"start":{"column":0,"line":28}},"17":{"end":{"column":26,"line":32},"start":{"column":2,"line":32}},"18":{"end":{"column":28,"line":33},"start":{"column":2,"line":33}},"19":{"end":{"column":20,"line":34},"start":{"column":2,"line":34}},"20":{"end":{"column":32,"line":35},"start":{"column":2,"line":35}},"21":{"end":{"column":67,"line":36},"start":{"column":2,"line":36}},"22":{"end":{"column":51,"line":37},"start":{"column":2,"line":37}},"23":{"end":{"column":10,"line":43},"start":{"column":4,"line":43}},"24":{"end":{"column":5,"line":50},"start":{"column":4,"line":44}},"25":{"end":{"column":7,"line":49},"start":{"column":6,"line":45}},"26":{"end":{"column":60,"line":46},"start":{"column":8,"line":46}},"27":{"end":{"column":51,"line":48},"start":{"column":8,"line":48}},"28":{"end":{"column":34,"line":51},"start":{"column":4,"line":51}},"29":{"end":{"column":8,"line":55},"start":{"column":2,"line":55}},"30":{"end":{"column":3,"line":61},"start":{"column":2,"line":56}},"31":{"end":{"column":7,"line":60},"start":{"column":6,"line":57}},"32":{"end":{"column":13,"line":59},"start":{"column":6,"line":59}},"33":{"end":{"column":28,"line":62},"start":{"column":2,"line":62}},"34":{"end":{"column":3,"line":65},"start":{"column":2,"line":63}},"35":{"end":{"column":36,"line":64},"start":{"column":6,"line":64}},"36":{"end":{"column":38,"line":69},"start":{"column":2,"line":69}},"37":{"end":{"column":3,"line":78},"start":{"column":2,"line":70}},"38":{"end":{"column":33,"line":71},"start":{"column":3,"line":71}},"39":{"end":{"column":38,"line":72},"start":{"column":3,"line":72}},"40":{"end":{"column":32,"line":73},"start":{"column":3,"line":73}},"41":{"end":{"column":39,"line":74},"start":{"column":3,"line":74}},"42":{"end":{"column":32,"line":76},"start":{"column":3,"line":76}},"43":{"end":{"column":42,"line":77},"start":{"column":6,"line":77}},"44":{"end":{"column":33,"line":79},"start":{"column":2,"line":79}},"45":{"end":{"column":68,"line":80},"start":{"column":2,"line":80}},"46":{"end":{"column":32,"line":85},"start":{"column":2,"line":85}},"47":{"end":{"column":20,"line":86},"start":{"column":2,"line":86}},"48":{"end":{"column":16,"line":90},"start":{"column":2,"line":90}},"49":{"end":{"column":3,"line":93},"start":{"column":2,"line":91}},"50":{"end":{"column":15,"line":92},"start":{"column":3,"line":92}},"51":{"end":{"column":3,"line":96},"start":{"column":2,"line":94}},"52":{"end":{"column":130,"line":95},"start":{"column":3,"line":95}},"53":{"end":{"column":14,"line":97},"start":{"column":2,"line":97}},"54":{"end":{"column":11,"line":101},"start":{"column":2,"line":101}},"55":{"end":{"column":8,"line":102},"start":{"column":2,"line":102}},"56":{"end":{"column":8,"line":103},"start":{"column":2,"line":103}},"57":{"end":{"column":10,"line":104},"start":{"column":2,"line":104}},"58":{"end":{"column":21,"line":105},"start":{"column":2,"line":105}},"59":{"end":{"column":11,"line":106},"start":{"column":2,"line":106}},"60":{"end":{"column":13,"line":107},"start":{"column":2,"line":107}},"61":{"end":{"column":13,"line":108},"start":{"column":2,"line":108}},"62":{"end":{"column":12,"line":109},"start":{"column":2,"line":109}},"63":{"end":{"column":8,"line":110},"start":{"column":2,"line":110}},"64":{"end":{"column":11,"line":111},"start":{"column":2,"line":111}},"65":{"end":{"column":11,"line":112},"start":{"column":2,"line":112}},"66":{"end":{"column":11,"line":113},"start":{"column":2,"line":113}},"67":{"end":{"column":11,"line":114},"start":{"column":2,"line":114}},"68":{"end":{"column":3,"line":118},"start":{"column":2,"line":116}},"69":{"end":{"column":50,"line":117},"start":{"column":3,"line":117}},"70":{"end":{"column":5,"line":134},"start":{"column":4,"line":120}},"71":{"end":{"column":30,"line":121},"start":{"column":6,"line":121}},"72":{"end":{"column":75,"line":122},"start":{"column":6,"line":122}},"73":{"end":{"column":29,"line":123},"start":{"column":6,"line":123}},"74":{"end":{"column":17,"line":124},"start":{"column":6,"line":124}},"75":{"end":{"column":17,"line":125},"start":{"column":6,"line":125}},"76":{"end":{"column":60,"line":126},"start":{"column":6,"line":126}},"77":{"end":{"column":60,"line":127},"start":{"column":6,"line":127}},"78":{"end":{"column":61,"line":128},"start":{"column":6,"line":128}},"79":{"end":{"column":39,"line":129},"start":{"column":6,"line":129}},"80":{"end":{"column":23,"line":130},"start":{"column":6,"line":130}},"81":{"end":{"column":25,"line":132},"start":{"column":6,"line":132}},"82":{"end":{"column":23,"line":133},"start":{"column":6,"line":133}},"83":{"end":{"column":22,"line":136},"start":{"column":2,"line":136}},"84":{"end":{"column":20,"line":137},"start":{"column":2,"line":137}},"85":{"end":{"column":26,"line":138},"start":{"column":2,"line":138}},"86":{"end":{"column":3,"line":144},"start":{"column":2,"line":140}},"87":{"end":{"column":4,"line":143},"start":{"column":3,"line":141}},"88":{"end":{"column":48,"line":142},"start":{"column":4,"line":142}},"89":{"end":{"column":19,"line":146},"start":{"column":2,"line":146}},"90":{"end":{"column":71,"line":148},"start":{"column":2,"line":148}},"91":{"end":{"column":3,"line":151},"start":{"column":2,"line":149}},"92":{"end":{"column":32,"line":150},"start":{"column":3,"line":150}},"93":{"end":{"column":28,"line":152},"start":{"column":2,"line":152}},"94":{"end":{"column":3,"line":171},"start":{"column":2,"line":153}},"95":{"end":{"column":25,"line":154},"start":{"column":3,"line":154}},"96":{"end":{"column":23,"line":155},"start":{"column":3,"line":155}},"97":{"end":{"column":97,"line":156},"start":{"column":3,"line":156}},"98":{"end":{"column":4,"line":161},"start":{"column":3,"line":157}},"99":{"end":{"column":67,"line":158},"start":{"column":4,"line":158}},"100":{"end":{"column":50,"line":159},"start":{"column":4,"line":159}},"101":{"end":{"column":36,"line":160},"start":{"column":4,"line":160}},"102":{"end":{"column":64,"line":162},"start":{"column":3,"line":162}},"103":{"end":{"column":4,"line":165},"start":{"column":3,"line":163}},"104":{"end":{"column":65,"line":164},"start":{"column":4,"line":164}},"105":{"end":{"column":186,"line":166},"start":{"column":3,"line":166}},"106":{"end":{"column":4,"line":169},"start":{"column":3,"line":167}},"107":{"end":{"column":84,"line":168},"start":{"column":4,"line":168}},"108":{"end":{"column":26,"line":172},"start":{"column":2,"line":172}},"109":{"end":{"column":14,"line":173},"start":{"column":2,"line":173}},"110":{"end":{"column":3,"line":182},"start":{"column":2,"line":177}},"111":{"end":{"column":4,"line":181},"start":{"column":3,"line":178}},"112":{"end":{"column":30,"line":180},"start":{"column":4,"line":180}},"113":{"end":{"column":3,"line":185},"start":{"column":2,"line":183}},"114":{"end":{"column":36,"line":184},"start":{"column":6,"line":184}},"115":{"end":{"column":3,"line":197},"start":{"column":2,"line":189}},"116":{"end":{"column":25,"line":190},"start":{"column":3,"line":190}},"117":{"end":{"column":68,"line":191},"start":{"column":3,"line":191}},"118":{"end":{"column":54,"line":192},"start":{"column":3,"line":192}},"119":{"end":{"column":24,"line":194},"start":{"column":3,"line":194}},"120":{"end":{"column":68,"line":195},"start":{"column":3,"line":195}},"121":{"end":{"column":52,"line":196},"start":{"column":3,"line":196}},"122":{"end":{"column":3,"line":203},"start":{"column":2,"line":201}},"123":{"end":{"column":78,"line":202},"start":{"column":3,"line":202}},"124":{"end":{"column":33,"line":209},"start":{"column":2,"line":209}},"125":{"end":{"column":28,"line":210},"start":{"column":2,"line":210}},"126":{"end":{"column":27,"line":211},"start":{"column":2,"line":211}},"127":{"end":{"column":3,"line":222},"start":{"column":2,"line":212}},"128":{"end":{"column":4,"line":215},"start":{"column":3,"line":213}},"129":{"end":{"column":55,"line":214},"start":{"column":4,"line":214}},"130":{"end":{"column":4,"line":218},"start":{"column":3,"line":216}},"131":{"end":{"column":81,"line":217},"start":{"column":4,"line":217}},"132":{"end":{"column":4,"line":221},"start":{"column":3,"line":219}},"133":{"end":{"column":52,"line":220},"start":{"column":4,"line":220}},"134":{"end":{"column":29,"line":223},"start":{"column":2,"line":223}},"135":{"end":{"column":28,"line":227},"start":{"column":2,"line":227}},"136":{"end":{"column":20,"line":228},"start":{"column":2,"line":228}},"137":{"end":{"column":19,"line":233},"start":{"column":2,"line":233}},"138":{"end":{"column":3,"line":241},"start":{"column":2,"line":237}},"139":{"end":{"column":28,"line":238},"start":{"column":3,"line":238}},"140":{"end":{"column":29,"line":240},"start":{"column":3,"line":240}},"141":{"end":{"column":20,"line":242},"start":{"column":2,"line":242}},"142":{"end":{"column":33,"line":246},"start":{"column":2,"line":246}},"143":{"end":{"column":20,"line":247},"start":{"column":2,"line":247}},"144":{"end":{"column":8,"line":251},"start":{"column":2,"line":251}},"145":{"end":{"column":48,"line":252},"start":{"column":2,"line":252}},"146":{"end":{"column":3,"line":265},"start":{"column":2,"line":253}},"147":{"end":{"column":29,"line":254},"start":{"column":3,"line":254}},"148":{"end":{"column":34,"line":255},"start":{"column":3,"line":255}},"149":{"end":{"column":4,"line":259},"start":{"column":3,"line":257}},"150":{"end":{"column":61,"line":258},"start":{"column":4,"line":258}},"151":{"end":{"column":35,"line":261},"start":{"column":3,"line":261}},"152":{"end":{"column":4,"line":264},"start":{"column":3,"line":262}},"153":{"end":{"column":69,"line":263},"start":{"column":4,"line":263}},"154":{"end":{"column":29,"line":266},"start":{"column":2,"line":266}},"155":{"end":{"column":3,"line":282},"start":{"column":2,"line":270}},"156":{"end":{"column":25,"line":271},"start":{"column":3,"line":271}},"157":{"end":{"column":43,"line":272},"start":{"column":3,"line":272}},"158":{"end":{"column":45,"line":273},"start":{"column":3,"line":273}},"159":{"end":{"column":4,"line":276},"start":{"column":3,"line":274}},"160":{"end":{"column":53,"line":275},"start":{"column":4,"line":275}},"161":{"end":{"column":24,"line":278},"start":{"column":3,"line":278}},"162":{"end":{"column":46,"line":279},"start":{"column":3,"line":279}},"163":{"end":{"column":42,"line":280},"start":{"column":3,"line":280}},"164":{"end":{"column":51,"line":281},"start":{"column":3,"line":281}},"165":{"end":{"column":29,"line":284},"start":{"column":2,"line":284}},"166":{"end":{"column":3,"line":309},"start":{"column":2,"line":289}},"167":{"end":{"column":4,"line":296},"start":{"column":3,"line":292}},"168":{"end":{"column":30,"line":293},"start":{"column":4,"line":293}},"169":{"end":{"column":48,"line":295},"start":{"column":4,"line":295}},"170":{"end":{"column":43,"line":297},"start":{"column":3,"line":297}},"171":{"end":{"column":73,"line":298},"start":{"column":3,"line":298}},"172":{"end":{"column":74,"line":299},"start":{"column":3,"line":299}},"173":{"end":{"column":4,"line":305},"start":{"column":3,"line":301}},"174":{"end":{"column":30,"line":302},"start":{"column":4,"line":302}},"175":{"end":{"column":27,"line":304},"start":{"column":4,"line":304}},"176":{"end":{"column":22,"line":306},"start":{"column":3,"line":306}},"177":{"end":{"column":72,"line":307},"start":{"column":3,"line":307}},"178":{"end":{"column":53,"line":308},"start":{"column":3,"line":308}},"179":{"end":{"column":61,"line":310},"start":{"column":2,"line":310}},"180":{"end":{"column":68,"line":311},"start":{"column":2,"line":311}},"181":{"end":{"column":17,"line":315},"start":{"column":2,"line":315}},"182":{"end":{"column":3,"line":328},"start":{"column":2,"line":316}},"183":{"end":{"column":7,"line":324},"start":{"column":6,"line":317}},"184":{"end":{"column":34,"line":318},"start":{"column":8,"line":318}},"185":{"end":{"column":37,"line":319},"start":{"column":8,"line":319}},"186":{"end":{"column":29,"line":320},"start":{"column":8,"line":320}},"187":{"end":{"column":36,"line":322},"start":{"column":8,"line":322}},"188":{"end":{"column":29,"line":323},"start":{"column":8,"line":323}},"189":{"end":{"column":31,"line":326},"start":{"column":6,"line":326}},"190":{"end":{"column":27,"line":327},"start":{"column":3,"line":327}},"191":{"end":{"column":55,"line":329},"start":{"column":4,"line":329}},"192":{"end":{"column":13,"line":333},"start":{"column":4,"line":333}},"193":{"end":{"column":3,"line":347},"start":{"column":2,"line":335}},"194":{"end":{"column":4,"line":340},"start":{"column":3,"line":336}},"195":{"end":{"column":5,"line":339},"start":{"column":4,"line":337}},"196":{"end":{"column":42,"line":338},"start":{"column":5,"line":338}},"197":{"end":{"column":4,"line":346},"start":{"column":3,"line":342}},"198":{"end":{"column":5,"line":345},"start":{"column":4,"line":343}},"199":{"end":{"column":42,"line":344},"start":{"column":5,"line":344}},"200":{"end":{"column":61,"line":348},"start":{"column":2,"line":348}},"201":{"end":{"column":68,"line":349},"start":{"column":2,"line":349}},"202":{"end":{"column":42,"line":350},"start":{"column":2,"line":350}},"203":{"end":{"column":28,"line":351},"start":{"column":2,"line":351}},"204":{"end":{"column":13,"line":352},"start":{"column":2,"line":352}},"205":{"end":{"column":17,"line":353},"start":{"column":2,"line":353}},"206":{"end":{"column":8,"line":354},"start":{"column":2,"line":354}},"207":{"end":{"column":8,"line":355},"start":{"column":2,"line":355}},"208":{"end":{"column":24,"line":356},"start":{"column":2,"line":356}},"209":{"end":{"column":3,"line":361},"start":{"column":2,"line":357}},"210":{"end":{"column":42,"line":358},"start":{"column":3,"line":358}},"211":{"end":{"column":90,"line":360},"start":{"column":3,"line":360}},"212":{"end":{"column":3,"line":410},"start":{"column":2,"line":363}},"213":{"end":{"column":28,"line":364},"start":{"column":3,"line":364}},"214":{"end":{"column":4,"line":375},"start":{"column":3,"line":365}},"215":{"end":{"column":34,"line":366},"start":{"column":4,"line":366}},"216":{"end":{"column":5,"line":374},"start":{"column":4,"line":368}},"217":{"end":{"column":20,"line":370},"start":{"column":5,"line":370}},"218":{"end":{"column":60,"line":373},"start":{"column":5,"line":373}},"219":{"end":{"column":39,"line":376},"start":{"column":3,"line":376}},"220":{"end":{"column":49,"line":377},"start":{"column":3,"line":377}},"221":{"end":{"column":23,"line":378},"start":{"column":3,"line":378}},"222":{"end":{"column":102,"line":379},"start":{"column":3,"line":379}},"223":{"end":{"column":4,"line":387},"start":{"column":3,"line":383}},"224":{"end":{"column":5,"line":386},"start":{"column":4,"line":384}},"225":{"end":{"column":72,"line":385},"start":{"column":5,"line":385}},"226":{"end":{"column":20,"line":388},"start":{"column":3,"line":388}},"227":{"end":{"column":37,"line":389},"start":{"column":3,"line":389}},"228":{"end":{"column":23,"line":390},"start":{"column":3,"line":390}},"229":{"end":{"column":4,"line":395},"start":{"column":3,"line":391}},"230":{"end":{"column":23,"line":392},"start":{"column":4,"line":392}},"231":{"end":{"column":28,"line":394},"start":{"column":4,"line":394}},"232":{"end":{"column":131,"line":396},"start":{"column":3,"line":396}},"233":{"end":{"column":18,"line":397},"start":{"column":3,"line":397}},"234":{"end":{"column":4,"line":409},"start":{"column":3,"line":398}},"235":{"end":{"column":32,"line":399},"start":{"column":4,"line":399}},"236":{"end":{"column":56,"line":400},"start":{"column":4,"line":400}},"237":{"end":{"column":52,"line":401},"start":{"column":4,"line":401}},"238":{"end":{"column":31,"line":402},"start":{"column":4,"line":402}},"239":{"end":{"column":5,"line":407},"start":{"column":4,"line":403}},"240":{"end":{"column":33,"line":404},"start":{"column":10,"line":404}},"241":{"end":{"column":29,"line":406},"start":{"column":10,"line":406}},"242":{"end":{"column":62,"line":408},"start":{"column":4,"line":408}},"243":{"end":{"column":3,"line":413},"start":{"column":2,"line":411}},"244":{"end":{"column":48,"line":412},"start":{"column":3,"line":412}},"245":{"end":{"column":26,"line":418},"start":{"column":2,"line":418}},"246":{"end":{"column":8,"line":419},"start":{"column":2,"line":419}},"247":{"end":{"column":14,"line":420},"start":{"column":2,"line":420}},"248":{"end":{"column":3,"line":428},"start":{"column":2,"line":422}},"249":{"end":{"column":111,"line":423},"start":{"column":3,"line":423}},"250":{"end":{"column":4,"line":427},"start":{"column":3,"line":424}},"251":{"end":{"column":25,"line":425},"start":{"column":4,"line":425}},"252":{"end":{"column":10,"line":426},"start":{"column":4,"line":426}},"253":{"end":{"column":3,"line":442},"start":{"column":2,"line":429}},"254":{"end":{"column":30,"line":431},"start":{"column":3,"line":431}},"255":{"end":{"column":4,"line":440},"start":{"column":3,"line":433}},"256":{"end":{"column":5,"line":439},"start":{"column":4,"line":434}},"257":{"end":{"column":86,"line":436},"start":{"column":5,"line":436}},"258":{"end":{"column":70,"line":438},"start":{"column":5,"line":438}},"259":{"end":{"column":30,"line":441},"start":{"column":3,"line":441}},"260":{"end":{"column":3,"line":448},"start":{"column":2,"line":446}},"261":{"end":{"column":23,"line":447},"start":{"column":3,"line":447}},"262":{"end":{"column":22,"line":452},"start":{"column":2,"line":452}},"263":{"end":{"column":38,"line":457},"start":{"column":2,"line":457}},"264":{"end":{"column":20,"line":458},"start":{"column":2,"line":458}},"265":{"end":{"column":3,"line":463},"start":{"column":2,"line":459}},"266":{"end":{"column":37,"line":460},"start":{"column":3,"line":460}},"267":{"end":{"column":31,"line":462},"start":{"column":3,"line":462}},"268":{"end":{"column":31,"line":464},"start":{"column":2,"line":464}},"269":{"end":{"column":38,"line":465},"start":{"column":2,"line":465}},"270":{"end":{"column":3,"line":470},"start":{"column":2,"line":466}},"271":{"end":{"column":34,"line":467},"start":{"column":3,"line":467}},"272":{"end":{"column":28,"line":469},"start":{"column":3,"line":469}},"273":{"end":{"column":38,"line":471},"start":{"column":2,"line":471}},"274":{"end":{"column":3,"line":476},"start":{"column":2,"line":472}},"275":{"end":{"column":35,"line":473},"start":{"column":3,"line":473}},"276":{"end":{"column":34,"line":475},"start":{"column":3,"line":475}},"277":{"end":{"column":23,"line":477},"start":{"column":2,"line":477}}},"l":{"6":15,"8":15,"9":15,"10":15,"11":15,"13":15,"15":15,"16":15,"17":15,"18":15,"19":15,"21":15,"23":15,"24":15,"25":15,"28":15,"32":24,"33":24,"34":24,"35":24,"36":24,"37":24,"43":42,"44":42,"45":1554,"46":777,"48":777,"51":42,"55":846,"56":846,"57":14036,"59":20,"62":826,"63":826,"64":69,"69":199,"70":199,"71":110,"72":110,"73":110,"74":110,"76":89,"77":89,"79":199,"80":199,"85":40,"86":40,"90":199,"91":199,"92":89,"94":110,"95":896,"97":110,"101":19,"102":19,"103":19,"104":19,"105":19,"106":19,"107":19,"108":19,"109":19,"110":19,"111":19,"112":19,"113":19,"114":19,"116":19,"117":11,"120":8,"121":0,"122":0,"123":0,"124":0,"125":0,"126":0,"127":0,"128":0,"129":0,"130":0,"132":8,"133":8,"136":8,"137":8,"138":8,"140":8,"141":8,"142":8,"146":8,"148":8,"149":8,"150":240,"152":8,"153":8,"154":8,"155":8,"156":8,"157":8,"158":248,"159":248,"160":248,"162":8,"163":8,"164":248,"166":8,"167":8,"168":248,"172":8,"173":8,"177":817,"178":14047,"180":817,"183":817,"184":40,"189":59,"190":30,"191":30,"192":30,"194":29,"195":29,"196":29,"201":30,"202":30,"209":199,"210":199,"211":199,"212":199,"213":896,"214":213,"216":896,"217":184,"219":896,"220":381,"223":199,"227":29,"228":29,"233":2215,"237":20,"238":10,"240":10,"242":20,"246":30,"247":30,"251":29,"252":29,"253":29,"254":9,"255":9,"257":9,"258":18,"261":20,"262":20,"263":740,"266":29,"270":29,"271":19,"272":19,"273":19,"274":19,"275":19,"278":10,"279":10,"280":10,"281":10,"284":29,"289":395,"292":58,"293":20,"295":38,"297":58,"298":58,"299":58,"301":337,"302":20,"304":317,"306":337,"307":337,"308":337,"310":395,"311":395,"315":30,"316":30,"317":20,"318":10,"319":10,"320":10,"322":10,"323":10,"326":10,"327":10,"329":30,"333":2664,"335":2664,"336":278,"337":268,"338":230,"342":2386,"343":2186,"344":1985,"348":2664,"349":2664,"350":2664,"351":2664,"352":2664,"353":2664,"354":2664,"355":2664,"356":2664,"357":2664,"358":140,"360":2524,"363":2664,"364":46397,"365":46397,"366":9277,"368":37120,"370":20091,"373":17029,"376":46397,"377":46397,"378":46397,"379":46397,"383":46397,"384":2253934,"385":1990944,"388":46397,"389":46397,"390":46397,"391":46397,"392":46150,"394":247,"396":46397,"397":46397,"398":46397,"399":41217,"400":41217,"401":41217,"402":41217,"403":41217,"404":1480,"406":39737,"408":41217,"411":2664,"412":608,"418":608,"419":608,"420":608,"422":608,"423":757,"424":757,"425":510,"426":510,"429":608,"431":98,"433":98,"434":67,"436":36,"438":31,"441":98,"446":70,"447":60,"452":90,"457":3258,"458":3258,"459":3258,"460":3014,"462":244,"464":3258,"465":3258,"466":3258,"467":2941,"469":317,"471":3258,"472":3258,"473":1349,"475":1909,"477":3258}},"../rg2/js/controls.js":{"b":{"1":[1905,61337],"2":[874,1905],"3":[0,2664],"4":[0,0],"5":[0,0],"6":[0,0],"7":[0,0],"8":[35476,40544],"9":[40544,35476],"10":[76020,58282],"11":[0,0]},"branchMap":{"1":{"line":14,"locations":[{"end":{"column":3,"line":14},"start":{"column":3,"line":14}},{"end":{"column":3,"line":14},"start":{"column":3,"line":14}}],"type":"if"},"2":{"line":19,"locations":[{"end":{"column":2,"line":19},"start":{"column":2,"line":19}},{"end":{"column":2,"line":19},"start":{"column":2,"line":19}}],"type":"if"},"3":{"line":29,"locations":[{"end":{"column":2,"line":29},"start":{"column":2,"line":29}},{"end":{"column":2,"line":29},"start":{"column":2,"line":29}}],"type":"if"},"4":{"line":39,"locations":[{"end":{"column":4,"line":39},"start":{"column":4,"line":39}},{"end":{"column":4,"line":39},"start":{"column":4,"line":39}}],"type":"if"},"5":{"line":39,"locations":[{"end":{"column":49,"line":39},"start":{"column":9,"line":39}},{"end":{"column":95,"line":39},"start":{"column":55,"line":39}}],"type":"binary-expr"},"6":{"line":43,"locations":[{"end":{"column":5,"line":43},"start":{"column":5,"line":43}},{"end":{"column":5,"line":43},"start":{"column":5,"line":43}}],"type":"if"},"7":{"line":48,"locations":[{"end":{"column":6,"line":48},"start":{"column":6,"line":48}},{"end":{"column":6,"line":48},"start":{"column":6,"line":48}}],"type":"if"},"8":{"line":78,"locations":[{"end":{"column":2,"line":78},"start":{"column":2,"line":78}},{"end":{"column":2,"line":78},"start":{"column":2,"line":78}}],"type":"if"},"9":{"line":85,"locations":[{"end":{"column":2,"line":85},"start":{"column":2,"line":85}},{"end":{"column":2,"line":85},"start":{"column":2,"line":85}}],"type":"if"},"10":{"line":85,"locations":[{"end":{"column":29,"line":85},"start":{"column":7,"line":85}},{"end":{"column":59,"line":85},"start":{"column":35,"line":85}}],"type":"binary-expr"},"11":{"line":193,"locations":[{"end":{"column":2,"line":193},"start":{"column":2,"line":193}},{"end":{"column":2,"line":193},"start":{"column":2,"line":193}}],"type":"if"}},"f":{"1":15,"2":2779,"3":31,"4":2664,"5":76020,"6":2534,"7":2534,"8":0,"9":0,"10":874},"fnMap":{"1":{"line":3,"loc":{"end":{"column":20,"line":3},"start":{"column":0,"line":3}},"name":"Controls"},"2":{"line":11,"loc":{"end":{"column":35,"line":11},"start":{"column":14,"line":11}},"name":"(anonymous_2)"},"3":{"line":24,"loc":{"end":{"column":32,"line":24},"start":{"column":21,"line":24}},"name":"(anonymous_3)"},"4":{"line":28,"loc":{"end":{"column":34,"line":28},"start":{"column":16,"line":28}},"name":"(anonymous_4)"},"5":{"line":57,"loc":{"end":{"column":54,"line":57},"start":{"column":21,"line":57}},"name":"(anonymous_5)"},"6":{"line":104,"loc":{"end":{"column":40,"line":104},"start":{"column":14,"line":104}},"name":"(anonymous_6)"},"7":{"line":136,"loc":{"end":{"column":56,"line":136},"start":{"column":13,"line":136}},"name":"(anonymous_7)"},"8":{"line":192,"loc":{"end":{"column":35,"line":192},"start":{"column":24,"line":192}},"name":"(anonymous_8)"},"9":{"line":203,"loc":{"end":{"column":32,"line":203},"start":{"column":21,"line":203}},"name":"(anonymous_9)"},"10":{"line":208,"loc":{"end":{"column":29,"line":208},"start":{"column":0,"line":208}},"name":"Control"}},"path":"../rg2/js/controls.js","s":{"1":15,"2":15,"3":15,"4":15,"5":2779,"6":2779,"7":63242,"8":1905,"9":1905,"10":2779,"11":874,"12":31,"13":2664,"14":0,"15":0,"16":0,"17":0,"18":0,"19":0,"20":0,"21":0,"22":0,"23":0,"24":0,"25":0,"26":0,"27":0,"28":76020,"29":76020,"30":76020,"31":76020,"32":76020,"33":76020,"34":76020,"35":76020,"36":76020,"37":76020,"38":76020,"39":76020,"40":76020,"41":76020,"42":76020,"43":76020,"44":76020,"45":76020,"46":35476,"47":40544,"48":76020,"49":40544,"50":35476,"51":76020,"52":76020,"53":76020,"54":76020,"55":76020,"56":76020,"57":76020,"58":76020,"59":76020,"60":76020,"61":2534,"62":2534,"63":2534,"64":2534,"65":2534,"66":2534,"67":2534,"68":2534,"69":2534,"70":2534,"71":2534,"72":2534,"73":2534,"74":2534,"75":2534,"76":2534,"77":2534,"78":2534,"79":2534,"80":2534,"81":2534,"82":2534,"83":2534,"84":2534,"85":2534,"86":2534,"87":2534,"88":2534,"89":2534,"90":2534,"91":2534,"92":2534,"93":2534,"94":2534,"95":2534,"96":2534,"97":2534,"98":2534,"99":2534,"100":2534,"101":2534,"102":2534,"103":2534,"104":2534,"105":2534,"106":2534,"107":2534,"108":2534,"109":2534,"110":2534,"111":2534,"112":2534,"113":2534,"114":2534,"115":2534,"116":2534,"117":2534,"118":2534,"119":2534,"120":2534,"121":2534,"122":2534,"123":2534,"124":2534,"125":2534,"126":2534,"127":2534,"128":2534,"129":2534,"130":2534,"131":2534,"132":2534,"133":2534,"134":2534,"135":2534,"136":2534,"137":2534,"138":2534,"139":0,"140":0,"141":0,"142":0,"143":0,"144":0,"145":0,"146":15,"147":874,"148":874,"149":874,"150":15},"statementMap":{"1":{"end":{"column":1,"line":6},"start":{"column":0,"line":3}},"2":{"end":{"column":20,"line":4},"start":{"column":1,"line":4}},"3":{"end":{"column":30,"line":5},"start":{"column":1,"line":5}},"4":{"end":{"column":2,"line":206},"start":{"column":0,"line":8}},"5":{"end":{"column":21,"line":12},"start":{"column":2,"line":12}},"6":{"end":{"column":3,"line":18},"start":{"column":2,"line":13}},"7":{"end":{"column":4,"line":17},"start":{"column":3,"line":14}},"8":{"end":{"column":20,"line":15},"start":{"column":4,"line":15}},"9":{"end":{"column":10,"line":16},"start":{"column":4,"line":16}},"10":{"end":{"column":3,"line":21},"start":{"column":2,"line":19}},"11":{"end":{"column":47,"line":20},"start":{"column":3,"line":20}},"12":{"end":{"column":27,"line":25},"start":{"column":2,"line":25}},"13":{"end":{"column":3,"line":55},"start":{"column":2,"line":29}},"14":{"end":{"column":9,"line":30},"start":{"column":3,"line":30}},"15":{"end":{"column":9,"line":31},"start":{"column":3,"line":31}},"16":{"end":{"column":9,"line":32},"start":{"column":3,"line":32}},"17":{"end":{"column":9,"line":33},"start":{"column":3,"line":33}},"18":{"end":{"column":39,"line":34},"start":{"column":3,"line":34}},"19":{"end":{"column":28,"line":36},"start":{"column":3,"line":36}},"20":{"end":{"column":4,"line":54},"start":{"column":3,"line":37}},"21":{"end":{"column":5,"line":53},"start":{"column":4,"line":39}},"22":{"end":{"column":89,"line":40},"start":{"column":5,"line":40}},"23":{"end":{"column":6,"line":52},"start":{"column":5,"line":43}},"24":{"end":{"column":106,"line":44},"start":{"column":6,"line":44}},"25":{"end":{"column":113,"line":47},"start":{"column":6,"line":47}},"26":{"end":{"column":7,"line":50},"start":{"column":6,"line":48}},"27":{"end":{"column":85,"line":49},"start":{"column":14,"line":49}},"28":{"end":{"column":14,"line":58},"start":{"column":2,"line":58}},"29":{"end":{"column":14,"line":59},"start":{"column":2,"line":59}},"30":{"end":{"column":14,"line":60},"start":{"column":2,"line":60}},"31":{"end":{"column":22,"line":62},"start":{"column":2,"line":62}},"32":{"end":{"column":32,"line":63},"start":{"column":2,"line":63}},"33":{"end":{"column":45,"line":64},"start":{"column":2,"line":64}},"34":{"end":{"column":62,"line":65},"start":{"column":2,"line":65}},"35":{"end":{"column":19,"line":66},"start":{"column":2,"line":66}},"36":{"end":{"column":22,"line":68},"start":{"column":2,"line":68}},"37":{"end":{"column":31,"line":69},"start":{"column":2,"line":69}},"38":{"end":{"column":26,"line":70},"start":{"column":2,"line":70}},"39":{"end":{"column":32,"line":71},"start":{"column":2,"line":71}},"40":{"end":{"column":25,"line":72},"start":{"column":2,"line":72}},"41":{"end":{"column":30,"line":73},"start":{"column":2,"line":73}},"42":{"end":{"column":26,"line":74},"start":{"column":2,"line":74}},"43":{"end":{"column":34,"line":75},"start":{"column":2,"line":75}},"44":{"end":{"column":38,"line":76},"start":{"column":2,"line":76}},"45":{"end":{"column":3,"line":82},"start":{"column":2,"line":78}},"46":{"end":{"column":31,"line":79},"start":{"column":3,"line":79}},"47":{"end":{"column":35,"line":81},"start":{"column":3,"line":81}},"48":{"end":{"column":3,"line":89},"start":{"column":2,"line":85}},"49":{"end":{"column":40,"line":86},"start":{"column":3,"line":86}},"50":{"end":{"column":34,"line":88},"start":{"column":3,"line":88}},"51":{"end":{"column":18,"line":91},"start":{"column":2,"line":91}},"52":{"end":{"column":149,"line":92},"start":{"column":2,"line":92}},"53":{"end":{"column":22,"line":94},"start":{"column":2,"line":94}},"54":{"end":{"column":26,"line":95},"start":{"column":2,"line":95}},"55":{"end":{"column":40,"line":96},"start":{"column":2,"line":96}},"56":{"end":{"column":42,"line":97},"start":{"column":2,"line":97}},"57":{"end":{"column":41,"line":98},"start":{"column":2,"line":98}},"58":{"end":{"column":62,"line":99},"start":{"column":2,"line":99}},"59":{"end":{"column":147,"line":100},"start":{"column":2,"line":100}},"60":{"end":{"column":19,"line":101},"start":{"column":2,"line":101}},"61":{"end":{"column":32,"line":106},"start":{"column":2,"line":106}},"62":{"end":{"column":45,"line":107},"start":{"column":2,"line":107}},"63":{"end":{"column":22,"line":108},"start":{"column":2,"line":108}},"64":{"end":{"column":66,"line":109},"start":{"column":2,"line":109}},"65":{"end":{"column":19,"line":110},"start":{"column":2,"line":110}},"66":{"end":{"column":22,"line":111},"start":{"column":2,"line":111}},"67":{"end":{"column":66,"line":112},"start":{"column":2,"line":112}},"68":{"end":{"column":19,"line":113},"start":{"column":2,"line":113}},"69":{"end":{"column":22,"line":115},"start":{"column":2,"line":115}},"70":{"end":{"column":26,"line":116},"start":{"column":2,"line":116}},"71":{"end":{"column":29,"line":117},"start":{"column":2,"line":117}},"72":{"end":{"column":32,"line":118},"start":{"column":2,"line":118}},"73":{"end":{"column":25,"line":119},"start":{"column":2,"line":119}},"74":{"end":{"column":30,"line":120},"start":{"column":2,"line":120}},"75":{"end":{"column":26,"line":121},"start":{"column":2,"line":121}},"76":{"end":{"column":81,"line":122},"start":{"column":2,"line":122}},"77":{"end":{"column":19,"line":123},"start":{"column":2,"line":123}},"78":{"end":{"column":22,"line":125},"start":{"column":2,"line":125}},"79":{"end":{"column":40,"line":126},"start":{"column":2,"line":126}},"80":{"end":{"column":42,"line":127},"start":{"column":2,"line":127}},"81":{"end":{"column":41,"line":128},"start":{"column":2,"line":128}},"82":{"end":{"column":66,"line":129},"start":{"column":2,"line":129}},"83":{"end":{"column":19,"line":130},"start":{"column":2,"line":130}},"84":{"end":{"column":22,"line":131},"start":{"column":2,"line":131}},"85":{"end":{"column":66,"line":132},"start":{"column":2,"line":132}},"86":{"end":{"column":79,"line":133},"start":{"column":2,"line":133}},"87":{"end":{"column":19,"line":134},"start":{"column":2,"line":134}},"88":{"end":{"column":13,"line":138},"start":{"column":2,"line":138}},"89":{"end":{"column":13,"line":139},"start":{"column":2,"line":139}},"90":{"end":{"column":38,"line":140},"start":{"column":2,"line":140}},"91":{"end":{"column":32,"line":141},"start":{"column":2,"line":141}},"92":{"end":{"column":28,"line":142},"start":{"column":2,"line":142}},"93":{"end":{"column":32,"line":143},"start":{"column":2,"line":143}},"94":{"end":{"column":45,"line":144},"start":{"column":2,"line":144}},"95":{"end":{"column":22,"line":145},"start":{"column":2,"line":145}},"96":{"end":{"column":62,"line":146},"start":{"column":2,"line":146}},"97":{"end":{"column":62,"line":147},"start":{"column":2,"line":147}},"98":{"end":{"column":29,"line":148},"start":{"column":2,"line":148}},"99":{"end":{"column":76,"line":149},"start":{"column":2,"line":149}},"100":{"end":{"column":76,"line":150},"start":{"column":2,"line":150}},"101":{"end":{"column":29,"line":151},"start":{"column":2,"line":151}},"102":{"end":{"column":19,"line":152},"start":{"column":2,"line":152}},"103":{"end":{"column":22,"line":153},"start":{"column":2,"line":153}},"104":{"end":{"column":29,"line":154},"start":{"column":2,"line":154}},"105":{"end":{"column":76,"line":155},"start":{"column":2,"line":155}},"106":{"end":{"column":76,"line":156},"start":{"column":2,"line":156}},"107":{"end":{"column":29,"line":157},"start":{"column":2,"line":157}},"108":{"end":{"column":19,"line":158},"start":{"column":2,"line":158}},"109":{"end":{"column":22,"line":159},"start":{"column":2,"line":159}},"110":{"end":{"column":29,"line":160},"start":{"column":2,"line":160}},"111":{"end":{"column":29,"line":161},"start":{"column":2,"line":161}},"112":{"end":{"column":19,"line":162},"start":{"column":2,"line":162}},"113":{"end":{"column":22,"line":164},"start":{"column":2,"line":164}},"114":{"end":{"column":26,"line":165},"start":{"column":2,"line":165}},"115":{"end":{"column":29,"line":166},"start":{"column":2,"line":166}},"116":{"end":{"column":32,"line":167},"start":{"column":2,"line":167}},"117":{"end":{"column":25,"line":168},"start":{"column":2,"line":168}},"118":{"end":{"column":30,"line":169},"start":{"column":2,"line":169}},"119":{"end":{"column":26,"line":170},"start":{"column":2,"line":170}},"120":{"end":{"column":97,"line":171},"start":{"column":2,"line":171}},"121":{"end":{"column":19,"line":172},"start":{"column":2,"line":172}},"122":{"end":{"column":42,"line":174},"start":{"column":2,"line":174}},"123":{"end":{"column":41,"line":175},"start":{"column":2,"line":175}},"124":{"end":{"column":26,"line":176},"start":{"column":2,"line":176}},"125":{"end":{"column":40,"line":177},"start":{"column":2,"line":177}},"126":{"end":{"column":22,"line":178},"start":{"column":2,"line":178}},"127":{"end":{"column":29,"line":179},"start":{"column":2,"line":179}},"128":{"end":{"column":29,"line":180},"start":{"column":2,"line":180}},"129":{"end":{"column":19,"line":181},"start":{"column":2,"line":181}},"130":{"end":{"column":22,"line":182},"start":{"column":2,"line":182}},"131":{"end":{"column":29,"line":183},"start":{"column":2,"line":183}},"132":{"end":{"column":29,"line":184},"start":{"column":2,"line":184}},"133":{"end":{"column":19,"line":185},"start":{"column":2,"line":185}},"134":{"end":{"column":22,"line":186},"start":{"column":2,"line":186}},"135":{"end":{"column":29,"line":187},"start":{"column":2,"line":187}},"136":{"end":{"column":29,"line":188},"start":{"column":2,"line":188}},"137":{"end":{"column":95,"line":189},"start":{"column":2,"line":189}},"138":{"end":{"column":19,"line":190},"start":{"column":2,"line":190}},"139":{"end":{"column":3,"line":199},"start":{"column":2,"line":193}},"140":{"end":{"column":75,"line":194},"start":{"column":3,"line":194}},"141":{"end":{"column":67,"line":195},"start":{"column":3,"line":195}},"142":{"end":{"column":75,"line":197},"start":{"column":3,"line":197}},"143":{"end":{"column":67,"line":198},"start":{"column":3,"line":198}},"144":{"end":{"column":47,"line":200},"start":{"column":2,"line":200}},"145":{"end":{"column":32,"line":204},"start":{"column":4,"line":204}},"146":{"end":{"column":1,"line":212},"start":{"column":0,"line":208}},"147":{"end":{"column":18,"line":209},"start":{"column":1,"line":209}},"148":{"end":{"column":12,"line":210},"start":{"column":1,"line":210}},"149":{"end":{"column":12,"line":211},"start":{"column":1,"line":211}},"150":{"end":{"column":2,"line":216},"start":{"column":0,"line":214}}},"l":{"3":15,"4":15,"5":15,"8":15,"12":2779,"13":2779,"14":63242,"15":1905,"16":1905,"19":2779,"20":874,"25":31,"29":2664,"30":0,"31":0,"32":0,"33":0,"34":0,"36":0,"37":0,"39":0,"40":0,"43":0,"44":0,"47":0,"48":0,"49":0,"58":76020,"59":76020,"60":76020,"62":76020,"63":76020,"64":76020,"65":76020,"66":76020,"68":76020,"69":76020,"70":76020,"71":76020,"72":76020,"73":76020,"74":76020,"75":76020,"76":76020,"78":76020,"79":35476,"81":40544,"85":76020,"86":40544,"88":35476,"91":76020,"92":76020,"94":76020,"95":76020,"96":76020,"97":76020,"98":76020,"99":76020,"100":76020,"101":76020,"106":2534,"107":2534,"108":2534,"109":2534,"110":2534,"111":2534,"112":2534,"113":2534,"115":2534,"116":2534,"117":2534,"118":2534,"119":2534,"120":2534,"121":2534,"122":2534,"123":2534,"125":2534,"126":2534,"127":2534,"128":2534,"129":2534,"130":2534,"131":2534,"132":2534,"133":2534,"134":2534,"138":2534,"139":2534,"140":2534,"141":2534,"142":2534,"143":2534,"144":2534,"145":2534,"146":2534,"147":2534,"148":2534,"149":2534,"150":2534,"151":2534,"152":2534,"153":2534,"154":2534,"155":2534,"156":2534,"157":2534,"158":2534,"159":2534,"160":2534,"161":2534,"162":2534,"164":2534,"165":2534,"166":2534,"167":2534,"168":2534,"169":2534,"170":2534,"171":2534,"172":2534,"174":2534,"175":2534,"176":2534,"177":2534,"178":2534,"179":2534,"180":2534,"181":2534,"182":2534,"183":2534,"184":2534,"185":2534,"186":2534,"187":2534,"188":2534,"189":2534,"190":2534,"193":0,"194":0,"195":0,"197":0,"198":0,"200":0,"204":0,"208":15,"209":874,"210":874,"211":874,"214":15}},"../rg2/js/courses.js":{"b":{"1":[108,12],"2":[137,0],"3":[17,120],"4":[137,17],"5":[17,450],"6":[23241,2617],"7":[29,0],"8":[0,0],"9":[0,0],"10":[387,43],"11":[29,358],"12":[137,17],"13":[137,0],"14":[0,0],"15":[0,0],"16":[137,17],"17":[137,17],"18":[122,15],"19":[17,7],"20":[0,2642],"21":[2534,20707],"22":[0,2534],"23":[2534,0],"24":[2534,76020],"25":[2534,76020],"26":[0,2534],"27":[0,0],"28":[0,0]},"branchMap":{"1":{"line":22,"locations":[{"end":{"column":6,"line":22},"start":{"column":6,"line":22}},{"end":{"column":6,"line":22},"start":{"column":6,"line":22}}],"type":"if"},"2":{"line":51,"locations":[{"end":{"column":2,"line":51},"start":{"column":2,"line":51}},{"end":{"column":2,"line":51},"start":{"column":2,"line":51}}],"type":"if"},"3":{"line":52,"locations":[{"end":{"column":3,"line":52},"start":{"column":3,"line":52}},{"end":{"column":3,"line":52},"start":{"column":3,"line":52}}],"type":"if"},"4":{"line":70,"locations":[{"end":{"column":3,"line":70},"start":{"column":3,"line":70}},{"end":{"column":3,"line":70},"start":{"column":3,"line":70}}],"type":"if"},"5":{"line":88,"locations":[{"end":{"column":3,"line":88},"start":{"column":3,"line":88}},{"end":{"column":3,"line":88},"start":{"column":3,"line":88}}],"type":"if"},"6":{"line":110,"locations":[{"end":{"column":3,"line":110},"start":{"column":3,"line":110}},{"end":{"column":3,"line":110},"start":{"column":3,"line":110}}],"type":"if"},"7":{"line":117,"locations":[{"end":{"column":2,"line":117},"start":{"column":2,"line":117}},{"end":{"column":2,"line":117},"start":{"column":2,"line":117}}],"type":"if"},"8":{"line":124,"locations":[{"end":{"column":3,"line":124},"start":{"column":3,"line":124}},{"end":{"column":3,"line":124},"start":{"column":3,"line":124}}],"type":"if"},"9":{"line":132,"locations":[{"end":{"column":3,"line":132},"start":{"column":3,"line":132}},{"end":{"column":3,"line":132},"start":{"column":3,"line":132}}],"type":"if"},"10":{"line":147,"locations":[{"end":{"column":3,"line":147},"start":{"column":3,"line":147}},{"end":{"column":3,"line":147},"start":{"column":3,"line":147}}],"type":"if"},"11":{"line":148,"locations":[{"end":{"column":4,"line":148},"start":{"column":4,"line":148}},{"end":{"column":4,"line":148},"start":{"column":4,"line":148}}],"type":"if"},"12":{"line":167,"locations":[{"end":{"column":3,"line":167},"start":{"column":3,"line":167}},{"end":{"column":3,"line":167},"start":{"column":3,"line":167}}],"type":"if"},"13":{"line":172,"locations":[{"end":{"column":4,"line":172},"start":{"column":4,"line":172}},{"end":{"column":4,"line":172},"start":{"column":4,"line":172}}],"type":"if"},"14":{"line":184,"locations":[{"end":{"column":6,"line":184},"start":{"column":6,"line":184}},{"end":{"column":6,"line":184},"start":{"column":6,"line":184}}],"type":"if"},"15":{"line":185,"locations":[{"end":{"column":8,"line":185},"start":{"column":8,"line":185}},{"end":{"column":8,"line":185},"start":{"column":8,"line":185}}],"type":"if"},"16":{"line":198,"locations":[{"end":{"column":3,"line":198},"start":{"column":3,"line":198}},{"end":{"column":3,"line":198},"start":{"column":3,"line":198}}],"type":"if"},"17":{"line":209,"locations":[{"end":{"column":3,"line":209},"start":{"column":3,"line":209}},{"end":{"column":3,"line":209},"start":{"column":3,"line":209}}],"type":"if"},"18":{"line":215,"locations":[{"end":{"column":4,"line":215},"start":{"column":4,"line":215}},{"end":{"column":4,"line":215},"start":{"column":4,"line":215}}],"type":"if"},"19":{"line":227,"locations":[{"end":{"column":2,"line":227},"start":{"column":2,"line":227}},{"end":{"column":2,"line":227},"start":{"column":2,"line":227}}],"type":"if"},"20":{"line":259,"locations":[{"end":{"column":2,"line":259},"start":{"column":2,"line":259}},{"end":{"column":2,"line":259},"start":{"column":2,"line":259}}],"type":"if"},"21":{"line":293,"locations":[{"end":{"column":2,"line":293},"start":{"column":2,"line":293}},{"end":{"column":2,"line":293},"start":{"column":2,"line":293}}],"type":"if"},"22":{"line":302,"locations":[{"end":{"column":3,"line":302},"start":{"column":3,"line":302}},{"end":{"column":3,"line":302},"start":{"column":3,"line":302}}],"type":"if"},"23":{"line":309,"locations":[{"end":{"column":6,"line":309},"start":{"column":6,"line":309}},{"end":{"column":6,"line":309},"start":{"column":6,"line":309}}],"type":"if"},"24":{"line":312,"locations":[{"end":{"column":10,"line":312},"start":{"column":10,"line":312}},{"end":{"column":10,"line":312},"start":{"column":10,"line":312}}],"type":"if"},"25":{"line":320,"locations":[{"end":{"column":10,"line":320},"start":{"column":10,"line":320}},{"end":{"column":10,"line":320},"start":{"column":10,"line":320}}],"type":"if"},"26":{"line":334,"locations":[{"end":{"column":3,"line":334},"start":{"column":3,"line":334}},{"end":{"column":3,"line":334},"start":{"column":3,"line":334}}],"type":"if"},"27":{"line":336,"locations":[{"end":{"column":10,"line":336},"start":{"column":10,"line":336}},{"end":{"column":10,"line":336},"start":{"column":10,"line":336}}],"type":"if"},"28":{"line":336,"locations":[{"end":{"column":47,"line":336},"start":{"column":15,"line":336}},{"end":{"column":84,"line":336},"start":{"column":52,"line":336}}],"type":"binary-expr"}},"f":{"1":15,"2":28,"3":12,"4":43,"5":1596,"6":574,"7":137,"8":24,"9":17,"10":24,"11":2664,"12":29,"13":0,"14":0,"15":14,"16":43,"17":48,"18":31,"19":0,"20":24,"21":24,"22":137,"23":574,"24":23241},"fnMap":{"1":{"line":2,"loc":{"end":{"column":19,"line":2},"start":{"column":0,"line":2}},"name":"Courses"},"2":{"line":14,"loc":{"end":{"column":36,"line":14},"start":{"column":17,"line":14}},"name":"(anonymous_2)"},"3":{"line":18,"loc":{"end":{"column":33,"line":18},"start":{"column":22,"line":18}},"name":"(anonymous_3)"},"4":{"line":33,"loc":{"end":{"column":38,"line":33},"start":{"column":27,"line":33}},"name":"(anonymous_4)"},"5":{"line":37,"loc":{"end":{"column":36,"line":37},"start":{"column":17,"line":37}},"name":"(anonymous_5)"},"6":{"line":41,"loc":{"end":{"column":43,"line":41},"start":{"column":24,"line":41}},"name":"(anonymous_6)"},"7":{"line":46,"loc":{"end":{"column":36,"line":46},"start":{"column":13,"line":46}},"name":"(anonymous_7)"},"8":{"line":60,"loc":{"end":{"column":35,"line":60},"start":{"column":24,"line":60}},"name":"(anonymous_8)"},"9":{"line":80,"loc":{"end":{"column":36,"line":80},"start":{"column":25,"line":80}},"name":"(anonymous_9)"},"10":{"line":101,"loc":{"end":{"column":31,"line":101},"start":{"column":20,"line":101}},"name":"(anonymous_10)"},"11":{"line":108,"loc":{"end":{"column":35,"line":108},"start":{"column":15,"line":108}},"name":"(anonymous_11)"},"12":{"line":116,"loc":{"end":{"column":35,"line":116},"start":{"column":16,"line":116}},"name":"(anonymous_12)"},"13":{"line":122,"loc":{"end":{"column":30,"line":122},"start":{"column":19,"line":122}},"name":"(anonymous_13)"},"14":{"line":130,"loc":{"end":{"column":35,"line":130},"start":{"column":24,"line":130}},"name":"(anonymous_14)"},"15":{"line":138,"loc":{"end":{"column":40,"line":138},"start":{"column":21,"line":138}},"name":"(anonymous_15)"},"16":{"line":144,"loc":{"end":{"column":34,"line":144},"start":{"column":23,"line":144}},"name":"(anonymous_16)"},"17":{"line":156,"loc":{"end":{"column":33,"line":156},"start":{"column":22,"line":156}},"name":"(anonymous_17)"},"18":{"line":161,"loc":{"end":{"column":42,"line":161},"start":{"column":23,"line":161}},"name":"(anonymous_18)"},"19":{"line":181,"loc":{"end":{"column":55,"line":181},"start":{"column":22,"line":181}},"name":"(anonymous_19)"},"20":{"line":195,"loc":{"end":{"column":30,"line":195},"start":{"column":19,"line":195}},"name":"(anonymous_20)"},"21":{"line":204,"loc":{"end":{"column":35,"line":204},"start":{"column":24,"line":204}},"name":"(anonymous_21)"},"22":{"line":237,"loc":{"end":{"column":37,"line":237},"start":{"column":0,"line":237}},"name":"Course"},"23":{"line":288,"loc":{"end":{"column":35,"line":288},"start":{"column":24,"line":288}},"name":"(anonymous_23)"},"24":{"line":292,"loc":{"end":{"column":34,"line":292},"start":{"column":14,"line":292}},"name":"(anonymous_24)"}},"path":"../rg2/js/courses.js","s":{"1":15,"2":15,"3":15,"4":15,"5":15,"6":15,"7":28,"8":12,"9":12,"10":12,"11":120,"12":108,"13":108,"14":108,"15":108,"16":108,"17":12,"18":43,"19":1596,"20":574,"21":574,"22":137,"23":137,"24":137,"25":137,"26":17,"27":17,"28":24,"29":24,"30":24,"31":24,"32":24,"33":24,"34":24,"35":24,"36":154,"37":137,"38":137,"39":137,"40":137,"41":17,"42":17,"43":17,"44":17,"45":17,"46":467,"47":467,"48":467,"49":17,"50":450,"51":467,"52":17,"53":17,"54":17,"55":17,"56":24,"57":24,"58":24,"59":24,"60":2664,"61":25858,"62":23241,"63":29,"64":29,"65":0,"66":0,"67":0,"68":0,"69":0,"70":0,"71":14,"72":43,"73":43,"74":430,"75":387,"76":29,"77":43,"78":48,"79":31,"80":31,"81":31,"82":31,"83":154,"84":137,"85":137,"86":137,"87":137,"88":137,"89":2779,"90":0,"91":0,"92":0,"93":0,"94":0,"95":0,"96":0,"97":0,"98":24,"99":24,"100":154,"101":137,"102":24,"103":24,"104":24,"105":24,"106":154,"107":137,"108":137,"109":137,"110":137,"111":137,"112":137,"113":122,"114":15,"115":137,"116":24,"117":24,"118":24,"119":24,"120":17,"121":7,"122":24,"123":24,"124":15,"125":137,"126":137,"127":137,"128":137,"129":137,"130":137,"131":137,"132":137,"133":137,"134":137,"135":137,"136":137,"137":137,"138":137,"139":137,"140":137,"141":137,"142":137,"143":137,"144":2642,"145":0,"146":0,"147":2642,"148":2642,"149":2642,"150":2642,"151":2642,"152":2642,"153":2642,"154":2642,"155":137,"156":137,"157":137,"158":15,"159":574,"160":23241,"161":2534,"162":2534,"163":2534,"164":2534,"165":2534,"166":2534,"167":2534,"168":2534,"169":2534,"170":0,"171":2534,"172":2534,"173":2534,"174":2534,"175":78554,"176":78554,"177":2534,"178":2534,"179":76020,"180":76020,"181":78554,"182":2534,"183":2534,"184":76020,"185":76020,"186":78554,"187":78554,"188":78554,"189":78554,"190":2534,"191":0,"192":0,"193":0,"194":0,"195":2534,"196":76020,"197":2534},"statementMap":{"1":{"end":{"column":1,"line":9},"start":{"column":0,"line":2}},"2":{"end":{"column":19,"line":5},"start":{"column":1,"line":5}},"3":{"end":{"column":22,"line":6},"start":{"column":1,"line":6}},"4":{"end":{"column":26,"line":7},"start":{"column":1,"line":7}},"5":{"end":{"column":31,"line":8},"start":{"column":1,"line":8}},"6":{"end":{"column":2,"line":235},"start":{"column":0,"line":11}},"7":{"end":{"column":37,"line":15},"start":{"column":2,"line":15}},"8":{"end":{"column":21,"line":19},"start":{"column":4,"line":19}},"9":{"end":{"column":15,"line":20},"start":{"column":4,"line":20}},"10":{"end":{"column":5,"line":29},"start":{"column":4,"line":21}},"11":{"end":{"column":7,"line":28},"start":{"column":6,"line":22}},"12":{"end":{"column":20,"line":23},"start":{"column":8,"line":23}},"13":{"end":{"column":45,"line":24},"start":{"column":8,"line":24}},"14":{"end":{"column":43,"line":25},"start":{"column":8,"line":25}},"15":{"end":{"column":53,"line":26},"start":{"column":8,"line":26}},"16":{"end":{"column":29,"line":27},"start":{"column":8,"line":27}},"17":{"end":{"column":19,"line":30},"start":{"column":4,"line":30}},"18":{"end":{"column":35,"line":34},"start":{"column":2,"line":34}},"19":{"end":{"column":32,"line":38},"start":{"column":2,"line":38}},"20":{"end":{"column":48,"line":42},"start":{"column":2,"line":42}},"21":{"end":{"column":24,"line":43},"start":{"column":2,"line":43}},"22":{"end":{"column":53,"line":47},"start":{"column":2,"line":47}},"23":{"end":{"column":28,"line":48},"start":{"column":2,"line":48}},"24":{"end":{"column":3,"line":57},"start":{"column":2,"line":51}},"25":{"end":{"column":4,"line":56},"start":{"column":3,"line":52}},"26":{"end":{"column":85,"line":54},"start":{"column":4,"line":54}},"27":{"end":{"column":33,"line":55},"start":{"column":4,"line":55}},"28":{"end":{"column":34,"line":61},"start":{"column":2,"line":61}},"29":{"end":{"column":8,"line":62},"start":{"column":2,"line":62}},"30":{"end":{"column":62,"line":63},"start":{"column":2,"line":63}},"31":{"end":{"column":45,"line":64},"start":{"column":2,"line":64}},"32":{"end":{"column":19,"line":65},"start":{"column":2,"line":65}},"33":{"end":{"column":36,"line":66},"start":{"column":2,"line":66}},"34":{"end":{"column":28,"line":67},"start":{"column":2,"line":67}},"35":{"end":{"column":3,"line":76},"start":{"column":2,"line":69}},"36":{"end":{"column":4,"line":75},"start":{"column":3,"line":70}},"37":{"end":{"column":43,"line":71},"start":{"column":4,"line":71}},"38":{"end":{"column":18,"line":72},"start":{"column":4,"line":72}},"39":{"end":{"column":36,"line":73},"start":{"column":4,"line":73}},"40":{"end":{"column":30,"line":74},"start":{"column":4,"line":74}},"41":{"end":{"column":35,"line":81},"start":{"column":2,"line":81}},"42":{"end":{"column":63,"line":82},"start":{"column":2,"line":82}},"43":{"end":{"column":10,"line":83},"start":{"column":2,"line":83}},"44":{"end":{"column":8,"line":84},"start":{"column":2,"line":84}},"45":{"end":{"column":3,"line":94},"start":{"column":2,"line":85}},"46":{"end":{"column":42,"line":86},"start":{"column":3,"line":86}},"47":{"end":{"column":17,"line":87},"start":{"column":3,"line":87}},"48":{"end":{"column":4,"line":92},"start":{"column":3,"line":88}},"49":{"end":{"column":19,"line":89},"start":{"column":4,"line":89}},"50":{"end":{"column":17,"line":91},"start":{"column":4,"line":91}},"51":{"end":{"column":29,"line":93},"start":{"column":3,"line":93}},"52":{"end":{"column":41,"line":95},"start":{"column":2,"line":95}},"53":{"end":{"column":47,"line":96},"start":{"column":2,"line":96}},"54":{"end":{"column":26,"line":97},"start":{"column":2,"line":97}},"55":{"end":{"column":28,"line":98},"start":{"column":2,"line":98}},"56":{"end":{"column":26,"line":102},"start":{"column":2,"line":102}},"57":{"end":{"column":27,"line":103},"start":{"column":2,"line":103}},"58":{"end":{"column":23,"line":104},"start":{"column":2,"line":104}},"59":{"end":{"column":32,"line":105},"start":{"column":2,"line":105}},"60":{"end":{"column":3,"line":113},"start":{"column":2,"line":109}},"61":{"end":{"column":4,"line":112},"start":{"column":3,"line":110}},"62":{"end":{"column":42,"line":111},"start":{"column":4,"line":111}},"63":{"end":{"column":3,"line":119},"start":{"column":2,"line":117}},"64":{"end":{"column":41,"line":118},"start":{"column":3,"line":118}},"65":{"end":{"column":3,"line":127},"start":{"column":2,"line":123}},"66":{"end":{"column":4,"line":126},"start":{"column":3,"line":124}},"67":{"end":{"column":35,"line":125},"start":{"column":4,"line":125}},"68":{"end":{"column":3,"line":135},"start":{"column":2,"line":131}},"69":{"end":{"column":4,"line":134},"start":{"column":3,"line":132}},"70":{"end":{"column":36,"line":133},"start":{"column":4,"line":133}},"71":{"end":{"column":41,"line":140},"start":{"column":2,"line":140}},"72":{"end":{"column":19,"line":145},"start":{"column":2,"line":145}},"73":{"end":{"column":3,"line":152},"start":{"column":2,"line":146}},"74":{"end":{"column":4,"line":151},"start":{"column":3,"line":147}},"75":{"end":{"column":5,"line":150},"start":{"column":4,"line":148}},"76":{"end":{"column":21,"line":149},"start":{"column":5,"line":149}},"77":{"end":{"column":17,"line":153},"start":{"column":2,"line":153}},"78":{"end":{"column":30,"line":157},"start":{"column":2,"line":157}},"79":{"end":{"column":12,"line":162},"start":{"column":2,"line":162}},"80":{"end":{"column":8,"line":163},"start":{"column":2,"line":163}},"81":{"end":{"column":8,"line":164},"start":{"column":2,"line":164}},"82":{"end":{"column":3,"line":178},"start":{"column":2,"line":166}},"83":{"end":{"column":4,"line":177},"start":{"column":3,"line":167}},"84":{"end":{"column":34,"line":168},"start":{"column":4,"line":168}},"85":{"end":{"column":26,"line":169},"start":{"column":4,"line":169}},"86":{"end":{"column":26,"line":170},"start":{"column":4,"line":170}},"87":{"end":{"column":5,"line":176},"start":{"column":4,"line":172}},"88":{"end":{"column":6,"line":175},"start":{"column":5,"line":173}},"89":{"end":{"column":48,"line":174},"start":{"column":6,"line":174}},"90":{"end":{"column":10,"line":182},"start":{"column":4,"line":182}},"91":{"end":{"column":5,"line":192},"start":{"column":4,"line":183}},"92":{"end":{"column":7,"line":191},"start":{"column":6,"line":184}},"93":{"end":{"column":9,"line":190},"start":{"column":8,"line":185}},"94":{"end":{"column":40,"line":186},"start":{"column":10,"line":186}},"95":{"end":{"column":32,"line":187},"start":{"column":10,"line":187}},"96":{"end":{"column":32,"line":188},"start":{"column":10,"line":188}},"97":{"end":{"column":16,"line":189},"start":{"column":10,"line":189}},"98":{"end":{"column":8,"line":196},"start":{"column":2,"line":196}},"99":{"end":{"column":3,"line":201},"start":{"column":2,"line":197}},"100":{"end":{"column":4,"line":200},"start":{"column":3,"line":198}},"101":{"end":{"column":64,"line":199},"start":{"column":4,"line":199}},"102":{"end":{"column":14,"line":205},"start":{"column":2,"line":205}},"103":{"end":{"column":103,"line":206},"start":{"column":2,"line":206}},"104":{"end":{"column":118,"line":207},"start":{"column":2,"line":207}},"105":{"end":{"column":3,"line":222},"start":{"column":2,"line":208}},"106":{"end":{"column":4,"line":221},"start":{"column":3,"line":209}},"107":{"end":{"column":56,"line":210},"start":{"column":4,"line":210}},"108":{"end":{"column":97,"line":211},"start":{"column":4,"line":211}},"109":{"end":{"column":59,"line":212},"start":{"column":4,"line":212}},"110":{"end":{"column":39,"line":213},"start":{"column":4,"line":213}},"111":{"end":{"column":58,"line":214},"start":{"column":4,"line":214}},"112":{"end":{"column":5,"line":219},"start":{"column":4,"line":215}},"113":{"end":{"column":96,"line":216},"start":{"column":5,"line":216}},"114":{"end":{"column":25,"line":218},"start":{"column":5,"line":218}},"115":{"end":{"column":20,"line":220},"start":{"column":4,"line":220}},"116":{"end":{"column":66,"line":224},"start":{"column":2,"line":224}},"117":{"end":{"column":95,"line":225},"start":{"column":2,"line":225}},"118":{"end":{"column":33,"line":226},"start":{"column":2,"line":226}},"119":{"end":{"column":3,"line":231},"start":{"column":2,"line":227}},"120":{"end":{"column":127,"line":228},"start":{"column":3,"line":228}},"121":{"end":{"column":56,"line":230},"start":{"column":3,"line":230}},"122":{"end":{"column":26,"line":232},"start":{"column":2,"line":232}},"123":{"end":{"column":14,"line":233},"start":{"column":2,"line":233}},"124":{"end":{"column":1,"line":283},"start":{"column":0,"line":237}},"125":{"end":{"column":7,"line":238},"start":{"column":1,"line":238}},"126":{"end":{"column":11,"line":239},"start":{"column":1,"line":239}},"127":{"end":{"column":9,"line":240},"start":{"column":1,"line":240}},"128":{"end":{"column":9,"line":241},"start":{"column":1,"line":241}},"129":{"end":{"column":9,"line":242},"start":{"column":1,"line":242}},"130":{"end":{"column":9,"line":243},"start":{"column":1,"line":243}},"131":{"end":{"column":9,"line":244},"start":{"column":1,"line":244}},"132":{"end":{"column":9,"line":245},"start":{"column":1,"line":245}},"133":{"end":{"column":23,"line":246},"start":{"column":1,"line":246}},"134":{"end":{"column":21,"line":247},"start":{"column":1,"line":247}},"135":{"end":{"column":22,"line":248},"start":{"column":1,"line":248}},"136":{"end":{"column":31,"line":249},"start":{"column":1,"line":249}},"137":{"end":{"column":25,"line":250},"start":{"column":1,"line":250}},"138":{"end":{"column":20,"line":251},"start":{"column":1,"line":251}},"139":{"end":{"column":20,"line":252},"start":{"column":1,"line":252}},"140":{"end":{"column":36,"line":253},"start":{"column":1,"line":253}},"141":{"end":{"column":17,"line":255},"start":{"column":1,"line":255}},"142":{"end":{"column":21,"line":257},"start":{"column":1,"line":257}},"143":{"end":{"column":2,"line":275},"start":{"column":1,"line":258}},"144":{"end":{"column":3,"line":274},"start":{"column":2,"line":259}},"145":{"end":{"column":33,"line":261},"start":{"column":3,"line":261}},"146":{"end":{"column":38,"line":262},"start":{"column":3,"line":262}},"147":{"end":{"column":84,"line":265},"start":{"column":3,"line":265}},"148":{"end":{"column":37,"line":267},"start":{"column":3,"line":267}},"149":{"end":{"column":37,"line":268},"start":{"column":3,"line":268}},"150":{"end":{"column":39,"line":269},"start":{"column":3,"line":269}},"151":{"end":{"column":39,"line":270},"start":{"column":3,"line":270}},"152":{"end":{"column":17,"line":271},"start":{"column":3,"line":271}},"153":{"end":{"column":17,"line":272},"start":{"column":3,"line":272}},"154":{"end":{"column":56,"line":273},"start":{"column":3,"line":273}},"155":{"end":{"column":35,"line":278},"start":{"column":1,"line":278}},"156":{"end":{"column":39,"line":279},"start":{"column":1,"line":279}},"157":{"end":{"column":22,"line":281},"start":{"column":1,"line":281}},"158":{"end":{"column":2,"line":351},"start":{"column":0,"line":285}},"159":{"end":{"column":23,"line":289},"start":{"column":2,"line":289}},"160":{"end":{"column":3,"line":349},"start":{"column":2,"line":293}},"161":{"end":{"column":13,"line":294},"start":{"column":3,"line":294}},"162":{"end":{"column":11,"line":295},"start":{"column":3,"line":295}},"163":{"end":{"column":11,"line":296},"start":{"column":3,"line":296}},"164":{"end":{"column":11,"line":297},"start":{"column":3,"line":297}},"165":{"end":{"column":11,"line":298},"start":{"column":3,"line":298}},"166":{"end":{"column":9,"line":299},"start":{"column":3,"line":299}},"167":{"end":{"column":39,"line":300},"start":{"column":3,"line":300}},"168":{"end":{"column":35,"line":301},"start":{"column":3,"line":301}},"169":{"end":{"column":4,"line":306},"start":{"column":3,"line":302}},"170":{"end":{"column":27,"line":303},"start":{"column":4,"line":303}},"171":{"end":{"column":26,"line":305},"start":{"column":4,"line":305}},"172":{"end":{"column":63,"line":307},"start":{"column":3,"line":307}},"173":{"end":{"column":4,"line":332},"start":{"column":6,"line":309}},"174":{"end":{"column":5,"line":331},"start":{"column":8,"line":310}},"175":{"end":{"column":32,"line":311},"start":{"column":10,"line":311}},"176":{"end":{"column":11,"line":318},"start":{"column":10,"line":312}},"177":{"end":{"column":74,"line":313},"start":{"column":12,"line":313}},"178":{"end":{"column":74,"line":314},"start":{"column":12,"line":314}},"179":{"end":{"column":68,"line":316},"start":{"column":12,"line":316}},"180":{"end":{"column":68,"line":317},"start":{"column":12,"line":317}},"181":{"end":{"column":11,"line":326},"start":{"column":10,"line":320}},"182":{"end":{"column":76,"line":321},"start":{"column":12,"line":321}},"183":{"end":{"column":76,"line":322},"start":{"column":12,"line":322}},"184":{"end":{"column":72,"line":324},"start":{"column":12,"line":324}},"185":{"end":{"column":72,"line":325},"start":{"column":12,"line":325}},"186":{"end":{"column":25,"line":327},"start":{"column":5,"line":327}},"187":{"end":{"column":30,"line":328},"start":{"column":5,"line":328}},"188":{"end":{"column":30,"line":329},"start":{"column":5,"line":329}},"189":{"end":{"column":22,"line":330},"start":{"column":5,"line":330}},"190":{"end":{"column":4,"line":348},"start":{"column":3,"line":334}},"191":{"end":{"column":4,"line":341},"start":{"column":8,"line":335}},"192":{"end":{"column":11,"line":340},"start":{"column":10,"line":336}},"193":{"end":{"column":58,"line":337},"start":{"column":12,"line":337}},"194":{"end":{"column":95,"line":339},"start":{"column":12,"line":339}},"195":{"end":{"column":5,"line":346},"start":{"column":4,"line":344}},"196":{"end":{"column":76,"line":345},"start":{"column":5,"line":345}},"197":{"end":{"column":82,"line":347},"start":{"column":4,"line":347}}},"l":{"2":15,"5":15,"6":15,"7":15,"8":15,"11":15,"15":28,"19":12,"20":12,"21":12,"22":120,"23":108,"24":108,"25":108,"26":108,"27":108,"30":12,"34":43,"38":1596,"42":574,"43":574,"47":137,"48":137,"51":137,"52":137,"54":17,"55":17,"61":24,"62":24,"63":24,"64":24,"65":24,"66":24,"67":24,"69":24,"70":154,"71":137,"72":137,"73":137,"74":137,"81":17,"82":17,"83":17,"84":17,"85":17,"86":467,"87":467,"88":467,"89":17,"91":450,"93":467,"95":17,"96":17,"97":17,"98":17,"102":24,"103":24,"104":24,"105":24,"109":2664,"110":25858,"111":23241,"117":29,"118":29,"123":0,"124":0,"125":0,"131":0,"132":0,"133":0,"140":14,"145":43,"146":43,"147":430,"148":387,"149":29,"153":43,"157":48,"162":31,"163":31,"164":31,"166":31,"167":154,"168":137,"169":137,"170":137,"172":137,"173":137,"174":2779,"182":0,"183":0,"184":0,"185":0,"186":0,"187":0,"188":0,"189":0,"196":24,"197":24,"198":154,"199":137,"205":24,"206":24,"207":24,"208":24,"209":154,"210":137,"211":137,"212":137,"213":137,"214":137,"215":137,"216":122,"218":15,"220":137,"224":24,"225":24,"226":24,"227":24,"228":17,"230":7,"232":24,"233":24,"237":15,"238":137,"239":137,"240":137,"241":137,"242":137,"243":137,"244":137,"245":137,"246":137,"247":137,"248":137,"249":137,"250":137,"251":137,"252":137,"253":137,"255":137,"257":137,"258":137,"259":2642,"261":0,"262":0,"265":2642,"267":2642,"268":2642,"269":2642,"270":2642,"271":2642,"272":2642,"273":2642,"278":137,"279":137,"281":137,"285":15,"289":574,"293":23241,"294":2534,"295":2534,"296":2534,"297":2534,"298":2534,"299":2534,"300":2534,"301":2534,"302":2534,"303":0,"305":2534,"307":2534,"309":2534,"310":2534,"311":78554,"312":78554,"313":2534,"314":2534,"316":76020,"317":76020,"320":78554,"321":2534,"322":2534,"324":76020,"325":76020,"327":78554,"328":78554,"329":78554,"330":78554,"334":2534,"335":0,"336":0,"337":0,"339":0,"344":2534,"345":76020,"347":2534}},"../rg2/js/draw.js":{"b":{"1":[0,0],"2":[0,0],"3":[0,0],"4":[0,0],"5":[0,0,0],"6":[0,0],"7":[0,0],"8":[0,0],"9":[0,0,0,0],"10":[0,0],"11":[0,0],"12":[0,0],"13":[37,2],"14":[0,0],"15":[0,0],"16":[0,0],"17":[0,0],"18":[0,0],"19":[0,0],"20":[0,0],"21":[0,0],"22":[0,0],"23":[0,0],"24":[0,0],"25":[0,0],"26":[0,0],"27":[0,0],"28":[0,0],"29":[0,0],"30":[0,0],"31":[0,0],"32":[0,0],"33":[0,0],"34":[0,0],"35":[0,0],"36":[0,0],"37":[0,0],"38":[0,0],"39":[0,0],"40":[0,0],"41":[0,0],"42":[0,0],"43":[0,0],"44":[0,0],"45":[0,0],"46":[0,0],"47":[0,0],"48":[0,0],"49":[0,0],"50":[0,0],"51":[0,0],"52":[0,0],"53":[0,0],"54":[0,0,0],"55":[0,0],"56":[0,0],"57":[0,0],"58":[0,0,0],"59":[0,0],"60":[0,0],"61":[0,0],"62":[0,0],"63":[0,0],"64":[0,0],"65":[0,0],"66":[0,0,0],"67":[0,0],"68":[0,0,0],"69":[0,0],"70":[0,0],"71":[0,0],"72":[0,0],"73":[0,0]},"branchMap":{"1":{"line":57,"locations":[{"end":{"column":4,"line":57},"start":{"column":4,"line":57}},{"end":{"column":4,"line":57},"start":{"column":4,"line":57}}],"type":"if"},"2":{"line":61,"locations":[{"end":{"column":4,"line":61},"start":{"column":4,"line":61}},{"end":{"column":4,"line":61},"start":{"column":4,"line":61}}],"type":"if"},"3":{"line":63,"locations":[{"end":{"column":6,"line":63},"start":{"column":6,"line":63}},{"end":{"column":6,"line":63},"start":{"column":6,"line":63}}],"type":"if"},"4":{"line":65,"locations":[{"end":{"col
[...]
29":15,"330":15,"332":15,"333":12,"336":15,"337":0,"340":15,"341":0,"344":15,"345":19,"348":15,"349":10,"352":15,"353":29,"356":15,"357":0,"360":15,"361":0,"364":15,"365":0,"368":0,"371":15,"373":0,"374":0,"375":0,"379":15,"381":15,"383":15,"389":0,"390":0,"394":15,"400":0,"401":0,"405":15,"411":0,"412":0,"416":15,"421":0,"422":0,"426":15,"431":0,"432":0,"436":15,"441":0,"442":0,"446":15,"447":0,"448":0,"450":0,"454":15,"455":0,"458":15,"459":2,"462":15,"463":1,"466":15,"467":0,"468":0,"469":0,"470":0,"471":0,"472":0,"473":0,"475":0,"480":15,"482":15,"483":0,"486":15,"487":0,"490":15,"492":15,"493":0,"496":15,"497":0,"500":15,"501":0,"504":15,"505":0,"508":15,"509":0,"512":15,"513":0,"516":15,"517":0,"520":15,"521":0,"524":15,"525":59,"528":15,"529":90,"532":15,"533":70,"536":15,"537":30,"538":30,"541":15,"543":15,"544":19,"552":0,"558":15,"561":15,"562":0,"563":0,"567":15,"571":30,"575":15,"576":20,"577":10,"578":10,"580":10,"581":10,"585":15,"586":0,"587":0,"588":0,"589":0,"590":0,"591":0,"592":0,"593":0,"594":0,"595":0,"596":0,"597":0,"598":0,"601":15,"604":15,"605":15,"606":15,"608":15,"609":15,"611":15,"613":15,"614":15,"615":15,"616":15,"617":15,"620":15,"621":24,"625":15,"626":0,"629":15,"632":15,"635":15,"638":15,"639":15,"640":15,"641":15,"642":0,"644":0,"645":0,"646":0,"652":0,"657":15,"658":4464,"659":0,"661":4464,"665":15,"666":15,"667":15,"668":15,"669":15,"670":15,"671":15,"672":15,"673":15,"674":15,"675":15,"676":15,"677":15,"678":15,"679":15,"680":15,"681":15,"682":15,"683":15,"684":15,"685":15,"686":15,"687":15,"688":15,"689":15,"690":15,"691":15,"692":15,"693":15,"694":15,"695":15,"696":15,"697":15,"698":15,"699":15,"700":15,"701":15,"702":15,"703":15,"704":15,"705":15,"706":15,"707":15,"708":15,"709":15,"710":15,"711":15,"712":15,"713":15,"714":15,"715":15,"716":15,"717":15,"718":15,"721":15,"722":15,"723":15,"724":15,"725":15,"726":15,"727":15,"728":15,"729":15,"730":0,"732":15,"733":15,"734":30,"735":30,"736":30,"737":30,"738":0,"740":30,"744":15,"745":0,"750":0,"751":0,"753":0,"757":15,"758":0,"759":0,"760":0,"761":0,"762":0,"763":0,"764":0,"765":0,"766":0,"767":0,"769":0,"770":0,"771":0,"774":15,"775":0,"776":0,"777":0,"780":15,"781":15,"785":15,"786":15,"787":15,"788":2430,"790":15,"793":15,"794":15,"795":15,"796":15,"799":15,"800":0,"803":0,"807":15,"808":24,"809":24,"810":0,"814":15,"816":54,"817":54,"818":54,"819":54,"820":54,"821":54,"823":54,"825":54,"826":24,"828":30,"832":54,"833":54,"835":0,"837":54,"838":54,"841":15,"842":30,"843":30,"844":30,"846":30,"847":30,"849":30,"850":30,"851":30,"855":15,"856":40,"857":40,"859":0,"860":0,"861":0,"863":40,"865":40,"871":15,"874":2753,"876":2753,"878":2753,"879":2753,"881":2753,"883":2753,"885":2753,"887":2664,"888":2664,"889":2664,"890":0,"891":0,"892":0,"893":0,"895":2664,"896":0,"898":2664,"899":2664,"900":2664,"902":2664,"903":2215,"905":449,"910":89,"911":89,"912":89,"913":89,"918":15,"919":12,"920":12,"928":12,"934":15,"935":1,"940":1,"945":15,"946":1,"947":1,"948":1,"949":1,"950":1,"951":1,"955":0,"959":15,"960":0,"961":0,"962":0,"963":0,"964":0,"965":0,"967":0,"968":0,"969":0,"970":0,"971":0,"974":0,"979":15,"980":0,"981":0,"982":0,"983":0,"984":0,"986":0,"987":0,"988":0,"991":15,"992":0,"993":0,"994":0,"995":0,"997":0,"998":0,"999":0,"1002":0,"1004":0,"1005":0,"1006":0,"1007":0,"1008":0,"1009":0,"1010":0,"1011":0,"1012":0,"1013":0,"1014":0,"1015":0,"1016":0,"1019":0,"1020":0,"1021":0,"1025":15,"1026":0,"1027":0,"1030":15,"1031":0,"1032":0,"1035":0,"1036":0,"1037":0,"1038":0,"1039":0,"1040":0,"1041":0,"1042":0,"1047":15,"1048":0,"1049":0,"1050":0,"1052":0,"1053":0,"1056":15,"1057":0,"1058":0,"1059":0,"1060":0,"1061":0,"1065":15,"1066":13,"1067":13,"1068":13,"1069":13,"1070":13,"1073":15,"1074":0,"1075":0,"1076":0,"1079":15,"1080":0,"1081":0,"1083":0,"1087":15,"1088":13,"1089":0,"1092":0,"1093":0,"1094":0,"1096":0,"1097":0,"1099":0,"1102":0,"1103":0,"1108":15,"1109":0,"1110":0,"1111":0,"1112":0,"1115":0,"1118":0,"1119":0,"1121":0,"1124":0,"1125":0,"1130":15,"1131":15,"1132":15,"1133":15,"1134":0,"1137":15,"1138":15,"1139":15,"1140":2792,"1141":2792,"1143":15,"1144":15,"1145":2738,"1146":2738,"1148":15,"1149":15,"1150":0,"1151":0,"1153":15,"1154":15,"1155":0,"1156":0,"1158":15,"1159":15,"1160":0,"1161":0,"1163":15,"1164":15,"1165":0,"1166":0,"1167":0,"1168":0,"1169":0,"1170":0,"1171":0,"1172":0,"1173":0,"1175":15,"1176":15,"1177":2792,"1178":2792,"1179":2792,"1180":2792,"1181":2792,"1182":2792,"1183":2792,"1185":15,"1186":15,"1187":0,"1188":0,"1189":0,"1193":15,"1194":0,"1197":0,"1198":0,"1202":0,"1207":15,"1209":357037,"1212":15,"1213":12,"1214":12,"1215":12,"1216":12,"1217":12,"1218":12,"1219":12,"1221":12,"1222":0,"1224":12,"1225":12,"1227":12,"1228":12,"1229":12,"1230":12,"1231":12,"1232":0,"1234":12,"1235":12,"1236":12,"1237":12,"1238":12,"1239":12,"1240":12,"1241":12,"1244":12,"1245":12,"1248":15,"1250":15,"1251":15,"1253":9,"1254":9,"1259":15,"1261":24,"1263":24,"1264":24,"1265":24,"1266":24,"1267":24,"1268":24,"1269":24,"1270":24,"1271":24,"1272":24,"1273":24,"1274":24,"1276":24,"1281":24,"1282":24,"1283":24,"1284":137,"1286":24,"1287":24,"1288":24,"1289":24,"1290":24,"1292":0,"1297":15,"1298":54,"1299":54,"1300":54,"1301":54,"1302":0,"1303":0,"1304":0,"1306":0,"1308":54,"1309":7,"1311":47,"1315":15,"1317":24,"1318":24,"1321":15,"1322":24,"1323":24,"1328":24,"1329":24,"1330":24,"1332":24,"1333":17,"1335":24,"1336":24,"1337":7,"1338":7,"1339":7,"1341":24,"1342":24,"1344":0,"1348":15,"1349":24,"1350":24,"1355":24,"1356":24,"1358":24,"1359":17,"1361":24,"1362":24,"1363":24,"1364":24,"1365":24,"1366":0,"1368":24,"1369":24,"1370":24,"1372":24,"1375":24,"1376":24,"1378":24,"1379":24,"1380":24,"1381":22,"1382":0,"1385":2,"1388":24,"1389":24,"1390":24,"1391":24,"1392":24,"1393":24,"1394":15,"1395":15,"1397":24,"1398":24,"1399":15,"1400":15,"1403":24,"1404":24,"1405":24,"1407":0,"1411":15,"1413":24,"1416":24,"1417":0,"1418":0,"1419":0,"1421":0,"1423":0,"1425":0,"1427":0,"1429":0,"1430":0,"1433":24,"1434":0,"1435":0,"1437":0,"1439":0,"1441":0,"1442":0,"1444":0,"1446":0,"1447":0,"1450":24,"1451":0,"1452":0,"1453":0,"1455":0,"1457":0,"1459":0,"1460":0,"1463":24,"1464":0,"1465":0,"1467":0,"1469":0,"1471":0,"1473":0,"1474":0,"1478":15,"1479":5284,"1480":5284,"1481":2700,"1483":5284,"1486":15,"1488":0,"1489":0,"1490":0,"1491":0,"1492":0,"1493":0,"1496":0,"1502":15,"1503":0,"1504":0,"1506":0,"1507":0,"1508":0,"1509":0,"1511":0,"1512":0,"1515":0,"1516":0,"1518":0,"1522":15,"1523":0,"1524":0,"1526":0,"1527":0,"1528":0,"1529":0,"1530":0,"1532":0,"1536":15,"1537":0,"1538":0,"1540":0,"1541":0,"1542":0,"1543":0,"1544":0,"1546":0,"1551":15,"1552":496,"1553":496,"1554":496,"1555":496,"1556":496,"1557":96,"1559":400,"1561":496,"1564":15,"1566":24,"1568":24,"1569":24,"1571":24,"1573":24,"1576":24,"1578":43,"1579":43,"1580":43,"1581":29,"1583":29,"1585":14,"1587":14,"1589":14,"1591":43,"1592":43,"1595":24,"1596":0,"1597":0,"1600":24,"1601":41,"1602":28,"1604":13,"1606":41,"1607":41,"1610":24,"1611":109,"1612":69,"1614":40,"1616":109,"1620":24,"1621":0,"1622":0,"1623":0,"1624":0,"1625":0,"1626":0,"1627":0,"1629":0,"1632":0,"1633":0,"1635":0,"1637":0,"1639":0,"1640":0,"1644":24,"1645":42,"1646":42,"1647":42,"1648":42,"1649":42,"1650":42,"1652":21,"1654":21,"1657":42,"1661":24,"1662":7,"1664":17,"1671":15,"1672":1596,"1675":15,"1676":28,"1679":15,"1680":137,"1683":15,"1684":2534,"1687":15,"1688":76020,"1691":15,"1692":2534,"1695":15,"1696":846,"1699":15,"1700":19,"1703":15,"1704":0,"1707":15,"1708":39,"1711":15,"1712":574,"1715":15,"1716":0,"1719":15,"1720":0,"1723":15,"1724":0,"1727":15,"1728":0,"1731":15,"1732":0,"1735":15,"1736":199,"1739":15,"1740":199,"1743":15,"1744":8,"1747":15,"1748":2534,"1749":2534,"1750":2534,"1751":2534,"1754":15,"1755":0,"1758":15,"1759":0,"1762":15,"1763":0,"1766":15,"1767":0,"1770":15,"1771":0,"1774":15,"1775":5214,"1778":15,"1779":2534,"1782":2534,"1786":2534,"1788":2534,"1789":2534,"1790":2534,"1792":2534,"1793":2534,"1794":2534,"1795":2534,"1796":2534,"1797":2534,"1798":2534,"1801":15,"1803":48947,"1806":15,"1807":41217,"1810":15,"1811":2664,"1814":15,"1815":2664,"1818":15,"1819":0,"1822":15,"1823":0,"1826":15,"1827":0,"1830":15,"1831":821,"1833":15,"1834":0,"1837":15,"1838":0,"1841":15,"1901":15}},"../rg2/js/runner.js":{"b":{"1":[793,53],"2":[0,846],"3":[201,645],"4":[846,0],"5":[845,1],"6":[26174,21]},"branchMap":{"1":{"line":15,"locations":[{"end":{"column":1,"line":15},"start":{"column":1,"line":15}},{"end":{"column":1,"line":15},"start":{"column":1,"line":15}}],"type":"if"},"2":{"line":21,"locations":[{"end":{"column":1,"line":21},"start":{"column":1,"line":21}},{"end":{"column":1,"line":21},"start":{"column":1,"line":21}}],"type":"if"},"3":{"line":63,"locations":[{"end":{"column":1,"line":63},"start":{"column":1,"line":63}},{"end":{"column":1,"line":63},"start":{"column":1,"line":63}}],"type":"if"},"4":{"line":133,"locations":[{"end":{"column":1,"line":133},"start":{"column":1,"line":133}},{"end":{"column":1,"line":133},"start":{"column":1,"line":133}}],"type":"if"},"5":{"line":134,"locations":[{"end":{"column":4,"line":134},"start":{"column":4,"line":134}},{"end":{"column":4,"line":134},"start":{"column":4,"line":134}}],"type":"if"},"6":{"line":137,"locations":[{"end":{"column":8,"line":137},"start":{"column":8,"line":137}},{"end":{"column":8,"line":137},"start":{"column":8,"line":137}}],"type":"if"}},"f":{"1":846},"fnMap":{"1":{"line":4,"loc":{"end":{"column":26,"line":4},"start":{"column":0,"line":4}},"name":"Runner"}},"path":"../rg2/js/runner.js","s":{"1":15,"2":846,"3":846,"4":846,"5":846,"6":846,"7":846,"8":846,"9":846,"10":846,"11":846,"12":793,"13":53,"14":846,"15":0,"16":0,"17":0,"18":0,"19":0,"20":846,"21":846,"22":846,"23":846,"24":846,"25":846,"26":846,"27":846,"28":846,"29":846,"30":846,"31":846,"32":846,"33":846,"34":846,"35":846,"36":846,"37":846,"38":846,"39":846,"40":846,"41":846,"42":846,"43":846,"44":846,"45":846,"46":846,"47":846,"48":846,"49":846,"50":201,"51":201,"52":201,"53":201,"54":201,"55":201,"56":201,"57":201,"58":116409,"59":116409,"60":116409,"61":116409,"62":116409,"63":116409,"64":116409,"65":116409,"66":116409,"67":541648,"68":541648,"69":541648,"70":116409,"71":116409,"72":116409,"73":116409,"74":116409,"75":116409,"76":116409,"77":645,"78":645,"79":645,"80":645,"81":645,"82":645,"83":645,"84":645,"85":19995,"86":19995,"87":19995,"88":19995,"89":19995,"90":19995,"91":19995,"92":19995,"93":19995,"94":2726339,"95":2726339,"96":2726339,"97":19995,"98":19995,"99":19995,"100":19995,"101":19995,"102":19995,"103":19995,"104":846,"105":846,"106":846,"107":846,"108":846,"109":845,"110":26195,"111":26174,"112":21,"113":26195,"114":26195,"115":1,"116":1,"117":846,"118":846},"statementMap":{"1":{"end":{"column":1,"line":154},"start":{"column":0,"line":4}},"2":{"end":{"column":9,"line":5},"start":{"column":1,"line":5}},"3":{"end":{"column":12,"line":6},"start":{"column":1,"line":6}},"4":{"end":{"column":35,"line":7},"start":{"column":1,"line":7}},"5":{"end":{"column":22,"line":8},"start":{"column":1,"line":8}},"6":{"end":{"column":30,"line":9},"start":{"column":1,"line":9}},"7":{"end":{"column":26,"line":11},"start":{"column":1,"line":11}},"8":{"end":{"column":32,"line":12},"start":{"column":1,"line":12}},"9":{"end":{"column":26,"line":13},"start":{"column":1,"line":13}},"10":{"end":{"column":26,"line":14},"start":{"column":1,"line":14}},"11":{"end":{"column":3,"line":19},"start":{"column":1,"line":15}},"12":{"end":{"column":43,"line":16},"start":{"column":4,"line":16}},"13":{"end":{"column":34,"line":18},"start":{"column":4,"line":18}},"14":{"end":{"column":2,"line":30},"start":{"column":1,"line":21}},"15":{"end":{"column":16,"line":22},"start":{"column":4,"line":22}},"16":{"end":{"column":33,"line":23},"start":{"column":4,"line":23}},"17":{"end":{"column":26,"line":24},"start":{"column":4,"line":24}},"18":{"end":{"column":26,"line":25},"start":{"column":4,"line":25}},"19":{"end":{"column":34,"line":26},"start":{"column":4,"line":26}},"20":{"end":{"column":48,"line":28},"start":{"column":4,"line":28}},"21":{"end":{"column":32,"line":32},"start":{"column":2,"line":32}},"22":{"end":{"column":55,"line":34},"start":{"column":1,"line":34}},"23":{"end":{"column":13,"line":35},"start":{"column":1,"line":35}},"24":{"end":{"column":13,"line":36},"start":{"column":1,"line":36}},"25":{"end":{"column":28,"line":38},"start":{"column":1,"line":38}},"26":{"end":{"column":35,"line":39},"start":{"column":1,"line":39}},"27":{"end":{"column":29,"line":40},"start":{"column":1,"line":40}},"28":{"end":{"column":25,"line":41},"start":{"column":1,"line":41}},"29":{"end":{"column":25,"line":42},"start":{"column":1,"line":42}},"30":{"end":{"column":27,"line":43},"start":{"column":1,"line":43}},"31":{"end":{"column":23,"line":44},"start":{"column":1,"line":44}},"32":{"end":{"column":18,"line":45},"start":{"column":1,"line":45}},"33":{"end":{"column":22,"line":46},"start":{"column":1,"line":46}},"34":{"end":{"column":9,"line":47},"start":{"column":1,"line":47}},"35":{"end":{"column":9,"line":48},"start":{"column":1,"line":48}},"36":{"end":{"column":25,"line":49},"start":{"column":1,"line":49}},"37":{"end":{"column":25,"line":50},"start":{"column":1,"line":50}},"38":{"end":{"column":14,"line":51},"start":{"column":1,"line":51}},"39":{"end":{"column":11,"line":52},"start":{"column":1,"line":52}},"40":{"end":{"column":11,"line":53},"start":{"column":1,"line":53}},"41":{"end":{"column":11,"line":54},"start":{"column":1,"line":54}},"42":{"end":{"column":14,"line":55},"start":{"column":1,"line":55}},"43":{"end":{"column":13,"line":56},"start":{"column":1,"line":56}},"44":{"end":{"column":7,"line":57},"start":{"column":1,"line":57}},"45":{"end":{"column":8,"line":58},"start":{"column":1,"line":58}},"46":{"end":{"column":10,"line":59},"start":{"column":1,"line":59}},"47":{"end":{"column":20,"line":60},"start":{"column":1,"line":60}},"48":{"end":{"column":9,"line":61},"start":{"column":1,"line":61}},"49":{"end":{"column":2,"line":127},"start":{"column":1,"line":63}},"50":{"end":{"column":28,"line":65},"start":{"column":2,"line":65}},"51":{"end":{"column":28,"line":66},"start":{"column":2,"line":66}},"52":{"end":{"column":28,"line":67},"start":{"column":2,"line":67}},"53":{"end":{"column":24,"line":68},"start":{"column":2,"line":68}},"54":{"end":{"column":24,"line":69},"start":{"column":2,"line":69}},"55":{"end":{"column":15,"line":70},"start":{"column":2,"line":70}},"56":{"end":{"column":11,"line":71},"start":{"column":2,"line":71}},"57":{"end":{"column":3,"line":94},"start":{"column":2,"line":73}},"58":{"end":{"column":24,"line":74},"start":{"column":3,"line":74}},"59":{"end":{"column":24,"line":75},"start":{"column":3,"line":75}},"60":{"end":{"column":23,"line":76},"start":{"column":3,"line":76}},"61":{"end":{"column":23,"line":77},"start":{"column":3,"line":77}},"62":{"end":{"column":94,"line":78},"start":{"column":3,"line":78}},"63":{"end":{"column":30,"line":79},"start":{"column":3,"line":79}},"64":{"end":{"column":29,"line":80},"start":{"column":3,"line":80}},"65":{"end":{"column":35,"line":81},"start":{"column":3,"line":81}},"66":{"end":{"column":4,"line":86},"start":{"column":3,"line":82}},"67":{"end":{"column":73,"line":83},"start":{"column":4,"line":83}},"68":{"end":{"column":73,"line":84},"start":{"column":4,"line":84}},"69":{"end":{"column":91,"line":85},"start":{"column":4,"line":85}},"70":{"end":{"column":26,"line":87},"start":{"column":3,"line":87}},"71":{"end":{"column":26,"line":88},"start":{"column":3,"line":88}},"72":{"end":{"column":39,"line":89},"start":{"column":3,"line":89}},"73":{"end":{"column":15,"line":90},"start":{"column":3,"line":90}},"74":{"end":{"column":15,"line":91},"start":{"column":3,"line":91}},"75":{"end":{"column":19,"line":92},"start":{"column":3,"line":92}},"76":{"end":{"column":27,"line":93},"start":{"column":3,"line":93}},"77":{"end":{"column":26,"line":98},"start":{"column":2,"line":98}},"78":{"end":{"column":26,"line":99},"start":{"column":2,"line":99}},"79":{"end":{"column":28,"line":100},"start":{"column":2,"line":100}},"80":{"end":{"column":22,"line":101},"start":{"column":2,"line":101}},"81":{"end":{"column":22,"line":102},"start":{"column":2,"line":102}},"82":{"end":{"column":15,"line":103},"start":{"column":2,"line":103}},"83":{"end":{"column":11,"line":104},"start":{"column":2,"line":104}},"84":{"end":{"column":3,"line":126},"start":{"column":2,"line":105}},"85":{"end":{"column":27,"line":106},"start":{"column":3,"line":106}},"86":{"end":{"column":27,"line":107},"start":{"column":3,"line":107}},"87":{"end":{"column":23,"line":108},"start":{"column":3,"line":108}},"88":{"end":{"column":23,"line":109},"start":{"column":3,"line":109}},"89":{"end":{"column":94,"line":110},"start":{"column":3,"line":110}},"90":{"end":{"column":30,"line":111},"start":{"column":3,"line":111}},"91":{"end":{"column":39,"line":112},"start":{"column":3,"line":112}},"92":{"end":{"column":45,"line":113},"start":{"column":3,"line":113}},"93":{"end":{"column":4,"line":118},"start":{"column":3,"line":114}},"94":{"end":{"column":78,"line":115},"start":{"column":4,"line":115}},"95":{"end":{"column":78,"line":116},"start":{"column":4,"line":116}},"96":{"end":{"column":91,"line":117},"start":{"column":4,"line":117}},"97":{"end":{"column":31,"line":119},"start":{"column":3,"line":119}},"98":{"end":{"column":31,"line":120},"start":{"column":3,"line":120}},"99":{"end":{"column":44,"line":121},"start":{"column":3,"line":121}},"100":{"end":{"column":15,"line":122},"start":{"column":3,"line":122}},"101":{"end":{"column":15,"line":123},"start":{"column":3,"line":123}},"102":{"end":{"column":19,"line":124},"start":{"column":3,"line":124}},"103":{"end":{"column":37,"line":125},"start":{"column":3,"line":125}},"104":{"end":{"column":30,"line":130},"start":{"column":1,"line":130}},"105":{"end":{"column":37,"line":131},"start":{"column":1,"line":131}},"106":{"end":{"column":49,"line":132},"start":{"column":2,"line":132}},"107":{"end":{"column":2,"line":150},"start":{"column":1,"line":133}},"108":{"end":{"column":3,"line":149},"start":{"column":4,"line":134}},"109":{"end":{"column":7,"line":144},"start":{"column":6,"line":135}},"110":{"end":{"column":9,"line":141},"start":{"column":8,"line":137}},"111":{"end":{"column":36,"line":138},"start":{"column":10,"line":138}},"112":{"end":{"column":31,"line":140},"start":{"column":10,"line":140}},"113":{"end":{"column":84,"line":142},"start":{"column":8,"line":142}},"114":{"end":{"column":123,"line":143},"start":{"column":8,"line":143}},"115":{"end":{"column":80,"line":147},"start":{"column":6,"line":147}},"116":{"end":{"column":87,"line":148},"start":{"column":6,"line":148}},"117":{"end":{"column":9,"line":152},"start":{"column":1,"line":152}},"118":{"end":{"column":12,"line":153},"start":{"column":1,"line":153}}},"l":{"4":15,"5":846,"6":846,"7":846,"8":846,"9":846,"11":846,"12":846,"13":846,"14":846,"15":846,"16":793,"18":53,"21":846,"22":0,"23":0,"24":0,"25":0,"26":0,"28":846,"32":846,"34":846,"35":846,"36":846,"38":846,"39":846,"40":846,"41":846,"42":846,"43":846,"44":846,"45":846,"46":846,"47":846,"48":846,"49":846,"50":846,"51":846,"52":846,"53":846,"54":846,"55":846,"56":846,"57":846,"58":846,"59":846,"60":846,"61":846,"63":846,"65":201,"66":201,"67":201,"68":201,"69":201,"70":201,"71":201,"73":201,"74":116409,"75":116409,"76":116409,"77":116409,"78":116409,"79":116409,"80":116409,"81":116409,"82":116409,"83":541648,"84":541648,"85":541648,"87":116409,"88":116409,"89":116409,"90":116409,"91":116409,"92":116409,"93":116409,"98":645,"99":645,"100":645,"101":645,"102":645,"103":645,"104":645,"105":645,"106":19995,"107":19995,"108":19995,"109":19995,"110":19995,"111":19995,"112":19995,"113":19995,"114":19995,"115":2726339,"116":2726339,"117":2726339,"119":19995,"120":19995,"121":19995,"122":19995,"123":19995,"124":19995,"125":19995,"130":846,"131":846,"132":846,"133":846,"134":846,"135":845,"137":26195,"138":26174,"140":21,"142":26195,"143":26195,"147":1,"148":1,"152":846,"153":846}}}